00728081 t BW_XORINNER
0072803e t BW_XORLOOP
0071f630 T Bottom
0072a86c t CB_ALIGNED
0072a880 t CB_DEST_ST
0072a854 t CB_NO_STRADDLE
00723ff0 T Control
0071f650 T Current
0071f550 T Delete
0072cbe8 B ENDAREA
00729a9a t FCLEAR
00729aa2 t FCLR
00729b03 t FOR
00729b65 t FSTORE
00729a39 t FXOR
0072cbd0 B F_rectf
00729acc t Fclr_4
00729b2e t For_4
00726228 T GCalloc
0072caa8 B HIWATER
00728920 T Jclipline
0072cbd8 B Jdmajor
0072cbda B Jdminor
007294f8 T Jmajor
00729490 T Jminor
0072b398 D Jrect
00001bb0 f Jrect.c
007296d0 T Jsetdda
00729580 T Jsetline
0072cbde B Jslopeneg
0072cbdc B Jxmajor
00726500 t LLdownback
0072caac B LOWATER
00726b90 t Lblt
007270e8 T Lbox
00726588 t Ldownback
00727150 T Lgrey
00726d48 t Lrectf
00726db0 t Lsegment
00727198 t Lsetvis
00726e40 t Ltexture
00726fa0 t Lupfront
0071fa30 T Move
0072ea68 O NPROC
0071f500 T New
0072cac0 B Null
0071e700 T P
0072cb58 B Pkp
0071f520 T Psend
007253f0 T Rectf
00724190 T Reply
0071f8b8 T Reshape
00724210 T Retry
0072cb60 B Sbufp
0072cb66 B Scount
0071f308 T Sw
0071e700 T Sys
0071f610 T Top
00721d80 T Uaddr
00721250 T Ualloc
00721270 T Uballoc
00721a90 T Ubitblt
007214b8 T Ucursallow
00721560 T Ucursinhibit
00721528 T Ucursset
007215d0 T Ucursswitch
007212a0 T Uexit
00721378 T Ukbdchar
00721d30 T Unewproc
00721d58 T Unewwindow
00721e40 T Uogetrect
007213b0 T Uown
00721a30 T Upoint
00721350 T Urcvchar
00721b18 T Urectf
007212c8 T Urequest
00721ce0 T Uscreenswap
00721bc8 T Usegment
007219f8 T Usendchar
00721c28 T Utexture
00721438 T Uwait
00728df8 T _line
0071e870 T _start
0072a8a0 T abs
00001deb f abs.c
00001d3c f acia.c
00729bd8 T aciainit
00729dc0 T aciapaws
00729cd0 T aciatrint
00727408 T add
00727208 T addr
00722b08 T advance
0071f170 T alarm
00727358 T alloc
00001bcd f alloc.c
0072b3a0 d allocb
0072cbe4 B allocendp
00727230 T allocinit
0072cbe0 B allocstartp
0072b178 d alphanl
00001bf9 f arith.c
0072a240 T auto1
0072a3f0 T auto2
00729e60 T auto4
00727730 T balloc
00001c0d f balloc.c
0072c490 D baud_speeds
00727760 T bfree
00729e40 T binit
00727788 T bitblt
00001c1b f bitblt.c
0072b428 d bits
0071ed38 T bldargs
0072b328 D blitdir
0072c58c B blocked
0071ea30 T boot
00000130 f boot.c
00720490 T border
0072c24c D botbits
0072aa38 D boxcurs
00001ddf f bram.c
0072cab0 B buf
00722190 T bufinit
0072aa18 D bullseye
00723798 T but1func
00723810 T but2func
00723878 T but3func
0072b228 D butfunc
0071f2e0 T buttons
00001d4c f buttons.c
0072b1bc d c
0072c380 d c_ll
0072c3c0 d c_lr
0072c360 d c_ul
0072c3a0 d c_ur
0071e930 T callps
0071f678 T canon
00720670 T cansend
0072b170 d cbreak
0072cc60 B cbuf_next
0072e060 B cbuf_word
00729440 T ceil
00725a90 T charofpt
0072a758 T checkbram
00723758 T checkmouse
00720440 T clear
00721f28 T clearname
00001c2b f clip.c
00723490 T clixtopix
0071eef8 T clockroutine
00725968 T closeframe
0072ab28 d cmd
007288d8 t code
00000250 f comm.c
00728cf8 t compact
0072cab8 B complete
0071f350 T control
00721110 T copy
007209a8 T copyb
00725c98 T cpl
00723bf0 T crc
0072b278 D crc16t_32
0072b174 d crmod
0072a9d8 D cup
0072c594 B cur
00729f60 T cursallow
0072a820 T cursblt
0072cc3c B cursbm
0071ea28 T curse
00729f08 T cursinhibit
0072a200 T cursinit
0072cc14 B cursor
00001d86 f cursor.c
0072a158 T cursset
0072a2d8 T cursswitch
0072cc10 B curtabp
00723118 T cut
0072cb64 B dcount
0072a9f8 D deadmouse
0071fc30 T debug
0072c598 B debugger
0072c408 D defkeymap
0072bd3c D defont
00001c35 f defont.c
0071f570 T delete
0071ffa0 T delim
00726498 T dellayer
00001ade f dellayer.c
0071f5d8 T delproc
00726400 T delstring
0072b370 d delta
00724da8 T deltext
000012da f deltext.c
00722d58 T deltype
007206c8 T demux
000006a8 f demux.c
00726a18 t destop
00729de0 T disconnect
0072c158 D display
00001c3d f display.c
007274d0 T div
0071fcc8 T dobutton
00720820 T doctl
0072c5a8 B doubleclickOK
007265d8 T downback
00001af2 f downback.c
00725288 T draw
007258b8 T drawframe
00723510 T drawscrollbar
0072cbec B dtr
00729d80 T dtrctl
0072b16c d echo
0072c560 A edata
0072b1e0 d editmenu
0072b1c8 d editstrs
0072aa58 D eightball
00729a33 t end
0072ea68 A end
0072cb68 B endpoint
00727608 T eqpt
00727628 T eqrect
007211c8 T error
0072a9c0 A etext
0071ea08 T excep_int
0071e990 T excep_norm
0071ea08 T excep_proc
0071e9e8 T excep_stack
0071c320 O excep_tab
00720ba0 T exec
0000079d f exec.c
00720b38 T execsw
00724d58 t flip
0072a198 t flipcursor
007293f0 T floor
007256b8 T fralloc
007250a0 T frameop
00001461 f frameop.c
00727378 T free
00727398 T freeall
0072ea60 B freelist
0072ea64 B freemark
0071eed0 T freemem
00725888 T frfree
007257f8 T frinit
00725dd0 T frselect
00725710 T frsetrects
00728c60 T gcalloc
00001c5e f gcalloc.c
00728c80 T gcfree
00728cc0 T gcfreeall
00728b60 T gcinit
0072cb6c B genbuf
0071edb8 T getchar
0071ee30 T getlong
007221e0 T getmuxbuf
00721e70 T getname
0071fc48 T getproc
0071fcb0 T getproctab
0071f880 T getrect
0071f700 T getrectb
00722a90 T getto
0071f0b8 T givemouse
0072b208 D grey
007238f0 T guide
0072b010 d hex
0071e8d0 T host_int
0071c0f0 O host_pcb
0071cc10 O hoststk
0072a8c0 T index
00001df7 f index.c
0072b150 d inhibited
00722a20 T inschar
0072cabc B inscomplete
00722b40 T insertstring
00722b68 T inserttype
00727468 T inset
00726388 T insstring
00725428 T instext
00001582 f instext.c
00722e88 T instype
00726288 T insure
0071c2d0 O int_pcb
0072cc50 B interrupt
007261e8 T isalnum
0071c3f0 O istack
00721178 T itox
00000546 f jerq.h
00720250 T jline
0072c350 d jmptbl
007298c0 T jstrwidth
00722568 T kbd
00001d9e f kbd.c
0072a350 T kbdchar
0072a370 T kbdinit
0072aa78 D kbdproc
0072c5b4 B kbdrepeat
0072a4e0 T kbdrpt
0072cc5c B kbdstatus
0072b1c0 d kbdstr
000007ad f key.c
0071e8c0 T key_int
0071c1e0 O key_pcb
0071d0c0 O keystk
0072abb8 D kmap
0072b2c4 d lasty
00726920 T layerop
00001b03 f layerop.c
0072cbd4 B lback
00726a78 T lbitblt
00001b18 f lbitblt.c
00726be8 T lblt
00001b28 f lblt.c
00001b90 f lbox.c
00729a82 t less4
00729aeb t less4clr
00729b4d t less4or
0072ca0c B lfront
00001c6a f line.c
007224a0 T linecurse
00725d98 T lineno
00001c90 f linesub.c
0072afb8 d lower
00726c60 T lpoint
00001b34 f lpoint.c
0072c404 d lr
00726d78 T lrectf
00001b44 f lrectf.c
00726de8 T lsegment
00001b54 f lsegment.c
0072b2d0 d ltbrack
00726e78 T ltexture
00001b64 f ltexture.c
00726730 T mRlayerop
0071f1a0 T main
0071c3a0 O main_pcb
0071d700 O mainstk
00720c80 T mapchar
00729a8d t mask2ok
00729b58 t mask2or
00001c98 f masks.c
00725f40 T matchit
00720348 T max
0072c488 D maxaddr
0072aa9c D menufn
007244d8 T menuhit
000011ba f menuhit.c
0072aa7c D menutext
00722520 T mesg
00720328 T min
00729a63 t more4
0071e8a2 t mous_chk
0072c5a0 B mouse
00726448 T movstring
0072b154 d mrfont
00729af6 t msk2clr
0071e8b8 t msvid_exit
0071e880 T msvid_int
0071c230 O msvid_pcb
0071d250 O msvidstk
00727510 T mul
007201b0 T muxkill
007201e0 T muxmesg
007200b0 T muxnewwind
00720168 T muxsendchar
00720200 T muxublk
0072a2b0 T nap
00722958 T nback
0072b2c0 d nc
0072aba8 d ncmd
000016cf f newframe.c
00726eb0 T newlayer
00001b70 f newlayer.c
00720ce0 T newproc
00729e90 T newquad
0071fe00 T newwindow
0072b32c d nextcase
0072c170 d nextlong
00725050 T nexttab
0072b158 d nlist
0072afd0 D normalmsg
007229e8 T notin
00729a16 t notnarrow
0072cc54 B old
00723bb0 T oldlinepos
0072c2d0 d ones
00725308 T opclear
00725c68 T opcpl
00725218 T opdraw
007253a8 T opnull
007252b0 T oprectf
00725f08 T order
00721668 T ostring
0071e8f8 T out_int
0071c140 O out_pcb
00720280 T outline
0071cda0 O outstk
00723190 T paste
0072c5b0 B patch
0072c5ac B patchedspot
0072cb5c B pbufp
00000016 f pcbs.c
00000f02 f pcheck.c
0072a9c4 D pconfig
0072c5b8 B pconvs
0072cac8 B pconvsend
0071ea28 T pfkey
00723cc0 T pinit
00000f58 f pinit.c
0071e908 T pioh_int
0071c190 O pioh_pcb
0071cf30 O piohstk
0071e918 T piol_int
0071c280 O piol_pcb
0071d3e0 O piolstk
007234d0 T pixtoclix
00723d98 T precv
00000fcc f precv.c
0072cad4 B precvpkt
0071c050 O proc_pcb
0071c8f0 O procstk
0072ea6c O proctab
00724298 T psend
0000102b f psend.c
0072cacc B pseqtable
0071ea28 T pt
007243c0 T ptimeout
00001084 f ptimeout.c
00729730 T ptinrect
00001ca4 f ptinrect.c
00725a18 T ptofchar
00001846 f ptofchar.c
00721ef0 T putname
0072a6d0 T qclear
0072a648 T qgetc
0072a508 T qinit
0072a730 T qpeekc
0072a558 T qputc
0072a610 T qputstr
00001dbe f queue.c
0072c568 B queues
0072aae8 d r
007253b8 T rXOR
007275a8 T raddp
0072b168 d raw
00722258 T rcv
00729c78 T rcvchar
00727280 T realalloc
00727660 T realballoc
00728b98 T realgcalloc
0071e928 T realtime
00720720 T reboot
0072ca10 B rebootflag
00729760 T rectXrect
00001cb0 f rectXrect.c
00729790 T rectclip
00001cbc f rectclip.c
00729800 T rectf
00001cc9 f rectf.c
00720738 T recvchars
00729b60 t rest_or
00720d60 T restart
00729afe t restclr
00729a21 t restcode
00729a95 t restloop
0071e938 T resume
0071e940 T retps
0071ea28 T ringbell
0072cc58 B rptcount
00727548 T rsubp
0072b2d8 d rtbrack
0072b2e0 d same
00729838 T screenswap
00001cd5 f screenswap.c
00722cb8 T scrlb
00722be8 T scrlf
0072ca14 B scrltimeout
00723a90 T scroll
00723918 T scrollbar
007233f0 T scrollclip
00725d40 T scrollcpl
00723420 T scrollmark
0072b1ec d scrollstrs
0072c59c B second
007293a0 T segment
00001986 f select.c
00725350 T selectf
007231f0 T send
00729d38 T sendbreak
0072ca08 B sendbusy
00729ca8 T sendchar
00720ac0 T sendcmd
0071fee8 T sendnchars
007233a0 T sendoldtext
0071ffd0 T sendpkt
00723320 T sendsubstr
0071ff30 T sendwithdelim
007205f0 T setborder
0072a7d0 T setbram
00725bd0 T setcpl
0071ed88 T setdata
00722230 T setmuxbuf
00723610 T setscroll
007259f0 T setsel
00001dc6 f setup.c
007271b8 T setvis
00001ba0 f setvis.c
00729ff0 t setxy
007209d8 T shellproc
0071ee60 T shutdown
0071f0f0 T sleep
007230c0 T snarf
0071e948 T spl0
0071e958 T spl1
0071e958 T spl4
0071e968 T spl5
0071e968 T spl6
0071e968 T spl7
0071e978 T splx
007269d0 t srcop
00729bb6 t st4less
0071c0a0 O stack_pcb
0071ca80 O stackstk
00725b98 T startline
0072c3e0 D stdcurtab
00729bc1 t sto2ok
00729bcc t stoloop
00729b97 t store4
0072a8f0 T strcat
00001e03 f strcat.c
0072a930 T strcmp
00001e0f f strcmp.c
0072a968 T strcpy
00001e1b f strcpy.c
0072bd28 d strike
007217b8 T string
00001ad2 f string.c
0072a998 T strlen
00001e27 f strlen.c
0071d570 O strstk
007298e0 T strwidth
00001ce5 f strwidth.c
00726340 T strzero
0071c4f0 O ststk
00727438 T sub
00720dd0 T sw
00720e58 T swinit
00720e00 T switcher
0072ca58 B swpcbp
0072ca18 B swstk
0072b2b8 d table
007244b8 t tablegen
000008aa f task.c
0071ea28 T test32
00729928 T texture
00001d10 f texture.c
00729978 T texture32
0072c59e B ticks
0072c560 B ticks0
007203b8 T tolayer
0072c1c8 D topbits
00720ec8 T trap
000009be f trap.c
0072afc0 D trapmsg
00729da0 T tstdcd
0072c590 B ublocked
0072c400 d ud
00729f80 t update
00727010 T upfront
00001b80 f upfront.c
00000bca f user.c
0072cbf0 B usercurtab
0072a9c0 D usermouse
0072c498 D val_baud
0072c4c4 D val_duplex
0072c4dc D val_indx
0072c4cc D val_keytone
0072c4f4 D val_maxes
0072c4bc D val_newline
0072c4b0 D val_retkey
0072c4d4 D val_screencolor
00722ed8 T wbuttons
0072aac8 d which
0071fdd8 T whichbutton
00720368 T whichlayer
0071fd80 T whichproc
00000eed f window.c
0072aabc D windowmenu
00721f58 T windowproc
0072b2c8 d wrapped
0072c1c0 d x0
0072cc2c B xdata
0072c1c4 d y0
0072cc34 B ydata
0072b160 d zerostr
00720c10 T zombexec
00720b68 T zombsw
