00728029 t BW_XORINNER
00727fe6 t BW_XORLOOP
0071f630 T Bottom
0072a90c t CB_ALIGNED
0072a920 t CB_DEST_ST
0072a8f4 t CB_NO_STRADDLE
00723f98 T Control
0071f650 T Current
0071f550 T Delete
0072e398 B ENDAREA
00729a42 t FCLEAR
00729a4a t FCLR
00729aab t FOR
00729b0d t FSTORE
007299e1 t FXOR
0072e380 B F_rectf
00729a74 t Fclr_4
00729ad6 t For_4
007261d0 T GCalloc
0072e258 B HIWATER
007288c8 T Jclipline
0072e388 B Jdmajor
0072e38a B Jdminor
007294a0 T Jmajor
00729438 T Jminor
0072b030 D Jrect
00729678 T Jsetdda
00729528 T Jsetline
0072e38e B Jslopeneg
0072e38c B Jxmajor
007264a8 t LLdownback
0072e25c B LOWATER
00726b38 t Lblt
00727090 T Lbox
00726530 t Ldownback
007270f8 T Lgrey
00726cf0 t Lrectf
00726d58 t Lsegment
00727140 t Lsetvis
00726de8 t Ltexture
00726f48 t Lupfront
0071fa30 T Move
00730220 O NPROC
0071f500 T New
0072e270 B Null
0071e700 T P
0072e308 B Pkp
0071f520 T Psend
00725398 T Rectf
00724138 T Reply
0071f8b8 T Reshape
007241b8 T Retry
0072e310 B Sbufp
0072e316 B Scount
0071f308 T Sw
0071e700 T Sys
0071f610 T Top
00721d20 T Uaddr
007211f0 T Ualloc
00721210 T Uballoc
00721a30 T Ubitblt
00721458 T Ucursallow
00721500 T Ucursinhibit
007214c8 T Ucursset
00721570 T Ucursswitch
00721240 T Uexit
00721318 T Ukbdchar
00721cd0 T Unewproc
00721cf8 T Unewwindow
00721de0 T Uogetrect
00721350 T Uown
007219d0 T Upoint
007212f0 T Urcvchar
00721ab8 T Urectf
00721268 T Urequest
00721c80 T Uscreenswap
00721b68 T Usegment
00721998 T Usendchar
00721bc8 T Utexture
007213d8 T Uwait
00728da0 T _line
0071e870 T _start
0072a940 T abs
00001ddf f abs.c
00729b80 T aciainit
00729d68 T aciapaws
00729c78 T aciatrint
007273b0 T add
007271b0 T addr
00722ab0 T advance
0071f170 T alarm
00727300 T alloc
00001bbd f alloc.c
0072b038 d allocb
0072e394 B allocendp
007271d8 T allocinit
0072e390 B allocstartp
0072ae10 d alphanl
0072a1e8 T auto1
0072a3b0 T auto2
00729e08 T auto4
007276d8 T balloc
0072cf50 D baud_speeds
00727708 T bfree
00729de8 T binit
00727730 T bitblt
00001c0b f bitblt.c
0072b0c0 d bits
0071ed38 T bldargs
0072afc0 D blitdir
0072d04c B blocked
0071ea30 T boot
00720490 T border
0072cb24 D botbits
0072aad8 D boxcurs
0072e260 B buf
00722130 T bufinit
0072aab8 D bullseye
00723740 T but1func
007237b8 T but2func
00723820 T but3func
0072aec0 D butfunc
0071f2e0 T buttons
0072ae54 d c
0072cc58 d c_ll
0072cc98 d c_lr
0072cc38 d c_ul
0072cc78 d c_ur
0071e930 T callps
0071f678 T canon
00720670 T cansend
0072ae08 d cbreak
0072e418 B cbuf_next
0072f818 B cbuf_word
007293e8 T ceil
00725a38 T charofpt
0072a7f8 T checkbram
00723700 T checkmouse
00720440 T clear
00721ec8 T clearname
00723438 T clixtopix
0071eef8 T clockroutine
00725910 T closeframe
0072abc8 d cmd
00728880 t code
00728ca0 t compact
0072e268 B complete
0071f350 T control
007210b0 T copy
007209a8 T copyb
00725c40 T cpl
00723b98 T crc
0072af10 D crc16t_32
0072ae0c d crmod
0072aa78 D cup
0072d054 B cur
00729f08 T cursallow
0072a8c0 T cursblt
0072e3ec B cursbm
0071ea28 T curse
00729eb0 T cursinhibit
0072a1a8 T cursinit
0072e3c4 B cursor
0072a100 T cursset
0072a280 T cursswitch
0072e3c0 B curtabp
007230c0 T cut
0072e314 B dcount
0072aa98 D deadmouse
0071fc30 T debug
0072d058 B debugger
0072cce0 D defkeymap
0072c214 D defont
00001c25 f defont.c
0071f570 T delete
0071ffa0 T delim
00726440 T dellayer
00001ace f dellayer.c
0071f5d8 T delproc
007263a8 T delstring
0072b008 d delta
00724d50 T deltext
00722d00 T deltype
007206c8 T demux
007269c0 t destop
00729d88 T disconnect
0072ca30 D display
0072cd60 D ditab
00727478 T div
0071fcc8 T dobutton
00720820 T doctl
0072d068 B doubleclickOK
00726580 T downback
00001ae2 f downback.c
00725230 T draw
00725860 T drawframe
007234b8 T drawscrollbar
0072e39c B dtr
00729d28 T dtrctl
0072ae04 d echo
0072d020 A edata
0072ae78 d editmenu
0072ae60 d editstrs
0072aaf8 D eightball
007299db t end
00730220 A end
0072e318 B endpoint
007275b0 T eqpt
007275d0 T eqrect
00721168 T error
0072aa60 A etext
0071ea08 T excep_int
0071e990 T excep_norm
0071ea08 T excep_proc
0071e9e8 T excep_stack
0071c320 O excep_tab
00720ba0 T exec
00720b38 T execsw
00724d00 t flip
0072a140 t flipcursor
00729398 T floor
00725660 T fralloc
00725048 T frameop
00727320 T free
00727340 T freeall
00730218 B freelist
0073021c B freemark
0071eed0 T freemem
00725830 T frfree
007257a0 T frinit
00725d78 T frselect
007256b8 T frsetrects
00728c08 T gcalloc
00728c28 T gcfree
00728c68 T gcfreeall
00728b08 T gcinit
0072e31c B genbuf
0071edb8 T getchar
0071ee30 T getlong
00722180 T getmuxbuf
00721e10 T getname
0071fc48 T getproc
0071fcb0 T getproctab
0071f880 T getrect
0071f700 T getrectb
00722a38 T getto
0071f0b8 T givemouse
0072aea0 D grey
00723898 T guide
0072aca8 d hex
0071e8d0 T host_int
0071c0f0 O host_pcb
0071cc10 O hoststk
0072a960 T index
00001deb f index.c
0072ade8 d inhibited
007229c8 T inschar
0072e26c B inscomplete
00722ae8 T insertstring
00722b10 T inserttype
00727410 T inset
00726330 T insstring
007253d0 T instext
00722e30 T instype
00726230 T insure
0071c2d0 O int_pcb
0072e400 B interrupt
00726190 T isalnum
0071c3f0 O istack
00721118 T itox
00001cb9 f jerq.h
00000250 f jerq.h
000011aa f jerq.h
000012ca f jerq.h
000016bf f jerq.h
00001451 f jerq.h
00001cc5 f jerq.h
00001cd5 f jerq.h
00001d00 f jerq.h
00001c80 f jerq.h
00001572 f jerq.h
00001ba0 f jerq.h
00001c4e f jerq.h
00001d92 f jerq.h
00001c2d f jerq.h
00001976 f jerq.h
00001d3c f jerq.h
00001d76 f jerq.h
00001c1b f jerq.h
00001ac2 f jerq.h
00000bba f jerq.h
00001be9 f jerq.h
00000edd f jerq.h
00000130 f jerq.h
00001c94 f jerq.h
000009ae f jerq.h
00000546 f jerq.h
0000089a f jerq.h
00001836 f jerq.h
000006a8 f jerq.h
0000079d f jerq.h
00001bfd f jerq.h
00001ca0 f jerq.h
00001d2c f jerq.h
00001cac f jerq.h
00720250 T jline
0072cc28 d jmptbl
00729868 T jstrwidth
00722510 T kbd
0072a2f8 T kbdchar
0072a318 T kbdinit
0072ab18 D kbdproc
0072d074 B kbdrepeat
0072a528 T kbdrpt
0072e40c B kbdstatus
0072ae58 d kbdstr
0071e8c0 T key_int
0071c1e0 O key_pcb
0071d0c0 O keystk
0072af5c d lasty
0072e410 B latin1
0072e414 B latinchar
007268c8 T layerop
00001af3 f layerop.c
0072e384 B lback
00726a20 T lbitblt
00001b08 f lbitblt.c
00726b90 T lblt
00001b18 f lblt.c
00001b80 f lbox.c
00729a2a t less4
00729a93 t less4clr
00729af5 t less4or
0072e1bc B lfront
00001c5a f line.c
00722448 T linecurse
00725d40 T lineno
00726c08 T lpoint
00001b24 f lpoint.c
0072ccdc d lr
00726d20 T lrectf
00001b34 f lrectf.c
00726d90 T lsegment
00001b44 f lsegment.c
0072af68 d ltbrack
00726e20 T ltexture
00001b54 f ltexture.c
007266d8 T mRlayerop
0071f1a0 T main
0071c3a0 O main_pcb
0071d700 O mainstk
0072a550 T mappair
00729a35 t mask2ok
00729b00 t mask2or
00001c88 f masks.c
00725ee8 T matchit
00720348 T max
0072cf48 D maxaddr
0072ab3c D menufn
00724480 T menuhit
0072ab1c D menutext
007224c8 T mesg
00720328 T min
00729a0b t more4
0071e8a2 t mous_chk
0072d060 B mouse
007263f0 T movstring
0072adec d mrfont
00729a9e t msk2clr
0071e8b8 t msvid_exit
0071e880 T msvid_int
0071c230 O msvid_pcb
0071d250 O msvidstk
007274b8 T mul
007201b0 T muxkill
007201e0 T muxmesg
007200b0 T muxnewwind
00720168 T muxsendchar
00720200 T muxublk
0072a258 T nap
00722900 T nback
0072af58 d nc
0072ac48 d ncmd
00726e58 T newlayer
00001b60 f newlayer.c
00720c80 T newproc
00729e38 T newquad
0071fe00 T newwindow
0072afc4 d nextcase
0072ca48 d nextlong
00724ff8 T nexttab
0072adf0 d nlist
0072ac68 D normalmsg
00722990 T notin
007299be t notnarrow
0072e404 B old
00723b58 T oldlinepos
0072cba8 d ones
007252b0 T opclear
00725c10 T opcpl
007251c0 T opdraw
00725350 T opnull
00725258 T oprectf
00725eb0 T order
00721608 T ostring
0071e8f8 T out_int
0071c140 O out_pcb
00720280 T outline
0071cda0 O outstk
00723138 T paste
0072d070 B patch
0072d06c B patchedspot
0072e30c B pbufp
00000016 f pcbs.c
00000ef2 f pcheck.c
0072aa64 D pconfig
0072d078 B pconvs
0072e278 B pconvsend
0071ea28 T pfkey
00723c68 T pinit
00000f48 f pinit.c
0071e908 T pioh_int
0071c190 O pioh_pcb
0071cf30 O piohstk
0071e918 T piol_int
0071c280 O piol_pcb
0071d3e0 O piolstk
00723478 T pixtoclix
00723d40 T precv
00000fbc f precv.c
0072e284 B precvpkt
0071c050 O proc_pcb
0071c8f0 O procstk
00730224 O proctab
00724240 T psend
0000101b f psend.c
0072e27c B pseqtable
0071ea28 T pt
00724368 T ptimeout
00001074 f ptimeout.c
007296d8 T ptinrect
007259c0 T ptofchar
00721e90 T putname
0072a770 T qclear
0072a6e8 T qgetc
0072a5a8 T qinit
0072a7d0 T qpeekc
0072a5f8 T qputc
0072a6b0 T qputstr
00001db2 f queue.c
0072d028 B queues
0072ab88 d r
00725360 T rXOR
00727550 T raddp
0072ae00 d raw
007221f8 T rcv
00729c20 T rcvchar
00727228 T realalloc
00727608 T realballoc
00728b40 T realgcalloc
0071e928 T realtime
00720720 T reboot
0072e1c0 B rebootflag
00729708 T rectXrect
00729738 T rectclip
007297a8 T rectf
00720738 T recvchars
00729b08 t rest_or
00720d00 T restart
00729aa6 t restclr
007299c9 t restcode
00729a3d t restloop
0071e938 T resume
0071e940 T retps
0071ea28 T ringbell
0072e408 B rptcount
007274f0 T rsubp
0072af70 d rtbrack
0072af78 d same
007297e0 T screenswap
00722c60 T scrlb
00722b90 T scrlf
0072e1c4 B scrltimeout
00723a38 T scroll
007238c0 T scrollbar
00723398 T scrollclip
00725ce8 T scrollcpl
007233c8 T scrollmark
0072ae84 d scrollstrs
0072d05c B second
00729348 T segment
007252f8 T selectf
00723198 T send
00729ce0 T sendbreak
0072e1b8 B sendbusy
00729c50 T sendchar
00720ac0 T sendcmd
0071fee8 T sendnchars
00723348 T sendoldtext
0071ffd0 T sendpkt
007232c8 T sendsubstr
0071ff30 T sendwithdelim
007205f0 T setborder
0072a870 T setbram
00725b78 T setcpl
0071ed88 T setdata
007221d0 T setmuxbuf
007235b8 T setscroll
00725998 T setsel
00001dba f setup.c
00001dd3 f setup.h
00727160 T setvis
00001b90 f setvis.c
00729f98 t setxy
007209d8 T shellproc
0071ee60 T shutdown
0071f0f0 T sleep
00723068 T snarf
0071e948 T spl0
0071e958 T spl1
0071e958 T spl4
0071e968 T spl5
0071e968 T spl6
0071e968 T spl7
0071e978 T splx
00726978 t srcop
00729b5e t st4less
0071c0a0 O stack_pcb
0071ca80 O stackstk
00725b40 T startline
0072ccb8 D stdcurtab
00729b69 t sto2ok
00729b74 t stoloop
00729b3f t store4
0072a990 T strcat
00001df7 f strcat.c
0072a9d0 T strcmp
00001e03 f strcmp.c
0072aa08 T strcpy
00001e0f f strcpy.c
0072c200 d strike
00721758 T string
0072aa38 T strlen
00001e1b f strlen.c
0071d570 O strstk
00729888 T strwidth
007262e8 T strzero
0071c4f0 O ststk
007273e0 T sub
00720d70 T sw
00720df8 T swinit
00720da0 T switcher
0072e208 B swpcbp
0072e1c8 B swstk
0072af50 d table
00724460 t tablegen
0071ea28 T test32
007298d0 T texture
00729920 T texture32
0072d05e B ticks
0072d020 B ticks0
007203b8 T tolayer
0072caa0 D topbits
00720e68 T trap
0072ac58 D trapmsg
00729d48 T tstdcd
0072d050 B ublocked
0072ccd8 d ud
00729f28 t update
00726fb8 T upfront
00001b70 f upfront.c
0072e3a0 B usercurtab
0072aa60 D usermouse
0072cf58 D val_baud
0072cf84 D val_duplex
0072cf9c D val_indx
0072cf8c D val_keytone
0072cfb4 D val_maxes
0072cf7c D val_newline
0072cf70 D val_retkey
0072cf94 D val_screencolor
00722e80 T wbuttons
0072ab68 d which
0071fdd8 T whichbutton
00720368 T whichlayer
0071fd80 T whichproc
0072ab5c D windowmenu
00721ef8 T windowproc
0072af60 d wrapped
0072ca98 d x0
0072e3dc B xdata
0072ca9c d y0
0072e3e4 B ydata
0072adf8 d zerostr
00720c10 T zombexec
00720b68 T zombsw
