com 1037117850
com -113451303
com -253844186
com -591640727
com -192085666
com 875206176
com -688908411
com 116220732
com -815364609
com 393021566
com -197586762
com -979497332
com 580876342
com 857752251
com -282427433
com 440265772
com 903702654
com 377371259
com -790446649
com -407893353
com 601447097
com 311585929
com -990601410
com 273028495
com -421520583
com -620551282
com -768217422
com 722547274
com 313902943
com -729597068
com 306062132
com 773754585
com -678639313
com -345701409
com -290065002
com -974307104
com 1047184566
com 210828681
com 108982822
com 68031245
com -1047141482
com 227569703
com -530798398
com -822779044
com 440691738
com 624275796
com 843073732
com 228971433
com 258376249
com -308161170
com -995590232
com 856677272
com 132296249
com 633658628
com 25935234
com -1063085400
com 148654970
com -824172925
com -659459669
com 196909720
com -393774825
com 736667556
com 674673107
com 1007653812
com -261383312
com 263123663
com -946595190
com -396442
com -506832213
com 149702652
com -937852087
com -500943193
com -288026147
com -653808189
com 801559288
com -653395420
com -405217270
com -749529781
com 965720542
com 396739912
com 250804267
com 1058925867
com 121948720
com 129329115
com -503214654
com 758365427
com -569717820
com 191932303
com 1041195498
com -178872661
com 719024931
com 389365053
com -695930677
com -720993320
com 659352079
com -445359373
com -405581235
com -495515453
com -861910553
com -35979929
com 1056535300
com 188042833
com -220408267
com -766533595
com 718865736
com -614647852
com 637296265
com 607439702
com -996163547
com -354301843
com 187216170
com -524246340
com 165453004
com -922340816
com -392313676
com 933400965
com -357455062
com 876069330
com 619850004
com 34785127
com -204461692
com -1021142281
com 261505948
com 713447396
com -264424205
com -757624021
com -697742264
com -67902535
com 813305897
com 611213298
com 810009586
com -351033158
com -757580248
com -754765998
com 96550293
com 818835421
com 625544984
com -301866740
com -363940120
com 196940655
com -990799410
com -650380493
com -823008037
com 229313079
com 480371766
com 934025272
com -223072319
com 481173087
com 101019846
com -954562179
com -267806909
com 1004678320
com 267997081
com -691653747
com 821221633
com 11472834
com -852175935
com 145665121
com 636788309
com -38553220
com -594562227
com 893269786
com -515632420
com -504118519
com -795555924
com -896489800
com 381679431
com 451163332
com 945690716
com -474968721
com -181646048
com -477705084
com 179336691
com 944752723
com -106013482
com 295161509
com -1026918852
com -1008494120
com -368542058
com 6153383
com 269567191
com 221084616
com -1015567145
com 326752359
com -253427460
com -990923267
com -745673545
com -772482393
com 12783572
com 695087221
com 782623860
com 239322275
com -920492686
com -461345191
com 304590436
com -141131273
com -1024267294
com -289620401
com -495626460
com 948528218
com 87006518
com 395454722
com 577392034
com 814343604
com 497169207
com -567127307
com 764271483
com -866721319
com -387005272
com -501938820
com 567881079
com 453665993
com -790328887
com 390097892
com 141055035
com 990378016
com -730626518
com 732985962
com -286073373
com 22747858
com -326949321
com 1022500944
com 905679100
com -448120658
com 363118089
com 819248817
com -691522154
com 59581781
com -450349154
com -729823626
com 646115018
com -65922779
com -373376656
com 1004572328
com 466654801
com 128208377
com 958497476
com 22952708
com -822443770
com 689913706
com 726815914
com -128674860
com 779809535
com -316931412
com -1025891272
com 4804418
com 309313283
com 536922264
com -876904372
com 700688221
com 186984467
com 791829735
com 237211732
com 515173384
com -911728294
com -783718602
com 160345621
com -716237348
com -185346360
com -634816499
com -845917397
com 460946577
com 777785415
com -579223277
com -127944050
com -351414763
com -1006508563
com 934284417
com -414601720
com -328845777
com 701421432
com -680992028
com 444048798
com -277796693
com -1014985030
com 213438258
com -863232710
com -236044310
com -593324426
com -269273068
com -163992668
com -1026411186
com 537134594
com 321391768
com -872419201
com -795875760
com 373186979
com 616631783
com -567696334
com 554407297
com 723377442
com 1062001538
com 152160308
com 43834651
com 902450760
com -390697289
com 431114551
com -851289267
com 454377388
com 470923853
com -950885734
com -313255930
com -388083168
com -267037738
com -601696282
com -848277038
com 745209391
com -423687675
com 646585818
com -613632730
com 151442994
com 868010020
com -589969477
com 756495308
com 482257575
com -546245706
com -56416295
com -922688644
com -927591869
com -193091648
com 505183574
com -696294953
com -676843648
com -458233039
com 1016060900
com 235279194
com 255314418
com 821562352
com 677435672
com -137977226
com -296008805
com -284837634
com 992052324
com 848130900
com -612135722
com -242663012
com 40910582
com -633235255
