emalloc(unsigned long n)
erealloc(char *p, unsigned long n)
pprint(proc, fmt, a, b, c, d, e)
bltinval(char *name, Node *t)
mk(type, len)
compile(n)	/* called from parser only */
gen(Node *n, int retain)
lgen(Node *n)
genfreeauto(Symbol *s)
dupgen(Node *t, int n)
printable(Node *n)
constants(Node *n)
declare(Node *n, int stclass, int dotypchk, int docomp)
recrewrite(Node *n)
proglocals(Node *n)
begrewrite(Node *n)
lerror(Node *n, char *s, a, b, c, d, e, f)
error(char *s, a, b, c, d, e, f)
rerror(char *s, a, b, c, d, e, f)
warn(char *s, a, b, c, d, e, f)
panic(char *s, a, b, c, d, e, f)
rpanic(char *s, a, b, c, d, e, f)
bconv(int *o, int f1, int f2)
nconv(int *o, int f1, int f2)
tconv(int *o, int f1, int f2)
econv(int *o, int f1, int f2)
mconv(int *o, int f1, int f2)
