x T post
x res 720 1 1
x init
V0
p1
x font 1 R
x font 2 I
x font 3 B
x font 4 BI
x font 5 CW
x font 6 H
x font 7 HI
x font 8 HB
x font 9 S1
x font 10 S
s10
f1
H720
V420
h842Dl 407 129 .
n120 0
H720
n120 0
H720
V550
h1250Dl -392 101 .
n120 0
H720
n120 0
H720
V652
h858Dl -15 -231 .
n120 0
H720
n120 0
H720
V448
h1499Dl -248 102 .
n120 0
H720
n120 0
H720
V420
h842Dl 656 27 .
n120 0
H720
n120 0
H720
V1003
h286Dl -20 -268 .
n120 0
H720
n120 0
H720
h265Dl 576 -314 .
n120 0
H720
n120 0
H720
V891
h599Dl -313 112 .
n120 0
H720
n120 0
H720
V652
h858Dl -258 238 .
n120 0
H720
n120 0
H720
V1003
h286Dl -249 347 .
n120 0
H720
n120 0
H720
n120 0
H720
V1351
h36Dl 229 -616 .
n120 0
H720
n120 0
H720
V1408
h261Dl -224 -56 .
n120 0
H720
n120 0
H720
V1003
h286Dl -24 404 .
n120 0
H720
n120 0
H720
V891
h599Dl -125 290 .
n120 0
H720
n120 0
H720
V1182
h474Dl -188 -178 .
n120 0
H720
n120 0
H720
V1182
h474Dl -212 225 .
n120 0
H720
n120 0
H720
V2060
h418Dl 253 344 .
n120 0
H720
n120 0
H720
V2405
h672Dl -515 -408 .
n120 0
H720
n120 0
H720
h157Dl 261 63 .
n120 0
H720
n120 0
H720
V1408
h261Dl 147 319 .
n120 0
H720
n120 0
H720
n120 0
H720
V1997
h157Dl -120 -645 .
n120 0
H720
n120 0
H720
V1728
h408Dl 10 332 .
n120 0
H720
n120 0
H720
h418Dl 376 148 .
n120 0
H720
n120 0
H720
V2209
h795Dl -123 196 .
n120 0
H720
n120 0
H720
V1182
h474Dl 31 282 .
n120 0
H720
n120 0
H720
h505Dl -243 -56 .
n120 0
H720
n120 0
H720
V1464
h505Dl -96 263 .
n120 0
H720
n120 0
H720
V2261
h1465Dl 406 -134 .
n120 0
H720
n120 0
H720
V2126
h1871Dl -547 363 .
n120 0
H720
n120 0
H720
V2490
h1324Dl 141 -229 .
n120 0
H720
n120 0
H720
n120 0
H720
V1728
h408Dl 238 209 .
n120 0
H720
n120 0
H720
h646Dl -227 123 .
n120 0
H720
n120 0
H720
V1328
h1979Dl -2 -428 .
n120 0
H720
n120 0
H720
V899
h1976Dl 176 632 .
n120 0
H720
n120 0
H720
V1532
h2153Dl -174 -204 .
n120 0
H720
n120 0
H720
V1937
h646Dl 149 272 .
n120 0
H720
n120 0
H720
V901
h880Dl -280 -10 .
n120 0
H720
n120 0
H720
V652
h858Dl 22 249 .
n120 0
H720
n120 0
H720
V2209
h795Dl 349 -41 .
n120 0
H720
n120 0
H720
V2490
h1324Dl -651 -84 .
n120 0
H720
n120 0
H720
n120 0
H720
V2168
h1145Dl 319 93 .
n120 0
H720
n120 0
H720
V1680
h644Dl 1 256 .
n120 0
H720
n120 0
H720
V1728
h408Dl 236 -47 .
n120 0
H720
n120 0
H720
V2261
h1465Dl 257 -312 .
n120 0
H720
n120 0
H720
V1948
h1722Dl 148 177 .
n120 0
H720
n120 0
H720
V1464
h505Dl 139 216 .
n120 0
H720
n120 0
H720
V1101
h717Dl -243 81 .
n120 0
H720
n120 0
H720
V891
h599Dl 117 209 .
n120 0
H720
n120 0
H720
V1937
h646Dl 277 57 .
n120 0
H720
n120 0
H720
h924Dl -128 214 .
n120 0
H720
n120 0
H720
n120 0
H720
V1994
h924Dl 221 173 .
n120 0
H720
n120 0
H720
V2168
h1145Dl 272 -161 .
n120 0
H720
n120 0
H720
V2006
h1417Dl 47 254 .
n120 0
H720
n120 0
H720
V2006
h1417Dl 305 -57 .
n120 0
H720
n120 0
H720
V1328
h1979Dl -217 -341 .
n120 0
H720
n120 0
H720
V986
h1761Dl 215 -86 .
n120 0
H720
n120 0
H720
V1994
h924Dl 249 -65 .
n120 0
H720
n120 0
H720
h1173Dl -27 239 .
n120 0
H720
n120 0
H720
V1532
h2153Dl -281 593 .
n120 0
H720
n120 0
H720
V1948
h1722Dl 69 -345 .
n120 0
H720
n120 0
H720
n120 0
H720
h1791Dl 187 -275 .
n120 0
H720
n120 0
H720
V1471
h724Dl -79 209 .
n120 0
H720
n120 0
H720
V1464
h505Dl 219 7 .
n120 0
H720
n120 0
H720
V1929
h1173Dl 244 77 .
n120 0
H720
n120 0
H720
h1417Dl 140 -246 .
n120 0
H720
n120 0
H720
h1558Dl 164 188 .
n120 0
H720
n120 0
H720
V1788
h999Dl 174 140 .
n120 0
H720
n120 0
H720
V1994
h924Dl 74 -206 .
n120 0
H720
n120 0
H720
V1680
h644Dl 208 -42 .
n120 0
H720
n120 0
H720
V1637
h852Dl 146 150 .
n120 0
H720
n120 0
H720
n120 0
H720
V1760
h1558Dl 233 -156 .
n120 0
H720
n120 0
H720
V1471
h724Dl 128 166 .
n120 0
H720
n120 0
H720
V1788
h999Dl 197 -70 .
n120 0
H720
n120 0
H720
V1717
h1196Dl -23 211 .
n120 0
H720
n120 0
H720
V814
h1454Dl -204 -263 .
n120 0
H720
n120 0
H720
V448
h1499Dl 477 451 .
n120 0
H720
n120 0
H720
V986
h1761Dl -307 -172 .
n120 0
H720
n120 0
H720
V1603
h1791Dl -69 -309 .
n120 0
H720
n120 0
H720
h1722Dl 256 33 .
n120 0
H720
n120 0
H720
V1637
h852Dl 190 -40 .
n120 0
H720
n120 0
H720
n120 0
H720
h1043Dl -44 190 .
n120 0
H720
n120 0
H720
V1285
h822Dl -98 185 .
n120 0
H720
n120 0
H720
V1101
h717Dl 105 184 .
n120 0
H720
n120 0
H720
V1625
h1385Dl 173 134 .
n120 0
H720
n120 0
H720
V1717
h1196Dl 188 -92 .
n120 0
H720
n120 0
H720
V1294
h1722Dl 39 -307 .
n120 0
H720
n120 0
H720
V1760
h1558Dl 14 -257 .
n120 0
H720
n120 0
H720
V1502
h1573Dl 218 100 .
n120 0
H720
n120 0
H720
V1597
h1043Dl 153 120 .
n120 0
H720
n120 0
H720
V1471
h724Dl 195 -16 .
n120 0
H720
n120 0
H720
n120 0
H720
V1454
h919Dl -66 183 .
n120 0
H720
n120 0
H720
V901
h880Dl -162 199 .
n120 0
H720
n120 0
H720
V1454
h919Dl 123 142 .
n120 0
H720
n120 0
H720
V1625
h1385Dl 187 -122 .
n120 0
H720
n120 0
H720
V1502
h1573Dl 149 -208 .
n120 0
H720
n120 0
H720
V1285
h822Dl 97 168 .
n120 0
H720
n120 0
H720
V1597
h1043Dl 174 -73 .
n120 0
H720
n120 0
H720
h1217Dl -20 193 .
n120 0
H720
n120 0
H720
V1524
h1217Dl 167 101 .
n120 0
H720
n120 0
H720
V1415
h1379Dl 193 87 .
n120 0
H720
n120 0
H720
n120 0
H720
V1625
h1385Dl -6 -209 .
n120 0
H720
n120 0
H720
V1524
h1217Dl 161 -108 .
n120 0
H720
n120 0
H720
V1285
h822Dl 194 7 .
n120 0
H720
n120 0
H720
h1017Dl -97 161 .
n120 0
H720
n120 0
H720
V1084
h1531Dl 230 -98 .
n120 0
H720
n120 0
H720
V1294
h1722Dl -190 -209 .
n120 0
H720
n120 0
H720
V1112
h941Dl -118 173 .
n120 0
H720
n120 0
H720
V1101
h717Dl 223 11 .
n120 0
H720
n120 0
H720
V1335
h1201Dl 177 79 .
n120 0
H720
n120 0
H720
V1524
h1217Dl -16 -188 .
n120 0
H720
n120 0
H720
n120 0
H720
V1292
h1017Dl 184 42 .
n120 0
H720
n120 0
H720
V1112
h941Dl 76 180 .
n120 0
H720
n120 0
H720
V1335
h1201Dl 148 -128 .
n120 0
H720
n120 0
H720
h1349Dl 29 207 .
n120 0
H720
n120 0
H720
V1207
h1349Dl 181 -122 .
n120 0
H720
n120 0
H720
V1084
h1531Dl -76 -270 .
n120 0
H720
n120 0
H720
V901
h880Dl 60 210 .
n120 0
H720
n120 0
H720
V1148
h1148Dl 53 187 .
n120 0
H720
n120 0
H720
V1292
h1017Dl 130 -144 .
n120 0
H720
n120 0
H720
h1148Dl 201 59 .
n120 0
H720
n120 0
H720
n120 0
H720
V1112
h941Dl 206 36 .
n120 0
H720
n120 0
H720
V991
h1291Dl 240 93 .
n120 0
H720
n120 0
H720
V1207
h1349Dl -58 -216 .
n120 0
H720
n120 0
H720
V1148
h1148Dl 143 -157 .
n120 0
H720
n120 0
H720
h1291Dl 163 -177 .
n120 0
H720
n120 0
H720
V784
h1139Dl 315 29 .
n120 0
H720
n120 0
H720
V991
h1291Dl -152 -206 .
n120 0
H720
n120 0
H720
V784
h1139Dl 111 -234 .
n120 0
H720
n120 0
H720
V784
h1139Dl -280 -132 .
n120 0
H720
n120 0
H720
V784
h1139Dl -258 116 .
n120 0
H720
n120 0
H720
n120 0
H720
V2468
096500n120 0
H720
n120 0
H720
V1160
h3309Dl -69 -181 .
n120 0
H720
n120 0
H720
V978
h3240Dl 225 18 .
n120 0
H720
n120 0
H720
V1200
h3498Dl -189 -39 .
n120 0
H720
n120 0
H720
V997
h3465Dl 33 203 .
n120 0
H720
n120 0
H720
V1120
h3090Dl 149 -142 .
n120 0
H720
n120 0
H720
V1200
h3498Dl -127 130 .
n120 0
H720
n120 0
H720
h3371Dl -62 -169 .
n120 0
H720
n120 0
H720
V1281
h3175Dl -84 -161 .
n120 0
H720
n120 0
H720
V1160
h3309Dl -134 121 .
n120 0
H720
n120 0
H720
V1440
h3240Dl -64 -159 .
n120 0
H720
n120 0
H720
n120 0
H720
V1330
h3371Dl -131 110 .
n120 0
H720
n120 0
H720
V997
h3465Dl 227 72 .
n120 0
H720
n120 0
H720
V1420
h3528Dl -156 -90 .
n120 0
H720
n120 0
H720
V1288
h2994Dl 96 -167 .
n120 0
H720
n120 0
H720
V1281
h3175Dl -180 6 .
n120 0
H720
n120 0
H720
V1298
h3679Dl -151 122 .
n120 0
H720
n120 0
H720
V1200
h3498Dl 181 97 .
n120 0
H720
n120 0
H720
V1531
h3386Dl -146 -90 .
n120 0
H720
n120 0
H720
V1420
h3528Dl -142 111 .
n120 0
H720
n120 0
H720
V1440
h3240Dl -171 12 .
n120 0
H720
n120 0
H720
n120 0
H720
V1069
h3693Dl -13 228 .
n120 0
H720
n120 0
H720
V1453
h3068Dl -73 -165 .
n120 0
H720
n120 0
H720
V895
h3026Dl 213 83 .
n120 0
H720
n120 0
H720
V1607
h3198Dl 41 -166 .
n120 0
H720
n120 0
H720
V1612
h3549Dl -162 -80 .
n120 0
H720
n120 0
H720
V1420
h3528Dl 20 192 .
n120 0
H720
n120 0
H720
V1298
h3679Dl 51 220 .
n120 0
H720
n120 0
H720
V1708
h3348Dl -150 -100 .
n120 0
H720
n120 0
H720
V1531
h3386Dl -37 176 .
n120 0
H720
n120 0
H720
V1518
h3731Dl -182 94 .
n120 0
H720
n120 0
H720
n120 0
H720
V1089
h2887Dl 203 31 .
n120 0
H720
n120 0
H720
V1607
h3198Dl -179 19 .
n120 0
H720
n120 0
H720
V1627
h3018Dl 49 -173 .
n120 0
H720
n120 0
H720
V1453
h3068Dl -179 30 .
n120 0
H720
n120 0
H720
V1627
h3018Dl -129 -143 .
n120 0
H720
n120 0
H720
V1708
h3348Dl -176 79 .
n120 0
H720
n120 0
H720
h3172Dl 26 -179 .
n120 0
H720
n120 0
H720
V1815
h3511Dl -163 -106 .
n120 0
H720
n120 0
H720
V1612
h3549Dl -37 202 .
n120 0
H720
n120 0
H720
V1483
h2889Dl -88 -185 .
n120 0
H720
n120 0
H720
n120 0
H720
h2800Dl 194 -9 .
n120 0
H720
n120 0
H720
V1518
h3731Dl 1 238 .
n120 0
H720
n120 0
H720
h3733Dl -221 58 .
n120 0
H720
n120 0
H720
V1298
h3679Dl 217 0 .
n120 0
H720
n120 0
H720
V1932
h3318Dl -146 -144 .
n120 0
H720
n120 0
H720
V1298
h2800Dl 87 -208 .
n120 0
H720
n120 0
H720
V1815
h3511Dl -193 117 .
n120 0
H720
n120 0
H720
V1787
h3172Dl -204 27 .
n120 0
H720
n120 0
H720
V1815
h2968Dl 50 -188 .
n120 0
H720
n120 0
H720
V1667
h2796Dl 92 -183 .
n120 0
H720
n120 0
H720
n120 0
H720
V1089
h2887Dl 138 -194 .
n120 0
H720
n120 0
H720
V1815
h2968Dl -171 -147 .
n120 0
H720
n120 0
H720
V1592
h3940Dl -206 164 .
n120 0
H720
n120 0
H720
V1518
h3731Dl 208 74 .
n120 0
H720
n120 0
H720
V1932
h3318Dl -226 75 .
n120 0
H720
n120 0
H720
V2008
h3092Dl -123 -192 .
n120 0
H720
n120 0
H720
V1298
h3897Dl 42 293 .
n120 0
H720
n120 0
H720
V1815
h3511Dl 66 207 .
n120 0
H720
n120 0
H720
V1475
h2654Dl 145 -177 .
n120 0
H720
n120 0
H720
V1667
h2796Dl -141 -192 .
n120 0
H720
n120 0
H720
n120 0
H720
V2153
h3312Dl -220 -145 .
n120 0
H720
n120 0
H720
V1932
h3318Dl -6 220 .
n120 0
H720
n120 0
H720
V2022
h3578Dl -265 131 .
n120 0
H720
n120 0
H720
V1953
h3864Dl -285 69 .
n120 0
H720
n120 0
H720
V1756
h3733Dl 130 196 .
n120 0
H720
n120 0
H720
V1815
h2968Dl -176 127 .
n120 0
H720
n120 0
H720
V822
h3600Dl 92 247 .
n120 0
H720
n120 0
H720
V997
h3465Dl 134 -175 .
n120 0
H720
n120 0
H720
V2192
h2945Dl -153 -250 .
n120 0
H720
n120 0
H720
V2008
h3092Dl -146 184 .
n120 0
H720
n120 0
H720
n120 0
H720
V1942
h2791Dl -207 -212 .
n120 0
H720
n120 0
H720
h2584Dl 211 -62 .
n120 0
H720
n120 0
H720
V2022
h3578Dl 71 225 .
n120 0
H720
n120 0
H720
V1730
h2584Dl 70 -254 .
n120 0
H720
n120 0
H720
V1953
h3864Dl -214 294 .
n120 0
H720
n120 0
H720
V1005
h3919Dl -22 293 .
n120 0
H720
n120 0
H720
V1069
h3693Dl 226 -63 .
n120 0
H720
n120 0
H720
V2385
h3240Dl -294 -192 .
n120 0
H720
n120 0
H720
V2153
h3312Dl -72 231 .
n120 0
H720
n120 0
H720
V1732
h4138Dl -274 220 .
n120 0
H720
n120 0
H720
n120 0
H720
V1592
h3940Dl 198 140 .
n120 0
H720
n120 0
H720
V2248
h3649Dl -409 137 .
n120 0
H720
n120 0
H720
V2192
h2945Dl -346 -112 .
n120 0
H720
n120 0
H720
h2599Dl 192 -138 .
n120 0
H720
n120 0
H720
V1298
h3897Dl 237 1 .
n120 0
H720
n120 0
H720
V1169
h2624Dl 175 128 .
n120 0
H720
n120 0
H720
V2156
h4008Dl -358 91 .
n120 0
H720
n120 0
H720
V1300
h4134Dl 3 432 .
n120 0
H720
n120 0
H720
V2385
h3240Dl -442 7 .
n120 0
H720
n120 0
H720
V1732
h4138Dl -129 423 .
n120 0
H720
n120 0
H720
n120 0
H720
V1393
h2434Dl 220 82 .
n120 0
H720
n120 0
H720
V2392
h2797Dl -198 -312 .
n120 0
H720
n120 0
H720
V2488
h3499Dl -259 -103 .
n120 0
H720
n120 0
H720
V2080
h2599Dl -257 -347 .
n120 0
H720
n120 0
H720
V1732
h2341Dl 242 -2 .
n120 0
H720
n120 0
H720
V1393
h2434Dl 190 -223 .
n120 0
H720
n120 0
H720
V2156
h4008Dl -508 332 .
n120 0
H720
n120 0
H720
V1005
h3919Dl 214 294 .
n120 0
H720
n120 0
H720
V1732
h2341Dl 92 -339 .
n120 0
H720
n120 0
H720
V2392
h2797Dl -473 -381 .
n120 0
H720
n120 0
H720
n120 0
H720
h2323Dl 18 -278 .
n120 0
H720
n120 0
H720
V1732
h4138Dl 178 -214 .
n120 0
H720
n120 0
H720
V1169
h2624Dl 137 -262 .
n120 0
H720
n120 0
H720
h2762Dl 124 182 .
n120 0
H720
n120 0
H720
V1732
h2341Dl -143 -418 .
n120 0
H720
n120 0
H720
V1028
h2433Dl 190 140 .
n120 0
H720
n120 0
H720
V1393
h2434Dl 0 -364 .
n120 0
H720
n120 0
H720
V931
h4157Dl 159 586 .
n120 0
H720
n120 0
H720
V1300
h4134Dl 23 -369 .
n120 0
H720
n120 0
H720
V907
h2762Dl 263 -11 .
n120 0
H720
n120 0
H720
n120 0
H720
V1313
h2197Dl 236 -284 .
n120 0
H720
n120 0
H720
V1313
h2197Dl 216 -568 .
n120 0
H720
n120 0
H720
V676
h3795Dl 362 254 .
n120 0
H720
n120 0
H720
V1005
h3919Dl -124 -328 .
n120 0
H720
n120 0
H720
V676
h2684Dl 77 230 .
n120 0
H720
n120 0
H720
V1028
h2433Dl 250 -352 .
n120 0
H720
n120 0
H720
V745
h2414Dl 270 -68 .
n120 0
H720
n120 0
H720
V822
h3600Dl 194 -145 .
n120 0
H720
n120 0
H720
V676
h3795Dl -149 -236 .
n120 0
H720
n120 0
H720
V410
h3038Dl -353 266 .
n120 0
H720
n120 0
H720
n120 0
H720
h2684Dl 351 -17 .
n120 0
H720
n120 0
H720
h3036Dl -9 235 .
n120 0
H720
n120 0
H720
V676
h3795Dl -412 -129 .
n120 0
H720
n120 0
H720
h3382Dl -343 -136 .
n120 0
H720
n120 0
H720
V410
h3038Dl 607 30 .
n120 0
H720
n120 0
H720
V547
h3382Dl -346 112 .
n120 0
H720
n120 0
H720
V772
h3307Dl -67 206 .
n120 0
H720
n120 0
H720
V822
h3600Dl -292 -49 .
n120 0
H720
n120 0
H720
V772
h3307Dl 74 -224 .
n120 0
H720
n120 0
H720
V772
h3307Dl -271 -112 .
n120 0
H720
n120 0
H720
n120 0
H720
V2468
h2169c7
502n120 0
H720
n120 0
H720
V2877
h1397Dl -189 135 .
n120 0
H720
n120 0
H720
V2804
h1080Dl 317 72 .
n120 0
H720
n120 0
H720
V2641
h1313Dl 83 235 .
n120 0
H720
n120 0
H720
V3118
h1430Dl -222 -105 .
n120 0
H720
n120 0
H720
V3069
h1656Dl -226 49 .
n120 0
H720
n120 0
H720
V2877
h1397Dl 259 192 .
n120 0
H720
n120 0
H720
V2650
h851Dl 462 -8 .
n120 0
H720
n120 0
H720
V2804
h1080Dl -228 -154 .
n120 0
H720
n120 0
H720
V3089
h1913Dl -256 -20 .
n120 0
H720
n120 0
H720
V2739
h1724Dl 188 349 .
n120 0
H720
n120 0
H720
n120 0
H720
V2641
h1313Dl 411 98 .
n120 0
H720
n120 0
H720
V2641
h1313Dl -233 -117 .
n120 0
H720
n120 0
H720
V3069
h1656Dl -47 234 .
n120 0
H720
n120 0
H720
V3089
h1913Dl -76 265 .
n120 0
H720
n120 0
H720
h1837Dl -228 -51 .
n120 0
H720
n120 0
H720
V2739
h1724Dl 379 528 .
n120 0
H720
n120 0
H720
V3089
h1913Dl 150 437 .
n120 0
H720
n120 0
H720
V3268
h2104Dl -39 258 .
n120 0
H720
n120 0
H720
V3210
h1240Dl -32 -197 .
n120 0
H720
n120 0
H720
V3303
h1609Dl -201 17 .
n120 0
H720
n120 0
H720
n120 0
H720
V3321
h1408Dl 22 -202 .
n120 0
H720
n120 0
H720
V3541
h1678Dl -69 -237 .
n120 0
H720
n120 0
H720
V3526
h2064Dl -198 152 .
n120 0
H720
n120 0
H720
V3679
h1866Dl -29 -324 .
n120 0
H720
n120 0
H720
V3948
h2098Dl -33 -421 .
n120 0
H720
n120 0
H720
V3679
h1866Dl -187 -138 .
n120 0
H720
n120 0
H720
V2650
h851Dl -390 71 .
n120 0
H720
n120 0
H720
h460Dl 619 -197 .
n120 0
H720
n120 0
H720
V3321
h1408Dl -167 -110 .
n120 0
H720
n120 0
H720
V3785
h1647Dl 31 -243 .
n120 0
H720
n120 0
H720
n120 0
H720
V3948
h2098Dl -274 287 .
n120 0
H720
n120 0
H720
h1824Dl -60 -250 .
n120 0
H720
n120 0
H720
h1763Dl 102 -305 .
n120 0
H720
n120 0
H720
V3985
h1763Dl -116 -200 .
n120 0
H720
n120 0
H720
V3948
h2098Dl -385 524 .
n120 0
H720
n120 0
H720
V3632
h1501Dl 177 -91 .
n120 0
H720
n120 0
H720
V4235
h1824Dl -275 9 .
n120 0
H720
n120 0
H720
V3502
h1369Dl 38 -181 .
n120 0
H720
n120 0
H720
V3632
h1501Dl -131 -130 .
n120 0
H720
n120 0
H720
V4472
h1713Dl -258 42 .
n120 0
H720
n120 0
H720
n120 0
H720
h1454Dl 369 -278 .
n120 0
H720
n120 0
H720
V3985
h1763Dl -237 27 .
n120 0
H720
n120 0
H720
V4245
h1548Dl -21 -232 .
n120 0
H720
n120 0
H720
V3826
h1447Dl 53 -193 .
n120 0
H720
n120 0
H720
V3785
h1647Dl -199 41 .
n120 0
H720
n120 0
H720
V4676
h1064Dl 390 -162 .
n120 0
H720
n120 0
H720
V4012
h1526Dl -78 -185 .
n120 0
H720
n120 0
H720
V4514
h1454Dl -206 -141 .
n120 0
H720
n120 0
H720
h1248Dl 299 -127 .
n120 0
H720
n120 0
H720
V2888
h752Dl 98 -238 .
n120 0
H720
n120 0
H720
n120 0
H720
V4152
h1321Dl 204 -139 .
n120 0
H720
n120 0
H720
V4373
h1248Dl 73 -221 .
n120 0
H720
n120 0
H720
V3681
h1329Dl 171 -49 .
n120 0
H720
n120 0
H720
V4504
h706Dl 358 171 .
n120 0
H720
n120 0
H720
V4676
h1064Dl -617 -204 .
n120 0
H720
n120 0
H720
V3502
h1369Dl -135 -113 .
n120 0
H720
n120 0
H720
V4370
h925Dl 322 2 .
n120 0
H720
n120 0
H720
V4504
h706Dl 219 -134 .
n120 0
H720
n120 0
H720
V4197
h1080Dl 241 -45 .
n120 0
H720
n120 0
H720
V3846
h1263Dl 65 -164 .
n120 0
H720
n120 0
H720
n120 0
H720
V3826
h1447Dl -184 19 .
n120 0
H720
n120 0
H720
V3389
h1233Dl 6 -178 .
n120 0
H720
n120 0
H720
V4152
h1321Dl -141 -140 .
n120 0
H720
n120 0
H720
V4011
h1179Dl 83 -165 .
n120 0
H720
n120 0
H720
V4370
h925Dl 154 -172 .
n120 0
H720
n120 0
H720
V4239
h327Dl 379 264 .
n120 0
H720
n120 0
H720
V4472
h446Dl -119 -232 .
n120 0
H720
n120 0
H720
V3918
h52Dl 274 321 .
n120 0
H720
n120 0
H720
V3681
h1329Dl -116 -119 .
n120 0
H720
n120 0
H720
V3561
h1213Dl 156 -59 .
n120 0
H720
n120 0
H720
n120 0
H720
V3082
h239Dl -184 185 .
n120 0
H720
n120 0
H720
V2721
h460Dl -220 360 .
n120 0
H720
n120 0
H720
V4504
h706Dl -94 -259 .
n120 0
H720
n120 0
H720
V4370
h925Dl -99 -217 .
n120 0
H720
n120 0
H720
V4020
h979Dl 200 -9 .
n120 0
H720
n120 0
H720
V4197
h1080Dl -100 -176 .
n120 0
H720
n120 0
H720
V3846
h1263Dl -105 -130 .
n120 0
H720
n120 0
H720
V4011
h1179Dl -99 -148 .
n120 0
H720
n120 0
H720
V4245
h611Dl 214 -92 .
n120 0
H720
n120 0
H720
V3524
h104Dl -52 393 .
n120 0
H720
n120 0
H720
n120 0
H720
V3918
h52Dl 3 -650 .
n120 0
H720
n120 0
H720
V4152
h826Dl 152 -132 .
n120 0
H720
n120 0
H720
V3715
h1158Dl 54 -153 .
n120 0
H720
n120 0
H720
V3862
h1080Dl 78 -147 .
n120 0
H720
n120 0
H720
V3999
h397Dl 214 245 .
n120 0
H720
n120 0
H720
V4239
h327Dl 70 -239 .
n120 0
H720
n120 0
H720
V3082
h239Dl -134 442 .
n120 0
H720
n120 0
H720
V4001
h630Dl 196 151 .
n120 0
H720
n120 0
H720
V3999
h397Dl 232 1 .
n120 0
H720
n120 0
H720
V3851
h903Dl 176 11 .
n120 0
H720
n120 0
H720
n120 0
H720
V4020
h979Dl -75 -169 .
n120 0
H720
n120 0
H720
V3710
h995Dl 162 4 .
n120 0
H720
n120 0
H720
V3692
h300Dl 96 307 .
n120 0
H720
n120 0
H720
V3524
h104Dl 195 167 .
n120 0
H720
n120 0
H720
V3851
h903Dl 91 -140 .
n120 0
H720
n120 0
H720
V4001
h630Dl 90 -178 .
n120 0
H720
n120 0
H720
V3822
h720Dl 182 28 .
n120 0
H720
n120 0
H720
V3785
h512Dl 117 216 .
n120 0
H720
n120 0
H720
V3462
h1084Dl 149 -73 .
n120 0
H720
n120 0
H720
V3561
h1213Dl -129 -99 .
n120 0
H720
n120 0
H720
n120 0
H720
V3692
h300Dl 212 93 .
n120 0
H720
n120 0
H720
V3354
h322Dl -217 169 .
n120 0
H720
n120 0
H720
V3681
h830Dl 164 28 .
n120 0
H720
n120 0
H720
V3822
h720Dl 110 -140 .
n120 0
H720
n120 0
H720
V3294
h1075Dl 164 -84 .
n120 0
H720
n120 0
H720
V3710
h995Dl -45 -156 .
n120 0
H720
n120 0
H720
h949Dl 134 -91 .
n120 0
H720
n120 0
H720
V3785
h512Dl 137 -150 .
n120 0
H720
n120 0
H720
V3634
h650Dl 70 188 .
n120 0
H720
n120 0
H720
V3692
h300Dl 176 -161 .
n120 0
H720
n120 0
H720
n120 0
H720
V3354
h322Dl 154 175 .
n120 0
H720
n120 0
H720
V3462
h1084Dl -8 -167 .
n120 0
H720
n120 0
H720
V3530
h476Dl 173 104 .
n120 0
H720
n120 0
H720
V3075
h489Dl -167 279 .
n120 0
H720
n120 0
H720
V3082
h239Dl 250 -6 .
n120 0
H720
n120 0
H720
V2888
h752Dl -262 187 .
n120 0
H720
n120 0
H720
V3634
h650Dl 137 -124 .
n120 0
H720
n120 0
H720
h787Dl 43 171 .
n120 0
H720
n120 0
H720
V3510
h787Dl 161 43 .
n120 0
H720
n120 0
H720
V3554
h949Dl -23 -165 .
n120 0
H720
n120 0
H720
n120 0
H720
V3297
h560Dl -83 233 .
n120 0
H720
n120 0
H720
V3389
h926Dl 149 -94 .
n120 0
H720
n120 0
H720
V3075
h489Dl 70 221 .
n120 0
H720
n120 0
H720
V3327
h757Dl 29 182 .
n120 0
H720
n120 0
H720
V3297
h560Dl 197 30 .
n120 0
H720
n120 0
H720
h757Dl 168 61 .
n120 0
H720
n120 0
H720
V3118
h729Dl -169 178 .
n120 0
H720
n120 0
H720
V3202
h915Dl 160 92 .
n120 0
H720
n120 0
H720
V3327
h757Dl 157 -125 .
n120 0
H720
n120 0
H720
V2888
h752Dl -23 230 .
n120 0
H720
n120 0
H720
n120 0
H720
h729Dl 185 83 .
n120 0
H720
n120 0
H720
V2804
h1080Dl -119 200 .
n120 0
H720
n120 0
H720
V3005
h960Dl -208 -117 .
n120 0
H720
n120 0
H720
V3013
h1208Dl -247 -7 .
n120 0
H720
n120 0
H720
V3005
h960Dl -45 196 .
n120 0
H720
n120 0
H720
V4628
098500n120 0
H720
n120 0
H720
V2968
h3699Dl -244 -28 .
n120 0
H720
n120 0
H720
h3454Dl 65 -179 .
n120 0
H720
n120 0
H720
h3520Dl 179 207 .
n120 0
H720
n120 0
H720
V2612
h3240Dl 405 23 .
n120 0
H720
n120 0
H720
h3645Dl -125 125 .
n120 0
H720
n120 0
H720
n120 0
H720
V2761
h3520Dl -280 -148 .
n120 0
H720
n120 0
H720
V3075
h3952Dl -253 -106 .
n120 0
H720
n120 0
H720
V2916
h4033Dl -80 158 .
n120 0
H720
n120 0
H720
V2635
h3645Dl 387 281 .
n120 0
H720
n120 0
H720
V2753
h3855Dl 177 163 .
n120 0
H720
n120 0
H720
V2635
h3645Dl 209 118 .
n120 0
H720
n120 0
H720
V2761
h2959Dl -125 -125 .
n120 0
H720
n120 0
H720
V2635
h2834Dl 405 -23 .
n120 0
H720
n120 0
H720
h3240Dl -280 148 .
n120 0
H720
n120 0
H720
V3075
h3952Dl -150 117 .
n120 0
H720
n120 0
H720
n120 0
H720
h3801Dl -102 -224 .
n120 0
H720
n120 0
H720
V3295
h4180Dl -228 -220 .
n120 0
H720
n120 0
H720
V2916
h4033Dl 147 378 .
n120 0
H720
n120 0
H720
V3688
h4283Dl -158 -80 .
n120 0
H720
n120 0
H720
V3607
h4125Dl 54 -312 .
n120 0
H720
n120 0
H720
h4180Dl 103 393 .
n120 0
H720
n120 0
H720
V2916
h2446Dl 177 -163 .
n120 0
H720
n120 0
H720
h2624Dl 209 -118 .
n120 0
H720
n120 0
H720
h2834Dl -387 281 .
n120 0
H720
n120 0
H720
V3924
h4236Dl -100 218 .
n120 0
H720
n120 0
H720
n120 0
H720
V4143
h4135Dl 147 -455 .
n120 0
H720
n120 0
H720
h4283Dl -47 236 .
n120 0
H720
n120 0
H720
V3412
h3820Dl -18 -219 .
n120 0
H720
n120 0
H720
V3600
h3934Dl -113 -188 .
n120 0
H720
n120 0
H720
V3607
h4125Dl -191 -6 .
n120 0
H720
n120 0
H720
V3842
h3983Dl 142 -234 .
n120 0
H720
n120 0
H720
V4115
h3960Dl 22 -273 .
n120 0
H720
n120 0
H720
V4143
h4135Dl -175 -27 .
n120 0
H720
n120 0
H720
V3842
h3983Dl -48 -241 .
n120 0
H720
n120 0
H720
V4400
h3821Dl 139 -284 .
n120 0
H720
n120 0
H720
n120 0
H720
V4143
h4135Dl -314 257 .
n120 0
H720
n120 0
H720
V3412
h3820Dl -160 -111 .
n120 0
H720
n120 0
H720
h3659Dl 142 -108 .
n120 0
H720
n120 0
H720
V4620
h3000Dl 478 0 .
n120 0
H720
n120 0
H720
h3479Dl -239 27 .
n120 0
H720
n120 0
H720
V4648
h3240Dl -239 -27 .
n120 0
H720
n120 0
H720
V4009
h3801Dl 181 -166 .
n120 0
H720
n120 0
H720
V4115
h3960Dl -158 -106 .
n120 0
H720
n120 0
H720
V4620
h3479Dl 27 -175 .
n120 0
H720
n120 0
H720
h3507Dl 314 -44 .
n120 0
H720
n120 0
H720
n120 0
H720
V4400
h3821Dl -341 219 .
n120 0
H720
n120 0
H720
V3597
h3755Dl 64 -184 .
n120 0
H720
n120 0
H720
V3600
h3934Dl -178 -3 .
n120 0
H720
n120 0
H720
V3688
h2196Dl 147 455 .
n120 0
H720
n120 0
H720
h2344Dl -100 -218 .
n120 0
H720
n120 0
H720
V3924
h2243Dl -47 -236 .
n120 0
H720
n120 0
H720
V4400
h2658Dl 314 44 .
n120 0
H720
n120 0
H720
V4445
h2972Dl 27 175 .
n120 0
H720
n120 0
H720
h3000Dl -341 -219 .
n120 0
H720
n120 0
H720
V3075
h2527Dl -228 220 .
n120 0
H720
n120 0
H720
n120 0
H720
h2299Dl 147 -378 .
n120 0
H720
n120 0
H720
V2916
h2446Dl 80 158 .
n120 0
H720
n120 0
H720
V4094
h3598Dl 202 -85 .
n120 0
H720
n120 0
H720
V4382
h3240Dl 267 62 .
n120 0
H720
n120 0
H720
V4445
h2972Dl 267 -62 .
n120 0
H720
n120 0
H720
V4261
h3454Dl 144 -166 .
n120 0
H720
n120 0
H720
V4445
h3507Dl -52 -183 .
n120 0
H720
n120 0
H720
V4382
h3240Dl 214 -121 .
n120 0
H720
n120 0
H720
V4115
h2519Dl 139 284 .
n120 0
H720
n120 0
H720
V4400
h2658Dl -314 -257 .
n120 0
H720
n120 0
H720
n120 0
H720
h2344Dl 175 -27 .
n120 0
H720
n120 0
H720
V4094
h3598Dl 56 -187 .
n120 0
H720
n120 0
H720
h3654Dl 146 101 .
n120 0
H720
n120 0
H720
V2761
h2959Dl -179 207 .
n120 0
H720
n120 0
H720
h2780Dl -253 106 .
n120 0
H720
n120 0
H720
V3295
h2299Dl 54 312 .
n120 0
H720
n120 0
H720
h2354Dl -158 80 .
n120 0
H720
n120 0
H720
V3688
h2196Dl 103 -393 .
n120 0
H720
n120 0
H720
V3907
h3654Dl -14 -176 .
n120 0
H720
n120 0
H720
h3640Dl 115 -134 .
n120 0
H720
n120 0
H720
n120 0
H720
V4261
h3025Dl 214 121 .
n120 0
H720
n120 0
H720
V4445
h2972Dl 52 -183 .
n120 0
H720
n120 0
H720
V4090
h3403Dl 195 4 .
n120 0
H720
n120 0
H720
V4261
h3454Dl -51 -171 .
n120 0
H720
n120 0
H720
V3842
h2496Dl 22 273 .
n120 0
H720
n120 0
H720
V3607
h2354Dl 142 234 .
n120 0
H720
n120 0
H720
V3833
h3509Dl 130 -102 .
n120 0
H720
n120 0
H720
V3907
h3654Dl -144 -73 .
n120 0
H720
n120 0
H720
V3731
h3640Dl -45 -159 .
n120 0
H720
n120 0
H720
V3571
h3595Dl 160 25 .
n120 0
H720
n120 0
H720
n120 0
H720
V4094
h2881Dl 144 166 .
n120 0
H720
n120 0
H720
V4009
h2678Dl 202 85 .
n120 0
H720
n120 0
H720
V4115
h2519Dl 158 -106 .
n120 0
H720
n120 0
H720
V3842
h2496Dl 181 166 .
n120 0
H720
n120 0
H720
V4261
h3025Dl 51 -171 .
n120 0
H720
n120 0
H720
h3076Dl 163 -68 .
n120 0
H720
n120 0
H720
V4021
h3240Dl 163 68 .
n120 0
H720
n120 0
H720
V4090
h3403Dl -24 -160 .
n120 0
H720
n120 0
H720
V3929
h3378Dl 131 -95 .
n120 0
H720
n120 0
H720
V4094
h2881Dl 195 -4 .
n120 0
H720
n120 0
H720
n120 0
H720
V4021
h3240Dl 138 -92 .
n120 0
H720
n120 0
H720
V3600
h2545Dl -48 241 .
n120 0
H720
n120 0
H720
V3607
h2354Dl 191 -6 .
n120 0
H720
n120 0
H720
V3571
h3595Dl -50 -154 .
n120 0
H720
n120 0
H720
V3416
h3544Dl 114 -115 .
n120 0
H720
n120 0
H720
V4009
h2678Dl 146 -101 .
n120 0
H720
n120 0
H720
V3907
h2825Dl 56 187 .
n120 0
H720
n120 0
H720
V3929
h3101Dl 138 92 .
n120 0
H720
n120 0
H720
V4090
h3076Dl 24 -160 .
n120 0
H720
n120 0
H720
V3929
h3378Dl -8 -149 .
n120 0
H720
n120 0
H720
n120 0
H720
V3779
h3369Dl 140 54 .
n120 0
H720
n120 0
H720
V3907
h2825Dl 144 -73 .
n120 0
H720
n120 0
H720
V3833
h2970Dl 131 95 .
n120 0
H720
n120 0
H720
V3731
h2839Dl 130 102 .
n120 0
H720
n120 0
H720
V3907
h2825Dl 14 -176 .
n120 0
H720
n120 0
H720
V3833
h2970Dl 140 -54 .
n120 0
H720
n120 0
H720
h3110Dl -8 149 .
n120 0
H720
n120 0
H720
V2968
h2780Dl -102 224 .
n120 0
H720
n120 0
H720
h2678Dl -150 -117 .
n120 0
H720
n120 0
H720
V3600
h2545Dl 178 -3 .
n120 0
H720
n120 0
H720
n120 0
H720
V3720
h3240Dl 129 59 .
n120 0
H720
n120 0
H720
V3412
h2659Dl -113 188 .
n120 0
H720
n120 0
H720
V3532
h3450Dl 94 -116 .
n120 0
H720
n120 0
H720
V3571
h3595Dl -145 -38 .
n120 0
H720
n120 0
H720
V3779
h3369Dl -16 -141 .
n120 0
H720
n120 0
H720
V3597
h2724Dl 115 134 .
n120 0
H720
n120 0
H720
V3779
h3110Dl 129 -59 .
n120 0
H720
n120 0
H720
V3416
h3544Dl -57 -155 .
n120 0
H720
n120 0
H720
V3260
h3487Dl 171 40 .
n120 0
H720
n120 0
H720
V2940
h3025Dl -244 28 .
n120 0
H720
n120 0
H720
n120 0
H720
V2761
h2959Dl 65 179 .
n120 0
H720
n120 0
H720
V3637
h3353Dl 96 -105 .
n120 0
H720
n120 0
H720
V3192
h2678Dl -18 219 .
n120 0
H720
n120 0
H720
V3720
h3240Dl 113 -82 .
n120 0
H720
n120 0
H720
V3412
h2659Dl 64 184 .
n120 0
H720
n120 0
H720
V3109
h3395Dl 58 -168 .
n120 0
H720
n120 0
H720
V3637
h3126Dl 113 82 .
n120 0
H720
n120 0
H720
V3779
h3110Dl 16 -141 .
n120 0
H720
n120 0
H720
V3597
h2724Dl 160 -25 .
n120 0
H720
n120 0
H720
V3571
h2884Dl -45 159 .
n120 0
H720
n120 0
H720
n120 0
H720
V3260
h3487Dl -91 -150 .
n120 0
H720
n120 0
H720
V3504
h3310Dl 139 28 .
n120 0
H720
n120 0
H720
V3637
h3353Dl -43 -133 .
n120 0
H720
n120 0
H720
V3571
h2884Dl 145 -38 .
n120 0
H720
n120 0
H720
V3532
h3029Dl 96 105 .
n120 0
H720
n120 0
H720
V3192
h2678Dl 142 108 .
n120 0
H720
n120 0
H720
V3301
h2820Dl -160 111 .
n120 0
H720
n120 0
H720
V3637
h3126Dl 43 -133 .
n120 0
H720
n120 0
H720
h3169Dl 140 0 .
n120 0
H720
n120 0
H720
V3532
h3029Dl 139 -28 .
n120 0
H720
n120 0
H720
n120 0
H720
V3301
h2820Dl 114 115 .
n120 0
H720
n120 0
H720
h2935Dl -50 154 .
n120 0
H720
n120 0
H720
V3416
h2935Dl 94 116 .
n120 0
H720
n120 0
H720
V3504
h3169Dl 70 -124 .
n120 0
H720
n120 0
H720
h3240Dl 70 124 .
n120 0
H720
n120 0
H720
V3253
h3321Dl 166 6 .
n120 0
H720
n120 0
H720
V3301
h2820Dl 171 -40 .
n120 0
H720
n120 0
H720
V3260
h2992Dl -57 155 .
n120 0
H720
n120 0
H720
V3380
h3240Dl 81 -126 .
n120 0
H720
n120 0
H720
V3253
h3158Dl 81 126 .
n120 0
H720
n120 0
H720
n120 0
H720
V3253
h3321Dl 74 -144 .
n120 0
H720
n120 0
H720
V3260
h2992Dl 166 -6 .
n120 0
H720
n120 0
H720
V3253
h3158Dl 162 0 .
n120 0
H720
n120 0
H720
V3109
h3084Dl -91 150 .
n120 0
H720
n120 0
H720
V2940
h3025Dl 58 168 .
n120 0
H720
n120 0
H720
V3109
h3084Dl 74 144 .
n120 0
H720
n120 0
H720
V2940
h3025Dl 214 50 .
n120 0
H720
n120 0
H720
h3240Dl -155 118 .
n120 0
H720
n120 0
H720
V2990
h3240Dl 214 -50 .
n120 0
H720
n120 0
H720
V3109
h3395Dl -155 -118 .
n120 0
H720
n120 0
H720
n120 0
H720
V4628
h2169c9
500n120 0
H720
n120 0
V7920
p2
x font 1 R
x font 2 I
x font 3 B
x font 4 BI
x font 5 CW
x font 6 H
x font 7 HI
x font 8 HB
x font 9 S1
x font 10 S
s10
f1
H720
V616
h931Dl -142 -148 .
n120 0
H720
n120 0
H720
h788Dl 291 -63 .
n120 0
H720
n120 0
H720
V616
h931Dl -201 102 .
n120 0
H720
n120 0
H720
V436
h524Dl 337 -213 .
n120 0
H720
n120 0
H720
V468
h788Dl -263 -31 .
n120 0
H720
n120 0
H720
V718
h729Dl -207 -44 .
n120 0
H720
n120 0
H720
h522Dl 2 -237 .
n120 0
H720
n120 0
H720
V223
h862Dl 417 32 .
n120 0
H720
n120 0
H720
V256
h1280Dl -200 148 .
n120 0
H720
n120 0
H720
V718
h243Dl 281 -281 .
n120 0
H720
n120 0
H720
n120 0
H720
V436
h524Dl -126 -71 .
n120 0
H720
n120 0
H720
V902
h532Dl -10 -228 .
n120 0
H720
n120 0
H720
V954
h322Dl -79 -236 .
n120 0
H720
n120 0
H720
V902
h532Dl -210 52 .
n120 0
H720
n120 0
H720
V718
h729Dl 21 185 .
n120 0
H720
n120 0
H720
V123
h1080Dl -217 99 .
n120 0
H720
n120 0
H720
V868
h55Dl 343 -502 .
n120 0
H720
n120 0
H720
V1105
h83Dl 159 -387 .
n120 0
H720
n120 0
H720
V1105
h83Dl -27 -237 .
n120 0
H720
n120 0
H720
V826
h917Dl -166 78 .
n120 0
H720
n120 0
H720
n120 0
H720
V954
h322Dl -29 297 .
n120 0
H720
n120 0
H720
V904
h751Dl -110 153 .
n120 0
H720
n120 0
H720
V1058
h640Dl -107 -155 .
n120 0
H720
n120 0
H720
V1162
h478Dl -185 89 .
n120 0
H720
n120 0
H720
V1058
h640Dl -162 103 .
n120 0
H720
n120 0
H720
V1251
h292Dl -111 240 .
n120 0
H720
n120 0
H720
V1492
h181Dl -98 -387 .
n120 0
H720
n120 0
H720
V1492
h181Dl -106 97 .
n120 0
H720
n120 0
H720
V1162
h478Dl 34 223 .
n120 0
H720
n120 0
H720
V1568
h406Dl -224 -75 .
n120 0
H720
n120 0
H720
n120 0
H720
V1058
h640Dl 32 181 .
n120 0
H720
n120 0
H720
V1385
h512Dl -106 183 .
n120 0
H720
n120 0
H720
V1492
h181Dl 180 354 .
n120 0
H720
n120 0
H720
V1093
h802Dl -162 -35 .
n120 0
H720
n120 0
H720
V2072
h446Dl -372 -481 .
n120 0
H720
n120 0
H720
V1629
h626Dl -220 -60 .
n120 0
H720
n120 0
H720
V1239
h673Dl 23 182 .
n120 0
H720
n120 0
H720
V1422
h696Dl -183 -36 .
n120 0
H720
n120 0
H720
V1845
h611Dl -249 2 .
n120 0
H720
n120 0
H720
V123
h1080Dl 584 170 .
n120 0
H720
n120 0
H720
n120 0
H720
V2119
h681Dl -234 -46 .
n120 0
H720
n120 0
H720
V1847
h362Dl 318 271 .
n120 0
H720
n120 0
H720
V1629
h626Dl -14 216 .
n120 0
H720
n120 0
H720
V989
h926Dl -123 104 .
n120 0
H720
n120 0
H720
V826
h917Dl 8 163 .
n120 0
H720
n120 0
H720
V1422
h696Dl 111 152 .
n120 0
H720
n120 0
H720
V1575
h808Dl -181 54 .
n120 0
H720
n120 0
H720
V1239
h673Dl 157 42 .
n120 0
H720
n120 0
H720
V1845
h611Dl 273 120 .
n120 0
H720
n120 0
H720
V2145
h1080Dl 59 131 .
n120 0
H720
n120 0
H720
n120 0
H720
V2119
h681Dl 398 26 .
n120 0
H720
n120 0
H720
V1575
h808Dl 48 186 .
n120 0
H720
n120 0
H720
h856Dl 28 203 .
n120 0
H720
n120 0
H720
V1965
h885Dl 194 180 .
n120 0
H720
n120 0
H720
V1431
h891Dl -83 143 .
n120 0
H720
n120 0
H720
V1281
h830Dl 61 149 .
n120 0
H720
n120 0
H720
V1170
h935Dl -104 111 .
n120 0
H720
n120 0
H720
V1093
h802Dl 133 76 .
n120 0
H720
n120 0
H720
V738
h1080Dl -162 87 .
n120 0
H720
n120 0
H720
V616
h931Dl 148 122 .
n120 0
H720
n120 0
H720
n120 0
H720
V2145
h1080Dl 393 -62 .
n120 0
H720
n120 0
H720
V1761
h856Dl 223 35 .
n120 0
H720
n120 0
H720
V1575
h808Dl 183 24 .
n120 0
H720
n120 0
H720
V1954
h1221Dl -141 190 .
n120 0
H720
n120 0
H720
V2072
h1713Dl -573 205 .
n120 0
H720
n120 0
H720
V1797
h1080Dl 141 157 .
n120 0
H720
n120 0
H720
V1328
h1005Dl -114 103 .
n120 0
H720
n120 0
H720
V2083
h1473Dl 356 -219 .
n120 0
H720
n120 0
H720
V1863
h1830Dl -117 208 .
n120 0
H720
n120 0
H720
V1600
h991Dl 180 34 .
n120 0
H720
n120 0
H720
n120 0
H720
h1171Dl -91 163 .
n120 0
H720
n120 0
H720
V1462
h1080Dl -88 137 .
n120 0
H720
n120 0
H720
V294
h1664Dl -29 142 .
n120 0
H720
n120 0
H720
h1635Dl -354 -180 .
n120 0
H720
n120 0
H720
V1845
h1548Dl -74 237 .
n120 0
H720
n120 0
H720
V1764
h1347Dl -125 190 .
n120 0
H720
n120 0
H720
V1328
h1005Dl 74 134 .
n120 0
H720
n120 0
H720
V1764
h1347Dl 200 80 .
n120 0
H720
n120 0
H720
V1492
h1978Dl 144 -16 .
n120 0
H720
n120 0
H720
V1863
h1830Dl 148 -371 .
n120 0
H720
n120 0
H720
n120 0
H720
V1200
h1080Dl -74 127 .
n120 0
H720
n120 0
H720
V1170
h935Dl 144 30 .
n120 0
H720
n120 0
H720
V1575
h1351Dl -4 189 .
n120 0
H720
n120 0
H720
V1634
h1171Dl 179 -58 .
n120 0
H720
n120 0
H720
V868
h2104Dl -162 -175 .
n120 0
H720
n120 0
H720
V1845
h1548Dl 198 -222 .
n120 0
H720
n120 0
H720
V1462
h1080Dl 161 -11 .
n120 0
H720
n120 0
H720
V989
h926Dl 138 65 .
n120 0
H720
n120 0
H720
V1622
h1746Dl 231 -129 .
n120 0
H720
n120 0
H720
V1451
h1241Dl 110 123 .
n120 0
H720
n120 0
H720
n120 0
H720
V868
h2104Dl 17 608 .
n120 0
H720
n120 0
H720
V1575
h1351Dl 192 11 .
n120 0
H720
n120 0
H720
h1544Dl 202 36 .
n120 0
H720
n120 0
H720
V1492
h1978Dl 62 -393 .
n120 0
H720
n120 0
H720
V1310
h1178Dl 62 140 .
n120 0
H720
n120 0
H720
V1200
h1080Dl 98 109 .
n120 0
H720
n120 0
H720
V1054
h1064Dl 15 146 .
n120 0
H720
n120 0
H720
V1099
h2040Dl -98 -407 .
n120 0
H720
n120 0
H720
h1942Dl -307 -255 .
n120 0
H720
n120 0
H720
V1408
h1432Dl -80 166 .
n120 0
H720
n120 0
H720
n120 0
H720
V1299
h1840Dl 137 193 .
n120 0
H720
n120 0
H720
V1586
h1544Dl 102 -201 .
n120 0
H720
n120 0
H720
V1310
h1178Dl 150 -28 .
n120 0
H720
n120 0
H720
V1281
h1329Dl 102 126 .
n120 0
H720
n120 0
H720
V1385
h1647Dl 193 -85 .
n120 0
H720
n120 0
H720
V903
h1096Dl -31 150 .
n120 0
H720
n120 0
H720
V1200
h1080Dl 134 -59 .
n120 0
H720
n120 0
H720
V1247
h1520Dl 126 137 .
n120 0
H720
n120 0
H720
V1408
h1432Dl 88 -161 .
n120 0
H720
n120 0
H720
V954
h1837Dl 203 144 .
n120 0
H720
n120 0
H720
n120 0
H720
V1120
h1698Dl 142 178 .
n120 0
H720
n120 0
H720
V1141
h1214Dl 152 -16 .
n120 0
H720
n120 0
H720
V1124
h1367Dl -38 157 .
n120 0
H720
n120 0
H720
V1120
h1698Dl 138 -166 .
n120 0
H720
n120 0
H720
V738
h1080Dl 16 165 .
n120 0
H720
n120 0
H720
V989
h1233Dl -19 152 .
n120 0
H720
n120 0
H720
V697
h1686Dl -51 -260 .
n120 0
H720
n120 0
H720
V436
h1635Dl -226 71 .
n120 0
H720
n120 0
H720
V954
h1837Dl -150 -257 .
n120 0
H720
n120 0
H720
V1058
h1519Dl 178 62 .
n120 0
H720
n120 0
H720
n120 0
H720
V1247
h1520Dl 0 -189 .
n120 0
H720
n120 0
H720
V903
h1096Dl 137 85 .
n120 0
H720
n120 0
H720
V1124
h1367Dl 152 -66 .
n120 0
H720
n120 0
H720
h1519Dl 70 -179 .
n120 0
H720
n120 0
H720
V878
h1589Dl 96 -181 .
n120 0
H720
n120 0
H720
V930
h1386Dl 133 127 .
n120 0
H720
n120 0
H720
V989
h1233Dl 152 -58 .
n120 0
H720
n120 0
H720
V796
h1260Dl 126 133 .
n120 0
H720
n120 0
H720
V878
h1589Dl -159 -160 .
n120 0
H720
n120 0
H720
V738
h1080Dl 180 58 .
n120 0
H720
n120 0
H720
n120 0
H720
V718
h1430Dl -21 -210 .
n120 0
H720
n120 0
H720
V796
h1260Dl 170 -77 .
n120 0
H720
n120 0
H720
V738
h1080Dl 114 -150 .
n120 0
H720
n120 0
H720
h1194Dl 213 -80 .
n120 0
H720
n120 0
H720
V588
h1194Dl -114 -183 .
n120 0
H720
n120 0
H720
V2228
099502n120 0
H720
n120 0
H720
V584
h2792Dl 233 -43 .
n120 0
H720
n120 0
H720
V540
h3025Dl 39 167 .
n120 0
H720
n120 0
H720
V860
h2992Dl -167 22 .
n120 0
H720
n120 0
H720
V708
h3065Dl -72 152 .
n120 0
H720
n120 0
H720
V882
h2825Dl -146 -89 .
n120 0
H720
n120 0
H720
n120 0
H720
V792
h2678Dl 113 -208 .
n120 0
H720
n120 0
H720
V359
h2990Dl 34 180 .
n120 0
H720
n120 0
H720
V792
h2678Dl -161 -88 .
n120 0
H720
n120 0
H720
V436
h2684Dl 306 -77 .
n120 0
H720
n120 0
H720
V584
h2792Dl -107 -147 .
n120 0
H720
n120 0
H720
V704
h2517Dl 167 -267 .
n120 0
H720
n120 0
H720
V1006
h2642Dl 35 -213 .
n120 0
H720
n120 0
H720
V1058
h2800Dl -157 -51 .
n120 0
H720
n120 0
H720
V882
h2825Dl -25 175 .
n120 0
H720
n120 0
H720
V860
h2992Dl -42 152 .
n120 0
H720
n120 0
H720
n120 0
H720
h2950Dl -150 45 .
n120 0
H720
n120 0
H720
V1058
h2800Dl -82 156 .
n120 0
H720
n120 0
H720
V537
h2419Dl 265 -100 .
n120 0
H720
n120 0
H720
V867
h3150Dl -157 -7 .
n120 0
H720
n120 0
H720
V1200
h2545Dl -182 -22 .
n120 0
H720
n120 0
H720
V1006
h2642Dl -96 194 .
n120 0
H720
n120 0
H720
V1178
h2363Dl -63 -282 .
n120 0
H720
n120 0
H720
V895
h2299Dl 217 -191 .
n120 0
H720
n120 0
H720
V1214
h2717Dl -171 -13 .
n120 0
H720
n120 0
H720
V895
h2299Dl 119 -357 .
n120 0
H720
n120 0
H720
n120 0
H720
V1183
h2895Dl -94 -125 .
n120 0
H720
n120 0
H720
V1200
h2545Dl -30 235 .
n120 0
H720
n120 0
H720
V1183
h2895Dl -55 147 .
n120 0
H720
n120 0
H720
V1331
h2839Dl -122 -116 .
n120 0
H720
n120 0
H720
V1132
h3029Dl -134 50 .
n120 0
H720
n120 0
H720
V1012
h2950Dl 79 120 .
n120 0
H720
n120 0
H720
V1255
h2185Dl 113 -359 .
n120 0
H720
n120 0
H720
V1436
h2515Dl -173 56 .
n120 0
H720
n120 0
H720
h2341Dl 21 -314 .
n120 0
H720
n120 0
H720
V215
h2862Dl -177 221 .
n120 0
H720
n120 0
H720
n120 0
H720
V1492
h2341Dl -155 -237 .
n120 0
H720
n120 0
H720
V1331
h2839Dl -30 166 .
n120 0
H720
n120 0
H720
h2809Dl -130 111 .
n120 0
H720
n120 0
H720
V1609
h2678Dl -163 -172 .
n120 0
H720
n120 0
H720
V1735
h2544Dl -202 -242 .
n120 0
H720
n120 0
H720
V1609
h2678Dl -134 126 .
n120 0
H720
n120 0
H720
V1492
h2341Dl 13 283 .
n120 0
H720
n120 0
H720
V353
h2624Dl 238 -138 .
n120 0
H720
n120 0
H720
V537
h2419Dl 205 -184 .
n120 0
H720
n120 0
H720
V1331
h2839Dl 131 87 .
n120 0
H720
n120 0
H720
n120 0
H720
V1776
h2355Dl -111 -251 .
n120 0
H720
n120 0
H720
V1524
h2243Dl -57 -269 .
n120 0
H720
n120 0
H720
V1709
h2870Dl -192 -100 .
n120 0
H720
n120 0
H720
V1418
h2971Dl -3 157 .
n120 0
H720
n120 0
H720
h2968Dl -159 -78 .
n120 0
H720
n120 0
H720
V1132
h3029Dl 83 109 .
n120 0
H720
n120 0
H720
V2000
h2658Dl -303 -224 .
n120 0
H720
n120 0
H720
V1735
h2544Dl 114 265 .
n120 0
H720
n120 0
H720
V1575
h2968Dl -97 134 .
n120 0
H720
n120 0
H720
V1092
h3161Dl -131 39 .
n120 0
H720
n120 0
H720
n120 0
H720
V1242
h3113Dl -2 137 .
n120 0
H720
n120 0
H720
h3110Dl -138 38 .
n120 0
H720
n120 0
H720
V1523
h3116Dl -148 51 .
n120 0
H720
n120 0
H720
V2027
h2947Dl -288 -27 .
n120 0
H720
n120 0
H720
V1575
h2968Dl 123 127 .
n120 0
H720
n120 0
H720
V1379
h3110Dl 6 143 .
n120 0
H720
n120 0
H720
V1861
h3025Dl -78 166 .
n120 0
H720
n120 0
H720
V1709
h2870Dl 154 151 .
n120 0
H720
n120 0
H720
V1702
h3091Dl -66 158 .
n120 0
H720
n120 0
H720
V2000
h2658Dl 307 219 .
n120 0
H720
n120 0
H720
n120 0
H720
V1523
h3116Dl 123 98 .
n120 0
H720
n120 0
H720
h3240Dl -148 80 .
n120 0
H720
n120 0
H720
V867
h3150Dl 89 112 .
n120 0
H720
n120 0
H720
V980
h3240Dl -78 112 .
n120 0
H720
n120 0
H720
V212
h3240Dl -249 147 .
n120 0
H720
n120 0
H720
V215
h2862Dl 377 -2 .
n120 0
H720
n120 0
H720
V1861
h3025Dl 214 101 .
n120 0
H720
n120 0
H720
V2145
h3240Dl -274 74 .
n120 0
H720
n120 0
H720
V2027
h2947Dl 292 117 .
n120 0
H720
n120 0
H720
V1334
h3240Dl -129 45 .
n120 0
H720
n120 0
H720
n120 0
H720
V1092
h3161Dl 78 108 .
n120 0
H720
n120 0
H720
h3240Dl -126 41 .
n120 0
H720
n120 0
H720
V1963
h3240Dl 0 182 .
n120 0
H720
n120 0
H720
V1200
h3240Dl 0 133 .
n120 0
H720
n120 0
H720
V2145
h3240Dl 274 74 .
n120 0
H720
n120 0
H720
V2220
h3514Dl -274 28 .
n120 0
H720
n120 0
H720
h3240Dl -274 -28 .
n120 0
H720
n120 0
H720
V738
h3240Dl -89 128 .
n120 0
H720
n120 0
H720
V708
h3065Dl 174 30 .
n120 0
H720
n120 0
H720
V1621
h3240Dl 148 80 .
n120 0
H720
n120 0
H720
n120 0
H720
V2027
h3532Dl -292 117 .
n120 0
H720
n120 0
H720
V1523
h3363Dl -123 98 .
n120 0
H720
n120 0
H720
V1702
h3388Dl 66 158 .
n120 0
H720
n120 0
H720
V1861
h3454Dl -214 101 .
n120 0
H720
n120 0
H720
V1861
h3454Dl 78 166 .
n120 0
H720
n120 0
H720
V1379
h3369Dl -6 143 .
n120 0
H720
n120 0
H720
V1334
h3240Dl 129 45 .
n120 0
H720
n120 0
H720
V2027
h3532Dl 288 -27 .
n120 0
H720
n120 0
H720
h3821Dl -307 219 .
n120 0
H720
n120 0
H720
V1092
h3318Dl -78 108 .
n120 0
H720
n120 0
H720
n120 0
H720
V1523
h3363Dl 148 51 .
n120 0
H720
n120 0
H720
V1575
h3511Dl -123 127 .
n120 0
H720
n120 0
H720
V1200
h3240Dl 126 41 .
n120 0
H720
n120 0
H720
V1709
h3609Dl -154 151 .
n120 0
H720
n120 0
H720
V1242
h3366Dl 2 137 .
n120 0
H720
n120 0
H720
V1575
h3511Dl 97 134 .
n120 0
H720
n120 0
H720
V980
h3240Dl 78 112 .
n120 0
H720
n120 0
H720
V2000
h3821Dl 303 -224 .
n120 0
H720
n120 0
H720
V1379
h3369Dl 138 38 .
n120 0
H720
n120 0
H720
V1418
h3508Dl 3 157 .
n120 0
H720
n120 0
H720
n120 0
H720
V1735
h3935Dl -114 265 .
n120 0
H720
n120 0
H720
V1575
h3511Dl 159 -78 .
n120 0
H720
n120 0
H720
V1609
h3801Dl 134 126 .
n120 0
H720
n120 0
H720
V1709
h3609Dl 192 -100 .
n120 0
H720
n120 0
H720
V1497
h3670Dl 130 111 .
n120 0
H720
n120 0
H720
V1735
h3935Dl 202 -242 .
n120 0
H720
n120 0
H720
V1492
h4138Dl -13 283 .
n120 0
H720
n120 0
H720
V1255
h4294Dl -57 269 .
n120 0
H720
n120 0
H720
h4236Dl -111 251 .
n120 0
H720
n120 0
H720
V1331
h3640Dl 30 166 .
n120 0
H720
n120 0
H720
n120 0
H720
V1418
h3508Dl 131 -87 .
n120 0
H720
n120 0
H720
V1092
h3318Dl 131 39 .
n120 0
H720
n120 0
H720
V1132
h3450Dl -83 109 .
n120 0
H720
n120 0
H720
V1609
h3801Dl 163 -172 .
n120 0
H720
n120 0
H720
V215
h3617Dl -377 -2 .
n120 0
H720
n120 0
H720
V1492
h4138Dl 155 -237 .
n120 0
H720
n120 0
H720
V1436
h3964Dl 173 56 .
n120 0
H720
n120 0
H720
V1183
h3584Dl 55 147 .
n120 0
H720
n120 0
H720
V1132
h3450Dl 134 50 .
n120 0
H720
n120 0
H720
V1492
h4138Dl -21 -314 .
n120 0
H720
n120 0
H720
n120 0
H720
V1331
h3640Dl 122 -116 .
n120 0
H720
n120 0
H720
V867
h3329Dl -89 112 .
n120 0
H720
n120 0
H720
V1214
h3762Dl 171 -13 .
n120 0
H720
n120 0
H720
V1200
h3934Dl 30 235 .
n120 0
H720
n120 0
H720
V1200
h3934Dl 182 -22 .
n120 0
H720
n120 0
H720
V895
h4180Dl -119 -357 .
n120 0
H720
n120 0
H720
V1255
h4294Dl -113 -359 .
n120 0
H720
n120 0
H720
V1178
h4116Dl 63 -282 .
n120 0
H720
n120 0
H720
V215
h3617Dl 238 138 .
n120 0
H720
n120 0
H720
h3855Dl 205 184 .
n120 0
H720
n120 0
H720
n120 0
H720
V1058
h3679Dl 82 156 .
n120 0
H720
n120 0
H720
V1183
h3584Dl 94 -125 .
n120 0
H720
n120 0
H720
V1132
h3450Dl 79 -120 .
n120 0
H720
n120 0
H720
V1006
h3837Dl 96 194 .
n120 0
H720
n120 0
H720
V1012
h3529Dl 150 45 .
n120 0
H720
n120 0
H720
V1058
h3679Dl 157 -51 .
n120 0
H720
n120 0
H720
V436
h3795Dl -177 -221 .
n120 0
H720
n120 0
H720
V537
h4060Dl -265 -100 .
n120 0
H720
n120 0
H720
V895
h4180Dl -217 -191 .
n120 0
H720
n120 0
H720
V738
h3240Dl 89 128 .
n120 0
H720
n120 0
H720
n120 0
H720
V704
h3962Dl -167 -267 .
n120 0
H720
n120 0
H720
V359
h3489Dl -249 -147 .
n120 0
H720
n120 0
H720
V792
h3801Dl 161 -88 .
n120 0
H720
n120 0
H720
V1006
h3837Dl -35 -213 .
n120 0
H720
n120 0
H720
V1058
h3679Dl -25 -175 .
n120 0
H720
n120 0
H720
V867
h3329Dl 157 -7 .
n120 0
H720
n120 0
H720
h3487Dl 42 152 .
n120 0
H720
n120 0
H720
V436
h3795Dl -306 -77 .
n120 0
H720
n120 0
H720
V882
h3654Dl 146 -89 .
n120 0
H720
n120 0
H720
V860
h3487Dl 167 22 .
n120 0
H720
n120 0
H720
n120 0
H720
V584
h3687Dl 107 -147 .
n120 0
H720
n120 0
H720
V792
h3801Dl -113 -208 .
n120 0
H720
n120 0
H720
V708
h3414Dl 72 152 .
n120 0
H720
n120 0
H720
V738
h3240Dl 174 -30 .
n120 0
H720
n120 0
H720
V540
h3454Dl 34 -180 .
n120 0
H720
n120 0
H720
V584
h3687Dl -233 -43 .
n120 0
H720
n120 0
H720
V708
h3414Dl 39 -167 .
n120 0
H720
n120 0
H720
V738
h3240Dl 0 -165 .
n120 0
H720
n120 0
H720
V572
h3240Dl -214 -31 .
n120 0
H720
n120 0
H720
V572
h3240Dl 214 -31 .
n120 0
H720
n120 0
H720
n120 0
H720
V2228
h2169c1
500502n120 0
H720
n120 0
H720
V2521
h798Dl 281 42 .
n120 0
H720
n120 0
H720
V2729
h619Dl 179 -207 .
n120 0
H720
n120 0
H720
V2521
h798Dl -124 -126 .
n120 0
H720
n120 0
H720
V2878
h729Dl -109 -149 .
n120 0
H720
n120 0
H720
V2674
h288Dl 386 -279 .
n120 0
H720
n120 0
H720
V2834
h367Dl -78 -159 .
n120 0
H720
n120 0
H720
V2729
h619Dl -252 105 .
n120 0
H720
n120 0
H720
V2395
h674Dl 405 -111 .
n120 0
H720
n120 0
H720
V2520
h1360Dl -280 44 .
n120 0
H720
n120 0
H720
V2283
h1080Dl 407 112 .
n120 0
H720
n120 0
H720
n120 0
H720
V3028
h55Dl 232 -353 .
n120 0
H720
n120 0
H720
V2834
h367Dl -44 280 .
n120 0
H720
n120 0
H720
V2396
h1487Dl -127 124 .
n120 0
H720
n120 0
H720
V3448
h36Dl 18 -419 .
n120 0
H720
n120 0
H720
V3114
h322Dl -127 254 .
n120 0
H720
n120 0
H720
V3369
h195Dl -158 78 .
n120 0
H720
n120 0
H720
V3171
h500Dl -177 -56 .
n120 0
H720
n120 0
H720
V3448
h36Dl 146 453 .
n120 0
H720
n120 0
H720
V2878
h729Dl -68 183 .
n120 0
H720
n120 0
H720
h661Dl -160 110 .
n120 0
H720
n120 0
H720
n120 0
H720
V3603
h336Dl -141 -234 .
n120 0
H720
n120 0
H720
V2677
h1872Dl -385 -281 .
n120 0
H720
n120 0
H720
V3603
h336Dl 22 272 .
n120 0
H720
n120 0
H720
V3876
h358Dl -176 25 .
n120 0
H720
n120 0
H720
V4232
h446Dl -264 -330 .
n120 0
H720
n120 0
H720
V3171
h500Dl 63 184 .
n120 0
H720
n120 0
H720
V3545
h512Dl -176 58 .
n120 0
H720
n120 0
H720
V4380
h840Dl -393 -147 .
n120 0
H720
n120 0
H720
V3876
h358Dl 253 128 .
n120 0
H720
n120 0
H720
V3356
h564Dl -51 188 .
n120 0
H720
n120 0
H720
n120 0
H720
V4380
h840Dl 476 1 .
n120 0
H720
n120 0
H720
V4205
h814Dl 26 175 .
n120 0
H720
n120 0
H720
V4005
h611Dl 202 199 .
n120 0
H720
n120 0
H720
V3853
h720Dl -109 151 .
n120 0
H720
n120 0
H720
V3545
h512Dl 152 121 .
n120 0
H720
n120 0
H720
V4232
h1713Dl -395 149 .
n120 0
H720
n120 0
H720
V2677
h1872Dl 231 350 .
n120 0
H720
n120 0
H720
V2868
h925Dl -195 9 .
n120 0
H720
n120 0
H720
V3903
h1975Dl 148 -453 .
n120 0
H720
n120 0
H720
V3666
h665Dl 55 186 .
n120 0
H720
n120 0
H720
n120 0
H720
V3903
h1975Dl -262 328 .
n120 0
H720
n120 0
H720
V4205
h814Dl 266 -62 .
n120 0
H720
n120 0
H720
V4142
h1081Dl 266 63 .
n120 0
H720
n120 0
H720
V4206
h1347Dl -30 175 .
n120 0
H720
n120 0
H720
V3028
h2104Dl 19 422 .
n120 0
H720
n120 0
H720
V3853
h720Dl 195 -3 .
n120 0
H720
n120 0
H720
V3874
h1800Dl 174 29 .
n120 0
H720
n120 0
H720
V3957
h1080Dl 1 185 .
n120 0
H720
n120 0
H720
V3356
h564Dl 159 -24 .
n120 0
H720
n120 0
H720
V4206
h1347Dl 200 -200 .
n120 0
H720
n120 0
H720
n120 0
H720
V3850
h916Dl 163 106 .
n120 0
H720
n120 0
H720
V3594
h810Dl -144 72 .
n120 0
H720
n120 0
H720
V4005
h1548Dl 252 -130 .
n120 0
H720
n120 0
H720
V2834
h1791Dl 81 -156 .
n120 0
H720
n120 0
H720
V3176
h774Dl -50 154 .
n120 0
H720
n120 0
H720
V3061
h661Dl 113 115 .
n120 0
H720
n120 0
H720
V3450
h2123Dl -157 -82 .
n120 0
H720
n120 0
H720
V3594
h810Dl 131 95 .
n120 0
H720
n120 0
H720
V3690
h941Dl -25 159 .
n120 0
H720
n120 0
H720
V3957
h1080Dl 162 -107 .
n120 0
H720
n120 0
H720
n120 0
H720
V3854
h1437Dl 110 150 .
n120 0
H720
n120 0
H720
V3441
h830Dl -20 152 .
n120 0
H720
n120 0
H720
V3874
h1800Dl 23 -273 .
n120 0
H720
n120 0
H720
h1823Dl 142 -233 .
n120 0
H720
n120 0
H720
V3331
h723Dl 106 110 .
n120 0
H720
n120 0
H720
V3849
h1242Dl 194 5 .
n120 0
H720
n120 0
H720
V2727
h1538Dl -178 -207 .
n120 0
H720
n120 0
H720
V2834
h1791Dl -252 -106 .
n120 0
H720
n120 0
H720
V3368
h1966Dl -128 -253 .
n120 0
H720
n120 0
H720
V3689
h1218Dl 24 160 .
n120 0
H720
n120 0
H720
n120 0
H720
V3690
h941Dl 138 -67 .
n120 0
H720
n120 0
H720
V3114
h1837Dl -46 -280 .
n120 0
H720
n120 0
H720
V3854
h1437Dl 56 -186 .
n120 0
H720
n120 0
H720
V3622
h1080Dl 138 66 .
n120 0
H720
n120 0
H720
V3545
h1647Dl 176 56 .
n120 0
H720
n120 0
H720
V3668
h1494Dl 152 -122 .
n120 0
H720
n120 0
H720
V3689
h1218Dl 131 -95 .
n120 0
H720
n120 0
H720
h1350Dl 144 73 .
n120 0
H720
n120 0
H720
V3441
h830Dl 135 -44 .
n120 0
H720
n120 0
H720
V3480
h1079Dl 0 142 .
n120 0
H720
n120 0
H720
n120 0
H720
V3397
h966Dl 112 82 .
n120 0
H720
n120 0
H720
V3545
h1647Dl -52 -188 .
n120 0
H720
n120 0
H720
V3173
h1660Dl 177 -58 .
n120 0
H720
n120 0
H720
V3441
h1329Dl 21 152 .
n120 0
H720
n120 0
H720
V3176
h774Dl 151 -27 .
n120 0
H720
n120 0
H720
V3480
h1079Dl 113 -81 .
n120 0
H720
n120 0
H720
V3356
h1594Dl 65 -183 .
n120 0
H720
n120 0
H720
V3264
h1010Dl -43 132 .
n120 0
H720
n120 0
H720
V3398
h1193Dl 136 43 .
n120 0
H720
n120 0
H720
V3330
h1435Dl 159 26 .
n120 0
H720
n120 0
H720
n120 0
H720
V3441
h1329Dl 105 -111 .
n120 0
H720
n120 0
H720
V3149
h926Dl 84 115 .
n120 0
H720
n120 0
H720
V3265
h1150Dl 42 133 .
n120 0
H720
n120 0
H720
V3264
h1010Dl 139 0 .
n120 0
H720
n120 0
H720
V3173
h1660Dl -159 -111 .
n120 0
H720
n120 0
H720
V3175
h1385Dl 49 154 .
n120 0
H720
n120 0
H720
V3175
h1385Dl 114 -114 .
n120 0
H720
n120 0
H720
V3013
h998Dl -72 135 .
n120 0
H720
n120 0
H720
V3265
h1150Dl 83 -115 .
n120 0
H720
n120 0
H720
V2878
h1430Dl 108 -150 .
n120 0
H720
n120 0
H720
n120 0
H720
V3149
h1233Dl 151 26 .
n120 0
H720
n120 0
H720
V3061
h1500Dl -69 -182 .
n120 0
H720
n120 0
H720
V2868
h925Dl 73 144 .
n120 0
H720
n120 0
H720
V3013
h1160Dl 73 135 .
n120 0
H720
n120 0
H720
V3013
h998Dl 162 0 .
n120 0
H720
n120 0
H720
V2870
h1235Dl 195 8 .
n120 0
H720
n120 0
H720
V3013
h1160Dl 74 -143 .
n120 0
H720
n120 0
H720
V2751
h1080Dl 0 -186 .
n120 0
H720
n120 0
H720
V2751
h1080Dl -155 117 .
n120 0
H720
n120 0
H720
V2870
h1235Dl -154 -118 .
n120 0
H720
n120 0
H720
n120 0
H720
V4388
091501500n120 0
H720
n120 0
H720
V2822
h3111Dl 188 -53 .
n120 0
H720
n120 0
H720
V2768
h3300Dl 88 149 .
n120 0
H720
n120 0
H720
V2918
h3388Dl -112 106 .
n120 0
H720
n120 0
H720
h3275Dl -150 -43 .
n120 0
H720
n120 0
H720
h3125Dl -14 -158 .
n120 0
H720
n120 0
H720
V2796
h3504Dl -116 121 .
n120 0
H720
n120 0
H720
V2768
h3300Dl 204 27 .
n120 0
H720
n120 0
H720
V3070
h3422Dl -147 -45 .
n120 0
H720
n120 0
H720
V2918
h3388Dl 34 152 .
n120 0
H720
n120 0
H720
V3121
h3164Dl -39 -140 .
n120 0
H720
n120 0
H720
n120 0
H720
V3024
h3275Dl -110 96 .
n120 0
H720
n120 0
H720
V2938
h2966Dl 144 -115 .
n120 0
H720
n120 0
H720
V2981
h3125Dl -158 -42 .
n120 0
H720
n120 0
H720
V3070
h3422Dl -109 92 .
n120 0
H720
n120 0
H720
h3313Dl -37 -137 .
n120 0
H720
n120 0
H720
V2918
h3388Dl 169 51 .
n120 0
H720
n120 0
H720
V3121
h3164Dl -144 -23 .
n120 0
H720
n120 0
H720
V3097
h3020Dl 105 -116 .
n120 0
H720
n120 0
H720
V2796
h3504Dl 52 173 .
n120 0
H720
n120 0
H720
V3162
h3313Dl -104 88 .
n120 0
H720
n120 0
H720
n120 0
H720
h3209Dl -44 -129 .
n120 0
H720
n120 0
H720
V3215
h3444Dl -131 -52 .
n120 0
H720
n120 0
H720
V3070
h3422Dl 22 144 .
n120 0
H720
n120 0
H720
V2970
h3557Dl 8 164 .
n120 0
H720
n120 0
H720
h3565Dl -143 -63 .
n120 0
H720
n120 0
H720
V3134
h3565Dl -121 81 .
n120 0
H720
n120 0
H720
V3230
h3074Dl -53 -132 .
n120 0
H720
n120 0
H720
V3121
h3164Dl -90 108 .
n120 0
H720
n120 0
H720
V3250
h3209Dl -134 -20 .
n120 0
H720
n120 0
H720
V3215
h3444Dl -109 82 .
n120 0
H720
n120 0
H720
n120 0
H720
h3335Dl -21 -134 .
n120 0
H720
n120 0
H720
V3297
h3335Dl -126 -46 .
n120 0
H720
n120 0
H720
V3134
h3565Dl 4 156 .
n120 0
H720
n120 0
H720
h3570Dl -125 -75 .
n120 0
H720
n120 0
H720
V3369
h3451Dl -116 -71 .
n120 0
H720
n120 0
H720
V3356
h3125Dl -51 -126 .
n120 0
H720
n120 0
H720
V3250
h3209Dl -83 105 .
n120 0
H720
n120 0
H720
V3072
h3712Dl -146 62 .
n120 0
H720
n120 0
H720
V2970
h3557Dl 154 101 .
n120 0
H720
n120 0
H720
V3290
h3570Dl -119 78 .
n120 0
H720
n120 0
H720
n120 0
H720
V3230
h3074Dl -142 -6 .
n120 0
H720
n120 0
H720
V3223
h2931Dl 88 -125 .
n120 0
H720
n120 0
H720
V3369
h3451Dl -121 62 .
n120 0
H720
n120 0
H720
h3329Dl 5 -134 .
n120 0
H720
n120 0
H720
V2796
h3504Dl 198 83 .
n120 0
H720
n120 0
H720
h3703Dl -145 90 .
n120 0
H720
n120 0
H720
V3083
h2864Dl 101 -145 .
n120 0
H720
n120 0
H720
V3097
h3020Dl -155 -14 .
n120 0
H720
n120 0
H720
V3468
h3200Dl -74 -111 .
n120 0
H720
n120 0
H720
V3431
h3329Dl -129 36 .
n120 0
H720
n120 0
H720
n120 0
H720
V3356
h3125Dl -136 1 .
n120 0
H720
n120 0
H720
V2879
h3703Dl 9 192 .
n120 0
H720
n120 0
H720
V3290
h3570Dl 1 153 .
n120 0
H720
n120 0
H720
V3444
h3572Dl -121 -75 .
n120 0
H720
n120 0
H720
V3358
h2988Dl -57 -134 .
n120 0
H720
n120 0
H720
V3510
h3441Dl -111 -79 .
n120 0
H720
n120 0
H720
V3369
h3451Dl -9 141 .
n120 0
H720
n120 0
H720
V3223
h2931Dl -66 -140 .
n120 0
H720
n120 0
H720
V3444
h3572Dl -130 66 .
n120 0
H720
n120 0
H720
V3468
h3200Dl -136 10 .
n120 0
H720
n120 0
H720
n120 0
H720
h3064Dl 61 -121 .
n120 0
H720
n120 0
H720
V3564
h3297Dl -96 -96 .
n120 0
H720
n120 0
H720
V3431
h3329Dl -32 132 .
n120 0
H720
n120 0
H720
V3365
h3706Dl -134 79 .
n120 0
H720
n120 0
H720
V3290
h3570Dl 136 74 .
n120 0
H720
n120 0
H720
V3478
h3064Dl -75 -120 .
n120 0
H720
n120 0
H720
V3072
h3712Dl 109 162 .
n120 0
H720
n120 0
H720
h3821Dl -115 130 .
n120 0
H720
n120 0
H720
V3564
h3297Dl -137 34 .
n120 0
H720
n120 0
H720
V3599
h3159Dl 40 -130 .
n120 0
H720
n120 0
H720
n120 0
H720
V3444
h3572Dl -16 156 .
n120 0
H720
n120 0
H720
h3556Dl -114 -90 .
n120 0
H720
n120 0
H720
V3653
h3408Dl -111 -89 .
n120 0
H720
n120 0
H720
V3510
h3441Dl -32 142 .
n120 0
H720
n120 0
H720
V3352
h2843Dl 88 -129 .
n120 0
H720
n120 0
H720
V3358
h2988Dl -145 -5 .
n120 0
H720
n120 0
H720
V3365
h3706Dl 2 177 .
n120 0
H720
n120 0
H720
V3478
h3064Dl -142 10 .
n120 0
H720
n120 0
H720
h2921Dl 67 -130 .
n120 0
H720
n120 0
H720
V3600
h3556Dl -147 52 .
n120 0
H720
n120 0
H720
n120 0
H720
V3542
h3709Dl -153 58 .
n120 0
H720
n120 0
H720
V3703
h3263Dl -103 -104 .
n120 0
H720
n120 0
H720
V3564
h3297Dl -34 138 .
n120 0
H720
n120 0
H720
V3653
h3408Dl -145 49 .
n120 0
H720
n120 0
H720
V3599
h3159Dl -146 13 .
n120 0
H720
n120 0
H720
h3013Dl 50 -133 .
n120 0
H720
n120 0
H720
V3046
h3888Dl -66 188 .
n120 0
H720
n120 0
H720
V3072
h3712Dl 176 -25 .
n120 0
H720
n120 0
H720
V3488
h2921Dl -78 -135 .
n120 0
H720
n120 0
H720
V3234
h3821Dl 36 203 .
n120 0
H720
n120 0
H720
n120 0
H720
V3438
h3858Dl -151 -72 .
n120 0
H720
n120 0
H720
V3612
h3013Dl -92 -123 .
n120 0
H720
n120 0
H720
V3438
h3858Dl -148 104 .
n120 0
H720
n120 0
H720
V3703
h3263Dl -153 32 .
n120 0
H720
n120 0
H720
h3109Dl 50 -136 .
n120 0
H720
n120 0
H720
V3542
h3709Dl -49 178 .
n120 0
H720
n120 0
H720
h3660Dl -104 -119 .
n120 0
H720
n120 0
H720
V3806
h3380Dl -117 -103 .
n120 0
H720
n120 0
H720
V3653
h3408Dl -28 152 .
n120 0
H720
n120 0
H720
V3735
h3109Dl -95 -123 .
n120 0
H720
n120 0
H720
n120 0
H720
V3438
h3858Dl -17 214 .
n120 0
H720
n120 0
H720
h3841Dl -131 -110 .
n120 0
H720
n120 0
H720
V3652
h3841Dl -180 68 .
n120 0
H720
n120 0
H720
V3612
h3013Dl -153 19 .
n120 0
H720
n120 0
H720
V3632
h2859Dl 61 -143 .
n120 0
H720
n120 0
H720
V3863
h3212Dl -103 -128 .
n120 0
H720
n120 0
H720
V3806
h3380Dl -167 57 .
n120 0
H720
n120 0
H720
V3875
h3539Dl -159 -69 .
n120 0
H720
n120 0
H720
V3720
h3660Dl -121 154 .
n120 0
H720
n120 0
H720
V3234
h3821Dl 179 31 .
n120 0
H720
n120 0
H720
n120 0
H720
V3046
h3888Dl 112 219 .
n120 0
H720
n120 0
H720
V3490
h2753Dl 89 -137 .
n120 0
H720
n120 0
H720
V2672
h3641Dl 61 207 .
n120 0
H720
n120 0
H720
V2796
h3504Dl 136 -124 .
n120 0
H720
n120 0
H720
V3632
h2859Dl -106 -141 .
n120 0
H720
n120 0
H720
V3973
h3357Dl -144 -109 .
n120 0
H720
n120 0
H720
V3806
h3380Dl -22 166 .
n120 0
H720
n120 0
H720
V3863
h3212Dl -185 8 .
n120 0
H720
n120 0
H720
V3872
h3027Dl 81 -136 .
n120 0
H720
n120 0
H720
V3875
h3539Dl -181 97 .
n120 0
H720
n120 0
H720
n120 0
H720
V3880
h3739Dl -199 -4 .
n120 0
H720
n120 0
H720
V3720
h3660Dl 78 159 .
n120 0
H720
n120 0
H720
V3529
h4019Dl -178 122 .
n120 0
H720
n120 0
H720
V3438
h3858Dl 160 91 .
n120 0
H720
n120 0
H720
V3083
h2864Dl -79 -148 .
n120 0
H720
n120 0
H720
V2934
h2784Dl 181 3 .
n120 0
H720
n120 0
H720
V2771
h2925Dl 185 50 .
n120 0
H720
n120 0
H720
V2938
h2966Dl -41 -166 .
n120 0
H720
n120 0
H720
V3266
h4001Dl 17 263 .
n120 0
H720
n120 0
H720
V2768
h3300Dl 84 -160 .
n120 0
H720
n120 0
H720
n120 0
H720
V3872
h3027Dl -184 -67 .
n120 0
H720
n120 0
H720
h2843Dl 16 -172 .
n120 0
H720
n120 0
H720
V3490
h2753Dl -65 -173 .
n120 0
H720
n120 0
H720
h2688Dl 155 35 .
n120 0
H720
n120 0
H720
V2813
h3880Dl 7 233 .
n120 0
H720
n120 0
H720
V2879
h3703Dl 177 -66 .
n120 0
H720
n120 0
H720
V3973
h3357Dl -209 49 .
n120 0
H720
n120 0
H720
h3148Dl 64 -158 .
n120 0
H720
n120 0
H720
V4022
h3148Dl -120 -150 .
n120 0
H720
n120 0
H720
V3880
h3739Dl -174 175 .
n120 0
H720
n120 0
H720
n120 0
H720
h3565Dl -25 -180 .
n120 0
H720
n120 0
H720
V3800
h3959Dl -219 79 .
n120 0
H720
n120 0
H720
V3652
h3841Dl 117 148 .
n120 0
H720
n120 0
H720
V3529
h4019Dl -60 271 .
n120 0
H720
n120 0
H720
V3120
h2695Dl 169 -37 .
n120 0
H720
n120 0
H720
V3317
h2688Dl 7 -196 .
n120 0
H720
n120 0
H720
V3662
h2694Dl 59 -171 .
n120 0
H720
n120 0
H720
V3632
h2859Dl -165 30 .
n120 0
H720
n120 0
H720
V3805
h2843Dl -149 -142 .
n120 0
H720
n120 0
H720
V4154
h3320Dl -171 -131 .
n120 0
H720
n120 0
H720
n120 0
H720
V3973
h3357Dl -37 180 .
n120 0
H720
n120 0
H720
V3037
h4078Dl -77 228 .
n120 0
H720
n120 0
H720
V3046
h3888Dl 190 -8 .
n120 0
H720
n120 0
H720
V4055
h3565Dl -245 98 .
n120 0
H720
n120 0
H720
V3996
h2900Dl -57 -191 .
n120 0
H720
n120 0
H720
V3872
h3027Dl -127 124 .
n120 0
H720
n120 0
H720
V4058
h3806Dl -241 -2 .
n120 0
H720
n120 0
H720
V3880
h3739Dl 67 178 .
n120 0
H720
n120 0
H720
V3800
h3959Dl -152 257 .
n120 0
H720
n120 0
H720
V3352
h4179Dl -160 177 .
n120 0
H720
n120 0
H720
n120 0
H720
V3266
h4001Dl 178 86 .
n120 0
H720
n120 0
H720
V4154
h3320Dl -276 26 .
n120 0
H720
n120 0
H720
h3043Dl 104 -158 .
n120 0
H720
n120 0
H720
V4180
h3043Dl -143 -184 .
n120 0
H720
n120 0
H720
V3478
h2582Dl 105 -161 .
n120 0
H720
n120 0
H720
V3490
h2753Dl -171 -12 .
n120 0
H720
n120 0
H720
V4252
h3538Dl -218 -97 .
n120 0
H720
n120 0
H720
V4055
h3565Dl -27 196 .
n120 0
H720
n120 0
H720
V3662
h2694Dl -111 -183 .
n120 0
H720
n120 0
H720
V4058
h3806Dl -268 193 .
n120 0
H720
n120 0
H720
n120 0
H720
V3996
h2900Dl -220 -111 .
n120 0
H720
n120 0
H720
h2679Dl 163 -80 .
n120 0
H720
n120 0
H720
V2813
h3880Dl 197 224 .
n120 0
H720
n120 0
H720
h4078Dl 100 315 .
n120 0
H720
n120 0
H720
V3939
h4071Dl -264 119 .
n120 0
H720
n120 0
H720
V3800
h3959Dl 112 138 .
n120 0
H720
n120 0
H720
V2672
h3641Dl 239 140 .
n120 0
H720
n120 0
H720
V3120
h2695Dl 89 -185 .
n120 0
H720
n120 0
H720
V4180
h3043Dl -292 -65 .
n120 0
H720
n120 0
H720
h2751Dl 148 -119 .
n120 0
H720
n120 0
H720
n120 0
H720
V4115
h2751Dl -71 -230 .
n120 0
H720
n120 0
H720
V4256
h3802Dl -264 -4 .
n120 0
H720
n120 0
H720
V3885
h2679Dl -169 -202 .
n120 0
H720
n120 0
H720
V3682
h2510Dl 183 -20 .
n120 0
H720
n120 0
H720
V3939
h4071Dl -269 317 .
n120 0
H720
n120 0
H720
V3682
h2510Dl 71 -204 .
n120 0
H720
n120 0
H720
V3581
h4277Dl -205 357 .
n120 0
H720
n120 0
H720
V3352
h4179Dl 97 228 .
n120 0
H720
n120 0
H720
V4330
h2947Dl -195 -214 .
n120 0
H720
n120 0
H720
V4180
h3043Dl -96 149 .
n120 0
H720
n120 0
H720
n120 0
H720
V4415
h3351Dl -403 -85 .
n120 0
H720
n120 0
H720
V4252
h3538Dl -187 163 .
n120 0
H720
n120 0
H720
V4256
h3802Dl -451 159 .
n120 0
H720
n120 0
H720
V3234
h2530Dl 164 -113 .
n120 0
H720
n120 0
H720
V3317
h2688Dl -157 -82 .
n120 0
H720
n120 0
H720
V4115
h2751Dl -266 -195 .
n120 0
H720
n120 0
H720
h2484Dl 195 -34 .
n120 0
H720
n120 0
H720
V3920
h2484Dl 25 -237 .
n120 0
H720
n120 0
H720
V3982
h4114Dl -312 274 .
n120 0
H720
n120 0
H720
V3939
h4071Dl 43 43 .
n120 0
H720
n120 0
H720
n120 0
H720
V3102
h4265Dl -85 249 .
n120 0
H720
n120 0
H720
V3581
h4277Dl -162 400 .
n120 0
H720
n120 0
H720
V3102
h4265Dl 12 478 .
n120 0
H720
n120 0
H720
V4330
h2947Dl -384 -157 .
n120 0
H720
n120 0
H720
V3682
h2510Dl -110 -254 .
n120 0
H720
n120 0
H720
V3427
h2399Dl 182 50 .
n120 0
H720
n120 0
H720
V4331
h3598Dl -247 83 .
n120 0
H720
n120 0
H720
V4256
h3802Dl -203 75 .
n120 0
H720
n120 0
H720
V4172
h2562Dl -77 -252 .
n120 0
H720
n120 0
H720
V4415
h3351Dl -431 -30 .
n120 0
H720
n120 0
H720
n120 0
H720
V4384
h2919Dl 27 -54 .
n120 0
H720
n120 0
H720
V2813
h3880Dl 166 -64 .
n120 0
H720
n120 0
H720
V2748
h4046Dl 31 288 .
n120 0
H720
n120 0
H720
V3427
h2399Dl 130 -193 .
n120 0
H720
n120 0
H720
V4384
h2919Dl -357 -212 .
n120 0
H720
n120 0
H720
V2748
h4046Dl 218 353 .
n120 0
H720
n120 0
H720
V3102
h4265Dl 9 217 .
n120 0
H720
n120 0
H720
h4274Dl 3 261 .
n120 0
H720
n120 0
H720
V4172
h2562Dl -291 -379 .
n120 0
H720
n120 0
H720
V3792
h2271Dl 213 127 .
n120 0
H720
n120 0
H720
n120 0
H720
V2607
h3384Dl 256 64 .
n120 0
H720
n120 0
H720
V2934
h2784Dl 140 -163 .
n120 0
H720
n120 0
H720
V3234
h2530Dl 37 -244 .
n120 0
H720
n120 0
H720
h2568Dl 126 130 .
n120 0
H720
n120 0
H720
V4002
h2427Dl -156 -209 .
n120 0
H720
n120 0
H720
V4172
h2562Dl -135 -170 .
n120 0
H720
n120 0
H720
V3382
h2227Dl 172 45 .
n120 0
H720
n120 0
H720
V3792
h2271Dl -43 -410 .
n120 0
H720
n120 0
H720
V3427
h2399Dl -28 -297 .
n120 0
H720
n120 0
H720
V3129
h2371Dl 159 104 .
n120 0
H720
n120 0
H720
n120 0
H720
V2748
h4046Dl 54 -27 .
n120 0
H720
n120 0
H720
h4101Dl 164 381 .
n120 0
H720
n120 0
H720
V3382
h2227Dl 143 -252 .
n120 0
H720
n120 0
H720
V3129
h2371Dl 196 -139 .
n120 0
H720
n120 0
H720
V3372
h2167Dl 60 9 .
n120 0
H720
n120 0
H720
V3792
h2271Dl -104 -420 .
n120 0
H720
n120 0
H720
V2442
h3769Dl 331 278 .
n120 0
H720
n120 0
H720
V2748
h4046Dl -276 -306 .
n120 0
H720
n120 0
H720
V3372
h2167Dl 91 -405 .
n120 0
H720
n120 0
H720
h2258Dl -31 414 .
n120 0
H720
n120 0
H720
n120 0
H720
V2815
h2474Dl 93 174 .
n120 0
H720
n120 0
H720
V3129
h2371Dl 103 -314 .
n120 0
H720
n120 0
H720
V2990
h2568Dl 140 -223 .
n120 0
H720
n120 0
H720
V2766
h2708Dl 75 168 .
n120 0
H720
n120 0
H720
V2967
h2258Dl 216 -151 .
n120 0
H720
n120 0
H720
V2672
h3641Dl -118 -207 .
n120 0
H720
n120 0
H720
V2464
h3522Dl 247 -22 .
n120 0
H720
n120 0
H720
V2786
h2379Dl 151 -213 .
n120 0
H720
n120 0
H720
h2530Dl -271 394 .
n120 0
H720
n120 0
H720
h2258Dl 120 -181 .
n120 0
H720
n120 0
H720
n120 0
H720
V2815
h2474Dl 233 -48 .
n120 0
H720
n120 0
H720
V2573
h2530Dl -55 242 .
n120 0
H720
n120 0
H720
V2766
h2708Dl 216 5 .
n120 0
H720
n120 0
H720
V2442
h3769Dl -458 -136 .
n120 0
H720
n120 0
H720
h3311Dl 209 58 .
n120 0
H720
n120 0
H720
h3520Dl 249 77 .
n120 0
H720
n120 0
H720
V2607
h3384Dl 137 -142 .
n120 0
H720
n120 0
H720
V2464
h3522Dl -211 -158 .
n120 0
H720
n120 0
H720
V2404
h2907Dl -376 168 .
n120 0
H720
n120 0
H720
V2573
h2530Dl 367 -228 .
n120 0
H720
n120 0
H720
n120 0
H720
V2344
h2897Dl 9 60 .
n120 0
H720
n120 0
H720
V2306
h3311Dl -404 98 .
n120 0
H720
n120 0
H720
V2344
h2897Dl 413 -38 .
n120 0
H720
n120 0
H720
V2464
h3522Dl -330 -1 .
n120 0
H720
n120 0
H720
V2582
h2916Dl -208 184 .
n120 0
H720
n120 0
H720
V2404
h2907Dl 9 177 .
n120 0
H720
n120 0
H720
V2463
h3191Dl -284 -58 .
n120 0
H720
n120 0
H720
V2582
h2916Dl 8 189 .
n120 0
H720
n120 0
H720
V2607
h3384Dl -193 -144 .
n120 0
H720
n120 0
H720
h3191Dl -274 118 .
n120 0
H720
n120 0
H720
n120 0
H720
V2607
h3384Dl -243 39 .
n120 0
H720
n120 0
H720
V2647
h3141Dl 50 -183 .
n120 0
H720
n120 0
H720
V2768
h3300Dl -158 -121 .
n120 0
H720
n120 0
H720
V2582
h2916Dl 224 64 .
n120 0
H720
n120 0
H720
V2647
h3141Dl -30 175 .
n120 0
H720
n120 0
H720
V4388
h2169c1
502500n120 0
H720
n120 0
x trailer
V7920
x stop
