CC -I/usr/jerq/include -I/usr/include -cg +e0 `pwd`/gram.c
CC  +e0 /usr/jerq/src/pi/host/gram.c:
"gram.y", line 141: warning: label yyerrlab  not used
cc   -cg gram.i -lC
CC -I/usr/jerq/include -I/usr/include -cg +e0 `pwd`/batch.c
CC  +e0 /usr/jerq/src/pi/host/batch.c:
"/usr/include/sys/types.h", line 29: warning:  u_char  redefined
"/usr/include/sys/types.h", line 30: warning:  u_short  redefined
"/usr/include/sys/types.h", line 31: warning:  u_int  redefined
"/usr/include/sys/types.h", line 32: warning:  u_long  redefined
"/usr/include/sys/types.h", line 34: warning:  daddr_t  redefined
"/usr/include/sys/types.h", line 35: warning:  caddr_t  redefined
"/usr/include/sys/types.h", line 36: warning:  ino_t  redefined
"/usr/include/sys/types.h", line 37: warning:  swblk_t  redefined
"/usr/include/sys/types.h", line 38: warning:  size_t  redefined
"/usr/include/sys/types.h", line 39: warning:  time_t  redefined
"/usr/include/sys/types.h", line 40: warning:  label_t  redefined
"/usr/include/sys/types.h", line 41: warning:  dev_t  redefined
"/usr/include/sys/types.h", line 42: warning:  off_t  redefined
"/usr/include/sys/types.h", line 29: warning:  u_char  redefined
"/usr/include/sys/types.h", line 30: warning:  u_short  redefined
"/usr/include/sys/types.h", line 31: warning:  u_int  redefined
"/usr/include/sys/types.h", line 32: warning:  u_long  redefined
"/usr/include/sys/types.h", line 34: warning:  daddr_t  redefined
"/usr/include/sys/types.h", line 35: warning:  caddr_t  redefined
"/usr/include/sys/types.h", line 36: warning:  ino_t  redefined
"/usr/include/sys/types.h", line 37: warning:  swblk_t  redefined
"/usr/include/sys/types.h", line 38: warning:  size_t  redefined
"/usr/include/sys/types.h", line 39: warning:  time_t  redefined
"/usr/include/sys/types.h", line 40: warning:  label_t  redefined
"/usr/include/sys/types.h", line 41: warning:  dev_t  redefined
"/usr/include/sys/types.h", line 42: warning:  off_t  redefined
"/usr/include/sys/types.h", line 58: error:  class ? defined twice
"/usr/include/sys/types.h", line 58: error:  class _C4 defined twice
"/usr/include/sys/proc.h", line 103: warning: ``/*'' in comment
"/usr/include/sys/proc.h", line 104: warning: ``/*'' in comment
2 errors
cc   -cg -lC
*** Error code 2

Stop.
