test1
Hello, world.
Hello, world.
	test1	test1	
t	est1	test	1
te	st1	tes	t1
tes	t1	te	st1
test	1	t	est1
test1			test1

	abcdef	abcdef	
a	bcdef	abcde	f
ab	cdef	abcd	ef
abc	def	abc	def
abcd	ef	ab	cdef
abcde	f	a	bcdef
abcdef			abcdef

test2
test2
<<x>>test2
<<x>>est2
<<x>>st2
<<x>>t2
<<x>>2
<<x>>
t<<x>>est2
t<<x>>st2
t<<x>>t2
t<<x>>2
t<<x>>
te<<x>>st2
te<<x>>t2
te<<x>>2
te<<x>>
tes<<x>>t2
tes<<x>>2
tes<<x>>
test<<x>>2
test<<x>>
test2<<x>>
test2
abcdef
<<x>>abcdef
<<x>>bcdef
<<x>>cdef
<<x>>def
<<x>>ef
<<x>>f
<<x>>
a<<x>>bcdef
a<<x>>cdef
a<<x>>def
a<<x>>ef
a<<x>>f
a<<x>>
ab<<x>>cdef
ab<<x>>def
ab<<x>>ef
ab<<x>>f
ab<<x>>
abc<<x>>def
abc<<x>>ef
abc<<x>>f
abc<<x>>
abcd<<x>>ef
abcd<<x>>f
abcd<<x>>
abcde<<x>>f
abcde<<x>>
abcdef<<x>>
abcdef
test3
(
#endif	1 
#if	1 
(cfrontC)	1 
*	1 
*/	1 
+=	1 
-DBSD	1 
.o	1 
/*	1 
:	1 
::	18 
=	1 
CC	2 
CCFLAGS	1 
Makefile	1 
Memcpy.c	1 
Regexp.c	1 
Regexp.h	1 
String.h	1 
c++	1 
error.c	1 
generic.c\	1 
jes	1 
lib	1 
libstring.a	19 
list.c	1 
list.h	1 
list_sort.c	1 
makefile	2 
pair.h	1 
pairST_list.c	2 
pair_list.c	2 
pair_list.h	1 
release(bsd)	1 
rep.c	1 
s_l_o.c	5 
string	1 
string.c	1 
stringCtor.c	1 
string_list.c	7 
sysfns.c\	1 
test1	1 
test1.c	1 
test10	1 
test10.c	1 
test11	1 
test11.c	1 
test12	1 
test12.c	1 
test13	1 
test13.c	1 
test14	1 
test14.c	1 
test16	1 
test16.c	1 
test17	1 
test17.c	1 
test18	1 
test18.c	1 
test2	1 
test2.c	1 
test3	1 
test3.c	1 
test4	1 
test4.c	1 
test5	1 
test5.c	1 
test6	1 
test6.c	1 
test7	1 
test7.c	1 
test8	1 
test8.c	1 
testIt	1 
testIt.c	1 
voidP_list.c	1 
voidP_out.c	1)
test4
(#endif #if (cfrontC) * */ += -DBSD .o /* : :: = CC CCFLAGS Makefile Memcpy.c Regexp.c Regexp.h String.h c++ error.c generic.c\ jes lib libstring.a list.c list.h list_sort.c makefile pair.h pairST_list.c pair_list.c pair_list.h release(bsd) rep.c s_l_o.c string string.c stringCtor.c string_list.c sysfns.c\ test1 test1.c test10 test10.c test11 test11.c test12 test12.c test13 test13.c test14 test14.c test16 test16.c test17 test17.c test18 test18.c test2 test2.c test3 test3.c test4 test4.c test5 test5.c test6 test6.c test7 test7.c test8 test8.c testIt testIt.c voidP_list.c voidP_out.c)
loopCount = 7500, swapCount = 2600
test5
(baby do you wanna dance)
(hey do you wanna dance)
(hey baby do you wanna dance)
(hey baby do you wanna)
test6
(zero one two three four)
(0 1 2 3 4)
two should be "two"
not two should not be "two"
two should be "two"
2 should be 2
-2 should be -2
0 should be 0
0 should be 0
1 should be 1
1 should be 1
test7
rev(slist):(dance wanna you do baby hey)
revrec(slist):(dance wanna you do baby hey)
revrev(slist):(ecnad annaw uoy od ybab yeh)
test8
(baby do you wanna dance)
(hey do you wanna dance)
(hey baby do you wanna dance)
(hey baby do you wanna)
test10
(baby do you wanna dance)
(hey do you wanna dance)
(hey baby do you wanna dance)
(hey baby do you wanna)
test11
(#endif #if (cfrontC) * */ += -DBSD .o /* : :: = CC CCFLAGS Makefile Memcpy.c Regexp.c Regexp.h String.h c++ error.c generic.c\ jes lib libstring.a list.c list.h list_sort.c makefile pair.h pairST_list.c pair_list.c pair_list.h release(bsd) rep.c s_l_o.c string string.c stringCtor.c string_list.c sysfns.c\ test1 test1.c test10 test10.c test11 test11.c test12 test12.c test13 test13.c test14 test14.c test16 test16.c test17 test17.c test18 test18.c test2 test2.c test3 test3.c test4 test4.c test5 test5.c test6 test6.c test7 test7.c test8 test8.c testIt testIt.c voidP_list.c voidP_out.c)
test12
(#endif, 1)
(#if, 1)
((cfrontC), 1)
(*, 1)
(*/, 1)
(+=, 1)
(-DBSD, 1)
(.o, 1)
(/*, 1)
(:, 1)
(::, 18)
(=, 1)
(CC, 2)
(CCFLAGS, 1)
(Makefile, 1)
(Memcpy.c, 1)
(Regexp.c, 1)
(Regexp.h, 1)
(String.h, 1)
(c++, 1)
(error.c, 1)
(generic.c\, 1)
(jes, 1)
(lib, 1)
(libstring.a, 19)
(list.c, 1)
(list.h, 1)
(list_sort.c, 1)
(makefile, 2)
(pair.h, 1)
(pairST_list.c, 2)
(pair_list.c, 2)
(pair_list.h, 1)
(release(bsd), 1)
(rep.c, 1)
(s_l_o.c, 5)
(string, 1)
(string.c, 1)
(stringCtor.c, 1)
(string_list.c, 7)
(sysfns.c\, 1)
(test1, 1)
(test1.c, 1)
(test10, 1)
(test10.c, 1)
(test11, 1)
(test11.c, 1)
(test12, 1)
(test12.c, 1)
(test13, 1)
(test13.c, 1)
(test14, 1)
(test14.c, 1)
(test16, 1)
(test16.c, 1)
(test17, 1)
(test17.c, 1)
(test18, 1)
(test18.c, 1)
(test2, 1)
(test2.c, 1)
(test3, 1)
(test3.c, 1)
(test4, 1)
(test4.c, 1)
(test5, 1)
(test5.c, 1)
(test6, 1)
(test6.c, 1)
(test7, 1)
(test7.c, 1)
(test8, 1)
(test8.c, 1)
(testIt, 1)
(testIt.c, 1)
(voidP_list.c, 1)
(voidP_out.c, 1)
test13
(
#endif	1 
#if	1 
(cfrontC)	1 
*	1 
*/	1 
+=	1 
-DBSD	1 
.o	1 
/*	1 
:	1 
::	18 
=	1 
CC	2 
CCFLAGS	1 
Makefile	1 
Memcpy.c	1 
Regexp.c	1 
Regexp.h	1 
String.h	1 
c++	1 
error.c	1 
generic.c\	1 
jes	1 
lib	1 
libstring.a	19 
list.c	1 
list.h	1 
list_sort.c	1 
makefile	2 
pair.h	1 
pairST_list.c	2 
pair_list.c	2 
pair_list.h	1 
release(bsd)	1 
rep.c	1 
s_l_o.c	5 
string	1 
string.c	1 
stringCtor.c	1 
string_list.c	7 
sysfns.c\	1 
test1	1 
test1.c	1 
test10	1 
test10.c	1 
test11	1 
test11.c	1 
test12	1 
test12.c	1 
test13	1 
test13.c	1 
test14	1 
test14.c	1 
test16	1 
test16.c	1 
test17	1 
test17.c	1 
test18	1 
test18.c	1 
test2	1 
test2.c	1 
test3	1 
test3.c	1 
test4	1 
test4.c	1 
test5	1 
test5.c	1 
test6	1 
test6.c	1 
test7	1 
test7.c	1 
test8	1 
test8.c	1 
testIt	1 
testIt.c	1 
voidP_list.c	1 
voidP_out.c	1)
test14
((#endif, 1)
 (#if, 1)
 ((cfrontC), 1)
 (*, 1)
 (*/, 1)
 (+=, 1)
 (-DBSD, 1)
 (.o, 1)
 (/*, 1)
 (:, 1)
 (::, 18)
 (=, 1)
 (CC, 2)
 (CCFLAGS, 1)
 (Makefile, 1)
 (Memcpy.c, 1)
 (Regexp.c, 1)
 (Regexp.h, 1)
 (String.h, 1)
 (c++, 1)
 (error.c, 1)
 (generic.c\, 1)
 (jes, 1)
 (lib, 1)
 (libstring.a, 19)
 (list.c, 1)
 (list.h, 1)
 (list_sort.c, 1)
 (makefile, 2)
 (pair.h, 1)
 (pairST_list.c, 2)
 (pair_list.c, 2)
 (pair_list.h, 1)
 (release(bsd), 1)
 (rep.c, 1)
 (s_l_o.c, 5)
 (string, 1)
 (string.c, 1)
 (stringCtor.c, 1)
 (string_list.c, 7)
 (sysfns.c\, 1)
 (test1, 1)
 (test1.c, 1)
 (test10, 1)
 (test10.c, 1)
 (test11, 1)
 (test11.c, 1)
 (test12, 1)
 (test12.c, 1)
 (test13, 1)
 (test13.c, 1)
 (test14, 1)
 (test14.c, 1)
 (test16, 1)
 (test16.c, 1)
 (test17, 1)
 (test17.c, 1)
 (test18, 1)
 (test18.c, 1)
 (test2, 1)
 (test2.c, 1)
 (test3, 1)
 (test3.c, 1)
 (test4, 1)
 (test4.c, 1)
 (test5, 1)
 (test5.c, 1)
 (test6, 1)
 (test6.c, 1)
 (test7, 1)
 (test7.c, 1)
 (test8, 1)
 (test8.c, 1)
 (testIt, 1)
 (testIt.c, 1)
 (voidP_list.c, 1)
 (voidP_out.c, 1)
)
test16
(#endif #if (cfrontC) * */ += -DBSD .o /* : :: :: :: :: :: :: :: :: :: :: :: :: :: :: :: :: :: :: = CC CC CCFLAGS Makefile Memcpy.c Regexp.c Regexp.h String.h c++ error.c generic.c\ jes lib libstring.a libstring.a libstring.a libstring.a libstring.a libstring.a libstring.a libstring.a libstring.a libstring.a libstring.a libstring.a libstring.a libstring.a libstring.a libstring.a libstring.a libstring.a libstring.a list.c list.h list_sort.c makefile makefile pair.h pairST_list.c pairST_list.c pair_list.c pair_list.c pair_list.h release(bsd) rep.c s_l_o.c s_l_o.c s_l_o.c s_l_o.c s_l_o.c string string.c stringCtor.c string_list.c string_list.c string_list.c string_list.c string_list.c string_list.c string_list.c sysfns.c\ test1 test1.c test10 test10.c test11 test11.c test12 test12.c test13 test13.c test14 test14.c test16 test16.c test17 test17.c test18 test18.c test2 test2.c test3 test3.c test4 test4.c test5 test5.c test6 test6.c test7 test7.c test8 test8.c testIt testIt.c voidP_list.c voidP_out.c)
test17
(0 1 2 3 4 5 6 7 8 9 10 11 12 13 14 15 16 17 18 19 20 21 22 23 24 25 26 27 28 29 30 31 32 33 34 35 36 37 38 39 40 41 42 43 44 45 46 47 48 49 50 51 52 53 54 55 56 57 58 59 60 61 62 63 64 65 66 67 68 69 70 71 72 73 74 75 76 77 78 79 80 81 82 83 84 85 86 87 88 89 90 91 92 93 94 95 96 97 98 99 100 101 102 103 104 105 106 107 108 109 110 111 112 113 114 115 116 117 118 119 120 121 122 123 124 125 126 127 128 129 130 131 132 133 134 135 136 137 138 139 140 141 142 143 144 145 146 147 148 149 150 151 152 153 154 155 156 157 158 159 160 161 162 163 164 165 166 167 168 169 170 171 172 173 174 175 176 177 178 179 180 181 182 183 184 185 186 187 188 189 190 191 192 193 194 195 196 197 198 199 200 201 202 203 204 205 206 207 208 209 210 211 212 213 214 215 216 217 218 219 220 221 222 223 224 225 226 227 228 229 230 231 232 233 234 235 236 237 238 239 240 241 242 243 244 245 246 247 248 249 250 251 252 253 254 255 256 257 258 259 260 261 262 263 264 265 266 267 268 269 270 271 272 273 274 275 276 277 278 279 280 281 282 283 284 285 286 287 288 289 290 291 292 293 294 295 296 297 298 299 300 301 302 303 304 305 306 307 308 309 310 311 312 313 314 315 316 317 318 319 320 321 322 323 324 325 326 327 328 329 330 331 332 333 334 335 336 337 338 339 340 341 342 343 344 345 346 347 348 349 350 351 352 353 354 355 356 357 358 359 360 361 362 363 364 365 366 367 368 369 370 371 372 373 374 375 376 377 378 379 380 381 382 383 384 385 386 387 388 389 390 391 392 393 394 395 396 397 398 399 400 401 402 403 404 405 406 407 408 409 410 411 412 413 414 415 416 417 418 419 420 421 422 423 424 425 426 427 428 429 430 431 432 433 434 435 436 437 438 439 440 441 442 443 444 445 446 447 448 449 450 451 452 453 454 455 456 457 458 459 460 461 462 463 464 465 466 467 468 469 470 471 472 473 474 475 476 477 478 479 480 481 482 483 484 485 486 487 488 489 490 491 492 493 494 495 496 497 498 499)
test18
Foo::s[*]: hellozot hellozotzot
