This is TeX, C Version 2.93 (preloaded format=plain 89.11.27)  20 MAR 1990 09:30
**&plain xchap2
(xchap2.tex (macros.tex
\pagedepth=\dimen16
 (cmfont.tex
\bmfam=\fam8
)
\titlebaselineskip=\dimen17
\dpth=\dimen18
\exno=\count25
\startingpage=\count26
\chapno=\count27
\sectionno=\count28
\subsectionno=\count29
\titleheight=\dimen19
\margin=\insert252
\inx=\write0
\digitwidth=\dimen20
\signwidth=\dimen21
\wdth=\dimen22
\marginsize=\dimen23
 (monmac.tex
\twothirdshsize=\dimen24
\halfhsize=\dimen25
\eqnum=\count30
\figno=\count31
\algwidth=\dimen26
\conts=\write1
\eqnumbers=\write2
)
(/n/coma/usr/lib/tex/macros/psfig.tex
\@unused=\write3

psfig/tex 1.2-dvips
\ps@stream=\read0
)) (try.tex
\indexfile=\write4
) 2 Smoothing: Section 2.1: What is a smoother?.
psfig: searching figures/spansizes.p for bounding box
psfig: including figures/spansizes.p 
[200] [201]
psfig: searching figures/allsmooths.p for bounding box
psfig: including figures/allsmooths.p 
[202] [203] Section 2.2: Scatterplot smoothing: definition.
Section 2.3: Parametric Regression. [204] Section 2.4: Bin smoothers. [205]
Section 2.5: Running-mean and running-lines smoothers.
psfig: searching figures/rlsmooth.p for bounding box
psfig: including figures/rlsmooth.p 
[206] [207] Section 2.6: Kernel smoothers. [208]
psfig: searching figures/kernelsm.p for bounding box
psfig: including figures/kernelsm.p 
[209] Section 2.6.1: Computational issues.
Section 2.7: Running medians and enhancements. [210]
psfig: searching figures/hatplot.p for bounding box
psfig: including figures/hatplot.p 
Section 2.8: Equivalent kernels. [211] [212] Section 2.9: Regression splines.
psfig: searching figures/BS.p for bounding box
psfig: including figures/BS.p 
[213] [214] Section 2.9.1: Computational aspects.
Underfull \vbox (badness 10000) has occurred while \output is active
\vbox(480.0+1.94444)x289.07999, glue set 5.2
.\hbox(0.0+0.0)x0.0, glue set - 399.0902fil
..\kern 289.07999
..\kern 8.0
..\vbox(0.0+0.0)x102.01021, glue set - 8.0fil
...\vbox(6.0+2.0)x102.01021 []
...\glue 0.0 plus 1.0fil minus 1.0fil
..\glue 0.0 plus 1.0fil minus 1.0fil
.\glue(\topskip) 3.05556
.\hbox(6.94444+1.94444)x289.07999, glue set - 0.20317
..\tenrm p
..\tenrm a
..\tenrm r
..\tenrm a
..\tenrm m
..etc.
.\penalty 300
.\glue(\baselineskip) 3.11111
.etc.

 [215]
psfig: searching figures/BSbasis.p for bounding box
psfig: including figures/BSbasis.p 
[216] Section 2.10: Cubic smoothing splines. [217]
Section 2.10.1: Computational aspects. [218] [219]
Section 2.11: Locally weighted running-line smoothers. [220]
psfig: searching figures/loessm.p for bounding box
psfig: including figures/loessm.p 
[221] Section 2.12: Smoothers for multiple predictors. [222]
psfig: searching figures/bivar.p for bounding box
psfig: including figures/bivar.p 
[223] [224] Section 2.13: Discussion and bibliography. [225]
Section 2.14: Further results and exercises 2. [226] [227] [228] [229]
Output written on xchap2.dvi (30 pages, 81320 bytes).
