This is TeX, C Version 2.93 (preloaded format=plain 89.11.27)  20 MAR 1990 15:48
**&plain xchap5
(xchap5.tex (macros.tex
\pagedepth=\dimen16
 (cmfont.tex
\bmfam=\fam8
)
\titlebaselineskip=\dimen17
\dpth=\dimen18
\exno=\count25
\startingpage=\count26
\chapno=\count27
\sectionno=\count28
\subsectionno=\count29
\titleheight=\dimen19
\margin=\insert252
\inx=\write0
\digitwidth=\dimen20
\signwidth=\dimen21
\wdth=\dimen22
\marginsize=\dimen23
 (monmac.tex
\twothirdshsize=\dimen24
\halfhsize=\dimen25
\eqnum=\count30
\figno=\count31
\algwidth=\dimen26
\conts=\write1
\eqnumbers=\write2
)
(/n/coma/usr/lib/tex/macros/psfig.tex
\@unused=\write3

psfig/tex 1.2-dvips
\ps@stream=\read0
)) (try.tex
\indexfile=\write4
) 5 Some theory for additive models: Section 5.1: Introduction.
[105] Section 5.2: Estimating equations for additive models. [106]
Section 5.2.1: $L_2$ function spaces. [107] [108] [109]
Section 5.2.2: Penalized least-squares. [110] [111]
Section 5.2.3: Reproducing-kernel Hilbert-spaces. [112] [113]
Section 5.3: Solutions to the estimating equations.
Section 5.3.1: Introduction. [114] Section 5.3.2: Projection smoothers.
[115]
! Undefined control sequence.
l.580 Figure~\zigfig
                    \ gives a picture of this
? q
OK, entering \batchmode...
! Undefined control sequence.
l.595 ...s intuitively plausible from Fig.~\zigfig
                                                  .
The control sequence at the end of the top line
of your error message was never \def'ed. If you have
misspelled it (e.g., `\hobx'), type `I' and the correct
spelling (e.g., `I\hbox'). Otherwise just continue,
and I'll forget about whatever was undefined.

 [116] Section 5.3.3: Semi-parametric models. [117] Section 5.3.4: Backfitting 
with two smoothers. [118] [119]
Section 5.3.5: Existence and uniqueness: $p$-smoothers. [120]
Underfull \vbox (badness 1881) has occurred while \output is active
\vbox(480.0+2.86108)x289.07999, glue set 2.66283
.\glue(\topskip) 2.5
.\hbox(7.5+2.5)x289.07999, glue set 0.2931
..\tenrm t
..\tenrm o
..\glue 3.33333 plus 1.66666 minus 1.11111
..\tenrm s
..\tenrm y
..etc.
.\glue(\baselineskip) 2.55556
.\hbox(6.94444+1.94444)x289.07999, glue set 0.40477
..\tenrm e
..\tenrm x
..\tenrm c
..\tenrm l
..\tenrm u
..etc.
.\glue(\baselineskip) 3.11111
.etc.

 [121]
Section 5.3.6: Convergence of backfitting: $p$-smoothers.
Section 5.3.7: Summary of the main results of the section. [122] Section 5.4: S
pecial topics. Section 5.4.1: Weighted additive models. [123] Section 5.4.2: A 
modified backfitting algorithm. [124] [125]
Section 5.4.3: Explicit solutions to the estimating equations. Section 5.4.4: S
tandard errors. [126]
! Undefined control sequence.
l.1211  The standard-error bands in Fig.~\fone
                                              \ of Chapter~4 are constructed
The control sequence at the end of the top line
of your error message was never \def'ed. If you have
misspelled it (e.g., `\hobx'), type `I' and the correct
spelling (e.g., `I\hbox'). Otherwise just continue,
and I'll forget about whatever was undefined.

 [127] Section 5.4.5: Degrees of freedom. [128] Section 5.4.6: A Bayesian versi
on of additive models. [129] Section 5.5: Bibliographic notes. [130] Section 5.
6: Further results and exercises 5. [131] [132] [133] [134] [135]
Output written on xchap5.dvi (31 pages, 103612 bytes).
