This is TeX, C Version 3.0 (format=lplain 90.5.11)  17 SEP 1992 08:37
**&latex man.tex
(man.tex
LaTeX Version 2.09 <7 Dec 1989>
(/usr/lib/tex/macros/report.sty
Document Style `report' <13 Nov 89>.
(/usr/lib/tex/macros/rep10.sty)
\descriptionmargin=\dimen99
\c@part=\count78
\c@chapter=\count79
\c@section=\count80
\c@subsection=\count81
\c@subsubsection=\count82
\c@paragraph=\count83
\c@subparagraph=\count84
\c@figure=\count85
\c@table=\count86
 (/usr/lib/tex/macros/titlepage.sty)) (man.aux
(intro.aux) (lex.aux) (gram2.aux) (eval.aux) (type.aux) (direct.aux)
(standard.aux) (derived.aux) (equality.aux) (exceptions.aux) (reference.aux)
(reftype.aux) (module.aux) (gram.aux) (library.aux) (compat.aux)) [0

] [0]
(intro.tex
Chapter 1.
) [1


] (lex.tex
Chapter 2.
[2



] [3]) [4] (gram2.tex
Underfull \hbox (badness 10000) in paragraph at lines 2--2


\hbox(0.0+0.0)x345.0
.\penalty -10000
.\glue(\rightskip) 0.0


Underfull \hbox (badness 10000) in paragraph at lines 2--2


\hbox(0.0+0.0)x345.0
.\glue(\rightskip) 0.0

[5



]) (eval.tex
Chapter 3.

Underfull \vbox (badness 10000) has occurred while \output is active
\vbox(526.0+0.0)x345.0, glue set 9.0442
.\write-{}
.\write-{}
.\write-{}
.\write-{}
.\write2{\@writefile{toc}{\string\contentsline\space {chapter}{\string\numberl\
ETC.}
.etc.

 [6




]
[7]
Overfull \hbox (3.95251pt too wide) in paragraph at lines 141--146
[] []\tenrm if $\tenmi v \tenrm = \tensy f[][] \tenrm = \tenmi v[]; :::; [][] \
tenrm =

\hbox(8.36115+2.5)x229.36757, glue set - 1.0
.\hbox(0.0+0.0)x0.0
.\glue 0.0
.\hbox(7.5+2.5)x113.40312
..\glue 0.0
..\glue -93.95122
..\glue -21.68121
..\hbox(7.5+2.5)x207.35434
...\glue 21.68121
...\hbox(0.0+0.0)x0.0
...\mathon
...\tensy f
...\mathoff
...etc.
..\glue 21.68121
.\penalty 0
.\tenrm i
.etc.

[8]
Overfull \hbox (1.81725pt too wide) in paragraph at lines 180--183
[] []\tenrm the $[][]$ are eval-u-ated in se-quence,

\hbox(7.5+2.5)x229.36757, glue set - 1.0
.\hbox(0.0+0.0)x0.0
.\glue 0.0
.\hbox(7.5+2.5)x83.902
..\glue 0.0
..\glue -93.95122
..\glue -21.68121
..\hbox(7.5+2.5)x177.85321
...\glue 21.68121
...\hbox(0.0+0.0)x0.0
...\mathon
...\tensy f
...\mathoff
...etc.
..\glue 21.68121
.\penalty 0
.\tenrm t
.etc.

[9] [10] [11]) [12] (type.tex
Chapter 4.
) [13



] (direct.tex
Chapter 5.
)
Overfull \hbox (6.88951pt too wide) in paragraph at lines 28--37
[]\tenrm Several stan-dard func-tions and con-struc-tors have in-fix sta-tus (s
ee Ap-pendix A[])

\hbox(7.5+2.5)x345.0, glue set - 1.0
.\hbox(0.0+0.0)x15.0
.\tenrm S
.\tenrm e
.\tenrm v
.\kern-0.27779
.etc.

[14



] (standard.tex
Chapter 6.
[15



]
Overfull \hbox (54.54391pt too wide) in paragraph at lines 53--56
\tenrm sey, e.g. []\tentt input: instream->int->string \tenrm in-stead of []\te
ntt input: instream*int->string\tenrm . 

\hbox(6.94444+2.22223)x320.0, glue set - 1.0
.\tenrm s
.\tenrm e
.\tenrm y
.\kern-0.83334
.\tenrm ,
.etc.

) [16] (derived.tex
Chapter 7.

Overfull \hbox (60.02307pt too wide) in paragraph at lines 7--19
\tenrm pres-sion verb"1="$\tenmi exp[]$[]\tentt ,2=$\tenmi exp[]$[]\tentt , $[]
$ [],$\tenmi n$[]\tentt =$\tenmi exp[]$[]\tentt }\tenrm , and the $\tenmi n$\te
nrm -tuple pat-tern []\tentt ($\tenmi pat[]$[]\tentt ,$\tenmi pat[]$[]\tentt , 
$[]$ [],$\tenmi pat[]$[]\tentt )

\hbox(6.94444+1.94444)x345.0, glue set - 1.0
.\tenrm p
.\tenrm r
.\tenrm e
.\tenrm s
.\discretionary
..\tenrm -
.etc.

[17



]
Overfull \hbox (94.71959pt too wide) in paragraph at lines 54--63
[]\tenrm The ex-pres-sion []\tentt [$\tenmi exp[]$[]\tentt ,$\tenmi exp[]$[]\te
ntt ,$[]$[],$\tenmi exp[]$[]\tentt ] \tenrm is an ab-bre-vi-a-tion for the list
 $\tenmi exp[]$[]\tentt ::$\tenmi exp[]$[]\tentt ::$[]$[]::$\tenmi exp[]$[]\ten
tt ::nil\tenrm ,

\hbox(6.94444+1.94444)x345.0, glue set - 1.0
.\hbox(0.0+0.0)x15.0
.\tenrm T
.\tenrm h
.\tenrm e
.\glue 3.33333 plus 1.66666 minus 1.11111
.etc.


Underfull \vbox (badness 10000) has occurred while \output is active
\vbox(526.0+0.0)x345.0, glue set 6.24
.\glue(\topskip) 2.5
.\hbox(7.5+2.5)x345.0, glue set - 0.375
..\tenmi e
..\tenmi x
..\tenmi p
..\hbox(4.51111+0.0)x4.48613, shifted 1.49998
...\sevrm 2
..\mathoff
..etc.
.\penalty 150
.\glue(\baselineskip) 2.55556
.\hbox(6.94444+1.94444)x345.0, glue set 146.88858fil
..\tenrm b
..\kern0.27779
..\tenrm e
..\glue 3.33333 plus 1.66666 minus 1.11111
..\tenrm e
..etc.
.etc.

 [18]
Underfull \vbox (badness 10000) has occurred while \output is active
\vbox(526.0+0.0)x345.0, glue set 7.10468
.\glue(\topskip) 0.00002
.\hbox(9.99998+2.79999)x345.0, glue set 124.61351fil
..\hbox(9.27998+0.0)x37.71973
...\glue 0.0
...\frtnbf 7
...\frtnbf .
...\frtnbf 1
...\glue 16.55989
..\frtnbf E
..\frtnbf x
..\frtnbf p
..\frtnbf r
..etc.
.\write2{\@writefile{toc}{\string\contentsline\space {section}{\string\numberl\
ETC.}
.\penalty 10000
.\glue 9.90276 plus 0.86108
.etc.

 [19])
Overfull \hbox (22.71361pt too wide) in paragraph at lines 175--39
[][]

\hbox(93.09999+88.09999)x345.0
.\hbox(0.0+0.0)x15.0
.\hbox(93.09999+88.09999)x352.71361
..\mathon
..\vbox(93.09999+88.09999)x352.71361
...\hbox(8.39996+3.60004)x352.71361 []
...\rule(0.4+0.0)x352.71361
...\hbox(8.39996+3.60004)x352.71361 []
...\glue(\lineskip) 0.0
...\hbox(8.39996+3.60004)x352.71361 []
...etc.
..\mathoff
.\glue(\rightskip) 0.0

[20] (equality.tex
Chapter 8.

Underfull \hbox (badness 2790) detected at line 21
 \tenbf Record types

\hbox(6.94444+1.94444)x93.95122, glue set 3.03526
.\glue 21.68121
.\tenbf R
.\tenbf e
.\tenbf c
.\tenbf o
.etc.


Underfull \hbox (badness 10000) detected at line 23
 \tenbf Datatypes

\hbox(6.86111+1.94444)x93.95122
.\glue 21.68121
.\tenbf D
.\tenbf a
.\tenbf t
.\tenbf a
.etc.

) [21



] (exceptions.tex
Chapter 9.
[22



] [23] [24]) [25] (reference.tex
Chapter 10.
[26



]
Overfull \hbox (1.32092pt too wide) in paragraph at lines 46--50
[] []\tenrm The ex-pres-sion $([][]\tenmi ; [][]\tenrm )$ is eval-u-ated in $\t
enmi S$\tenrm , yield-

\hbox(7.5+2.5)x229.36757, glue set - 1.0
.\hbox(0.0+0.0)x0.0
.\glue 0.0
.\hbox(7.5+2.5)x10.97983
..\glue 0.0
..\glue -93.95122
..\glue -21.68121
..\hbox(7.5+2.5)x104.93105
...\glue 21.68121
...\hbox(0.0+0.0)x0.0
...\tentt o
...\tentt p
...\glue 5.24995
...etc.
..\glue 21.68121
.\penalty 0
.\tenrm T
.etc.

) [27] (reftype.tex
Chapter 11.
[28



]) [29] (module.tex
Chapter 12.
[30



] [31] [32]
LaTeX Warning: Reference `sharing' on page 33 undefined.
[33]
Overfull \hbox (2.36035pt too wide) in paragraph at lines 221--231
[]\tentt type \tenrm con-struc-tor and not as a []\tentt datatype \tenrm con-st
ruc-tor, the iden-ti-fier []\tentt Stack1.stack

\hbox(6.94444+2.22223)x345.0, glue set - 1.0
.\hbox(0.0+0.0)x0.0
.\tentt t
.\tentt y
.\tentt p
.\tentt e
.etc.

) [34] (gram.tex
Appendix A.
[35



] [36]) [37] (library.tex
Appendix B.
[38



] [39] [40]
Overfull \hbox (1.49698pt too wide) in paragraph at lines 157--157
[]   \tentt fun update(a,i,z) = nth(a,i) := z handle Nth => raise Subscript[] 

\hbox(6.94444+2.22223)x345.0
.\hbox(0.0+0.0)x0.0
.\penalty 10000
.\glue 5.24995
.\penalty 10000
.\glue 5.24995
.etc.

[41] [42]
Overfull \hbox (27.74675pt too wide) in paragraph at lines 281--281
[]    \tentt val exportFn : string * (string list * string list -> unit) -> uni
t[] 

\hbox(6.94444+2.22223)x345.0
.\hbox(0.0+0.0)x0.0
.\penalty 10000
.\glue 5.24995
.\penalty 10000
.\glue 5.24995
.etc.

[43]
Overfull \hbox (24.5273pt too wide) in paragraph at lines 292--300
[]\tenrm The func-tion []\tentt flush_out \tenrm en-sures that the con-sumer as
-so-ci-ated with an []\tentt out_stream

\hbox(6.94444+0.95135)x345.0, glue set - 1.0
.\hbox(0.0+0.0)x15.0
.\tenrm T
.\tenrm h
.\tenrm e
.\glue 3.33333 plus 1.66666 minus 1.11111
.etc.


Overfull \hbox (24.4341pt too wide) in paragraph at lines 337--345
\tenrm that wrote the file. For ex-am-ple, the com-mand []\tentt (exportML "foo
"; print "Hello");

\hbox(6.94444+2.22223)x345.0, glue set - 1.0
.\tenrm t
.\tenrm h
.\tenrm a
.\tenrm t
.\glue 3.33333 plus 1.66666 minus 1.11111
.etc.

[44] [45] [46] [47] [48] [49] [50]) [51] (compat.tex
Appendix C.
) [52



] (man.aux (intro.aux) (lex.aux) (gram2.aux) (eval.aux) (type.aux)
(direct.aux) (standard.aux) (derived.aux) (equality.aux) (exceptions.aux)
(reference.aux) (reftype.aux) (module.aux) (gram.aux) (library.aux)
(compat.aux)) )
(\end occurred inside a group at level 2) 
Here is how much of TeX's memory you used:
 479 strings out of 4464
 3548 string characters out of 63276
 41100 words of memory out of 262141
 2152 multiletter control sequences out of 9500
 19612 words of font info for 74 fonts, out of 72000 for 255
 14 hyphenation exceptions out of 607
 17i,10n,15p,202b,263s stack positions out of 300i,40n,60p,3000b,4000s

Output written on man.dvi (54 pages, 117788 bytes).
