This is TeX, C Version 3.0 (format=lplain 90.5.11)  7 JAN 1992 10:49
**&latex twig0
(twig0.tex
LaTeX Version 2.09 <7 Dec 1989>
(/usr/lib/tex/macros/article.sty
Document Style `article' <16 Mar 88>.
(/usr/lib/tex/macros/art12.sty)
\c@part=\count78
\c@section=\count79
\c@subsection=\count80
\c@subsubsection=\count81
\c@paragraph=\count82
\c@subparagraph=\count83
\c@figure=\count84
\c@table=\count85
) (/usr/lib/tex/macros/titlepage.sty)
(/usr/lib/tex/macros/fullpage.sty)
! I can't find file `clbiba.sty'.
<to be read again> 
                   \relax 
...
l.1 ...le[titlepage,fullpage,12pt,clbiba]{article}
                                                  
Please type another input file name: 
! Emergency stop.
<to be read again> 
                   \relax 
...
l.1 ...le[titlepage,fullpage,12pt,clbiba]{article}
                                                  
End of file on the terminal!

 
Here is how much of TeX's memory you used:
 145 strings out of 4464
 1443 string characters out of 63276
 26072 words of memory out of 262141
 2099 multiletter control sequences out of 9500
 18996 words of font info for 72 fonts, out of 72000 for 255
 14 hyphenation exceptions out of 607
 12i,0n,17p,179b,15s stack positions out of 300i,40n,60p,3000b,4000s
No pages of output.
