/usr/bin/troff: warning: can't find hyphen.tex; line 47, file man1/2500.1
/usr/bin/troff: warning: can't find hyphen.tex; line 44, file man1/=.1
/usr/bin/troff: warning: can't find hyphen.tex; line 36, file man1/adb.1
/usr/bin/troff: warning: can't find hyphen.tex; line 52, file man1/apply.1
/usr/bin/troff: warning: can't find hyphen.tex; line 19, file man1/apsend.1
/usr/bin/troff: warning: can't find hyphen.tex; line 31, file man1/ar.1
/usr/bin/troff: warning: can't find hyphen.tex; line 20, file man1/as.1
/usr/bin/troff: warning: can't find hyphen.tex; line 49, file man1/ascii.1
/usr/bin/troff: warning: can't find hyphen.tex; line 55, file man1/at.1
/usr/bin/troff: warning: can't find hyphen.tex; line 26, file man1/awk.1
/usr/bin/troff: warning: can't find hyphen.tex; line 45, file man1/backup.1
/usr/bin/troff: warning: can't find hyphen.tex; line 25, file man1/bc.1
/usr/bin/troff: warning: can't find hyphen.tex; line 21, file man1/bcp.1
/usr/bin/troff: warning: can't find hyphen.tex; line 18, file man1/bigcore.1
/usr/bin/troff: warning: can't find hyphen.tex; line 13, file man1/bprint.1
/usr/bin/troff: warning: can't find hyphen.tex; line 62, file man1/c++.1
/usr/bin/troff: warning: can't find hyphen.tex; line 25, file man1/calendar.1
/usr/bin/troff: warning: can't find hyphen.tex; line 13, file man1/cat.1
/usr/bin/troff: warning: can't find hyphen.tex; line 58, file man1/cbt.1
/usr/bin/troff: warning: can't find hyphen.tex; line 28, file man1/cc.1
/usr/bin/troff: warning: can't find hyphen.tex; line 24, file man1/chdate.1
/usr/bin/troff: warning: can't find hyphen.tex; line 108, file man1/chmod.1
/usr/bin/troff: warning: can't find hyphen.tex; line 33, file man1/cin.1
/usr/bin/troff: warning: can't find hyphen.tex; line 19, file man1/cmp.1
/usr/bin/troff: warning: can't find hyphen.tex; line 63, file man1/column.1
/usr/bin/troff: warning: can't find hyphen.tex; line 18, file man1/comm.1
/usr/bin/troff: warning: can't find hyphen.tex; line 32, file man1/con.1
/usr/bin/troff: warning: can't find hyphen.tex; line 57, file man1/cp.1
/usr/bin/troff: warning: can't find hyphen.tex; line 32, file man1/cpio.1
/usr/bin/troff: warning: can't find hyphen.tex; line 32, file man1/crypt.1
/usr/bin/troff: warning: can't find hyphen.tex; line 16, file man1/cscan.1
/usr/bin/troff: warning: can't find hyphen.tex; line 30, file man1/cu.1
/usr/bin/troff: warning: can't find hyphen.tex; line 32, file man1/cut.1
/usr/bin/troff: warning: can't find hyphen.tex; line 18, file man1/dag.1
/usr/bin/troff: warning: can't find hyphen.tex; line 16, file man1/date.1
/usr/bin/troff: warning: can't find hyphen.tex; line 18, file man1/dc.1
/usr/bin/troff: warning: can't find hyphen.tex; line 45, file man1/dcon.1
/usr/bin/troff: warning: can't find hyphen.tex; line 27, file man1/dd.1
/usr/bin/troff: warning: can't find hyphen.tex; line 30, file man1/deroff.1
/usr/bin/troff: warning: can't find hyphen.tex; line 19, file man1/diff.1
/usr/bin/troff: warning: can't find hyphen.tex; line 42, file man1/dired.1
/usr/bin/troff: warning: can't find hyphen.tex; line 13, file man1/dist.1
/usr/bin/troff: warning: can't find hyphen.tex; line 21, file man1/docgen.1
/usr/bin/troff: warning: can't find hyphen.tex; line 31, file man1/docsubmit.1
/usr/bin/troff: warning: can't find hyphen.tex; line 14, file man1/doctype.1
/usr/bin/troff: warning: can't find hyphen.tex; line 55, file man1/du.1
/usr/bin/troff: warning: can't find hyphen.tex; line 34, file man1/echo.1
/usr/bin/troff: warning: can't find hyphen.tex; line 48, file man1/ed.1
/usr/bin/troff: warning: can't find hyphen.tex; line 52, file stdin
/usr/bin/troff: warning: can't find hyphen.tex; line 3, file man1/expr.1
/usr/bin/troff: warning: can't find hyphen.tex; line 34, file man1/f2c.1
/usr/bin/troff: warning: can't find hyphen.tex; line 20, file man1/f77.1
/usr/bin/troff: warning: can't find hyphen.tex; line 36, file man1/factor.1
/usr/bin/troff: warning: can't find hyphen.tex; line 14, file man1/file.1
/usr/bin/troff: warning: can't find hyphen.tex; line 14, file man1/find.1
/usr/bin/troff: warning: can't find hyphen.tex; line 18, file man1/fmt.1
/usr/bin/troff: warning: can't find hyphen.tex; line 39, file man1/ftp.1
/usr/bin/troff: warning: can't find hyphen.tex; line 163, file man1/games.1
/usr/bin/troff: warning: can't find hyphen.tex; line 80, file man1/getuid.1
/usr/bin/troff: warning: can't find hyphen.tex; line 14, file man1/grap.1
/usr/bin/troff: warning: can't find hyphen.tex; line 12, file man1/graph.1
/usr/bin/troff: warning: can't find hyphen.tex; line 47, file man1/gre.1
/usr/bin/troff: warning: can't find hyphen.tex; line 12, file man1/hoc.1
/usr/bin/troff: warning: can't find hyphen.tex; line 16, file man1/ideal.1
/usr/bin/troff: warning: can't find hyphen.tex; line 51, file man1/idiff.1
/usr/bin/troff: warning: can't find hyphen.tex; line 16, file man1/imscan.1
/usr/bin/troff: warning: can't find hyphen.tex; line 5, file man1/intro.1
/usr/bin/troff: warning: can't find hyphen.tex; line 14, file man1/join.1
/usr/bin/troff: warning: can't find hyphen.tex; line 32, file man1/kill.1
/usr/bin/troff: warning: can't find hyphen.tex; line 4, file man1/langs.1
/usr/bin/troff: warning: can't find hyphen.tex; line 25, file man1/lcomp.1
/usr/bin/troff: warning: can't find hyphen.tex; line 14, file man1/ld.1
/usr/bin/troff: warning: can't find hyphen.tex; line 50, file man1/lex.1
/usr/bin/troff: warning: can't find hyphen.tex; line 3, file man1/library.1
/usr/bin/troff: warning: can't find hyphen.tex; line 28, file man1/lint.1
/usr/bin/troff: warning: can't find hyphen.tex; line 46, file man1/look.1
/usr/bin/troff: warning: can't find hyphen.tex; line 13, file man1/lorder.1
/usr/bin/troff: warning: can't find hyphen.tex; line 27, file man1/lp.1
/usr/bin/troff: warning: can't find hyphen.tex; line 23, file man1/ls.1
/usr/bin/troff: warning: can't find hyphen.tex; line 27, file man1/m4.1
/usr/bin/troff: warning: can't find hyphen.tex; line 32, file man1/mail.1
/usr/bin/troff: warning: can't find hyphen.tex; line 46, file man1/make.1
/usr/bin/troff: warning: can't find hyphen.tex; line 54, file man1/man.1
/usr/bin/troff: warning: can't find hyphen.tex; line 14, file man1/matlab.1
/usr/bin/troff: warning: can't find hyphen.tex; line 30, file man1/mk.1
/usr/bin/troff: warning: can't find hyphen.tex; line 14, file man1/mkdir.1
/usr/bin/troff: warning: can't find hyphen.tex; line 12, file man1/mkdist.1
/usr/bin/troff: warning: can't find hyphen.tex; line 37, file man1/monk.1
/usr/bin/troff: warning: can't find hyphen.tex; line 20, file man1/mp.1
/usr/bin/troff: warning: can't find hyphen.tex; line 33, file man1/nice.1
/usr/bin/troff: warning: can't find hyphen.tex; line 27, file man1/nm.1
/usr/bin/troff: warning: can't find hyphen.tex; line 19, file man1/ocr.1
/usr/bin/troff: warning: can't find hyphen.tex; line 52, file man1/p.1
/usr/bin/troff: warning: can't find hyphen.tex; line 49, file man1/pack.1
/usr/bin/troff: warning: can't find hyphen.tex; line 25, file man1/passwd.1
/usr/bin/troff: warning: can't find hyphen.tex; line 31, file man1/pic.1
/usr/bin/troff: warning: can't find hyphen.tex; line 11, file man1/picasso.1
/usr/bin/troff: warning: can't find hyphen.tex; line 18, file man1/pico.1
/usr/bin/troff: warning: can't find hyphen.tex; line 14, file man1/plot.1
/usr/bin/troff: warning: can't find hyphen.tex; line 16, file man1/pr.1
/usr/bin/troff: warning: can't find hyphen.tex; line 43, file man1/prefer.1
/usr/bin/troff: warning: can't find hyphen.tex; line 12, file man1/printenv.1
/usr/bin/troff: warning: can't find hyphen.tex; line 22, file man1/prof.1
/usr/bin/troff: warning: can't find hyphen.tex; line 53, file man1/ps.1
/usr/bin/troff: warning: can't find hyphen.tex; line 26, file man1/psifile.1
/usr/bin/troff: warning: can't find hyphen.tex; line 18, file man1/psix.1
/usr/bin/troff: warning: can't find hyphen.tex; line 25, file man1/ptx.1
/usr/bin/troff: warning: can't find hyphen.tex; line 49, file man1/push.1
/usr/bin/troff: warning: can't find hyphen.tex; line 23, file man1/qsnap.1
/usr/bin/troff: warning: can't find hyphen.tex; line 37, file man1/random.1
/usr/bin/troff: warning: can't find hyphen.tex; line 27, file man1/rc.1
/usr/bin/troff: warning: can't find hyphen.tex; line 31, file man1/rcp.1
/usr/bin/troff: warning: can't find hyphen.tex; line 26, file man1/refer.1
/usr/bin/troff: warning: can't find hyphen.tex; line 19, file man1/rev.1
/usr/bin/troff: warning: can't find hyphen.tex; line 15, file man1/rm.1
/usr/bin/troff: warning: can't find hyphen.tex; line 32, file man1/sed.1
/usr/bin/troff: warning: can't find hyphen.tex; line 37, file man1/seq.1
/usr/bin/troff: warning: can't find hyphen.tex; line 5, file man1/sh.1
/usr/bin/troff: warning: can't find hyphen.tex; line 30, file man1/sign.1
/usr/bin/troff: warning: can't find hyphen.tex; line 15, file man1/size.1
/usr/bin/troff: warning: can't find hyphen.tex; line 12, file man1/sml.1
/usr/bin/troff: warning: can't find hyphen.tex; line 12, file man1/snocone.1
/usr/bin/troff: warning: can't find hyphen.tex; line 29, file man1/sort.1
/usr/bin/troff: warning: can't find hyphen.tex; line 28, file man1/spell.1
/usr/bin/troff: warning: can't find hyphen.tex; line 21, file man1/spin.1
/usr/bin/troff: warning: can't find hyphen.tex; line 50, file man1/split.1
/usr/bin/troff: warning: can't find hyphen.tex; line 16, file man1/strings.1
/usr/bin/troff: warning: can't find hyphen.tex; line 19, file man1/strip.1
/usr/bin/troff: warning: can't find hyphen.tex; line 52, file man1/stty.1
/usr/bin/troff: warning: can't find hyphen.tex; line 30, file man1/sum.1
/usr/bin/troff: warning: can't find hyphen.tex; line 39, file man1/tail.1
/usr/bin/troff: warning: can't find hyphen.tex; line 20, file man1/tape.1
/usr/bin/troff: warning: can't find hyphen.tex; line 18, file man1/tar.1
/usr/bin/troff: warning: can't find hyphen.tex; line 16, file man1/tbl.1
/usr/bin/troff: warning: can't find hyphen.tex; line 19, file man1/tdc.1
/usr/bin/troff: warning: can't find hyphen.tex; line 27, file man1/test.1
/usr/bin/troff: warning: can't find hyphen.tex; line 33, file man1/tex.1
/usr/bin/troff: warning: can't find hyphen.tex; line 23, file man1/time.1
/usr/bin/troff: warning: can't find hyphen.tex; line 18, file man1/tr.1
/usr/bin/troff: warning: can't find hyphen.tex; line 14, file man1/tr2tex.1
/usr/bin/troff: warning: can't find hyphen.tex; line 26, file man1/troff.1
/usr/bin/troff: warning: can't find hyphen.tex; line 13, file man1/true.1
/usr/bin/troff: warning: can't find hyphen.tex; line 13, file man1/tsort.1
/usr/bin/troff: warning: can't find hyphen.tex; line 30, file man1/tty.1
/usr/bin/troff: warning: can't find hyphen.tex; line 26, file man1/uniq.1
/usr/bin/troff: warning: can't find hyphen.tex; line 31, file man1/uucp.1
/usr/bin/troff: warning: can't find hyphen.tex; line 21, file man1/uustat.1
/usr/bin/troff: warning: can't find hyphen.tex; line 33, file man1/uuto.1
/usr/bin/troff: warning: can't find hyphen.tex; line 15, file man1/uux.1
/usr/bin/troff: warning: can't find hyphen.tex; line 27, file man1/vi.1
/usr/bin/troff: warning: can't find hyphen.tex; line 24, file man1/view2d.1
/usr/bin/troff: warning: can't find hyphen.tex; line 19, file man1/vis.1
/usr/bin/troff: warning: can't find hyphen.tex; line 17, file man1/wc.1
/usr/bin/troff: warning: can't find hyphen.tex; line 36, file man1/who.1
/usr/bin/troff: warning: can't find hyphen.tex; line 28, file man1/write.1
/usr/bin/troff: warning: can't find hyphen.tex; line 49, file man1/wwb.1
/usr/bin/troff: warning: can't find hyphen.tex; line 22, file man1/wwv.1
/usr/bin/troff: warning: can't find hyphen.tex; line 30, file man1/xd.1
/usr/bin/troff: warning: can't find hyphen.tex; line 37, file man1/yacc.1
/usr/bin/troff: warning: can't find hyphen.tex; line 18, file man2/access.2
/usr/bin/troff: warning: can't find hyphen.tex; line 13, file man2/acct.2
/usr/bin/troff: warning: can't find hyphen.tex; line 27, file man2/alarm.2
/usr/bin/troff: warning: can't find hyphen.tex; line 32, file man2/brk.2
/usr/bin/troff: warning: can't find hyphen.tex; line 37, file man2/chdir.2
/usr/bin/troff: warning: can't find hyphen.tex; line 3, file man2/chmod.2
/usr/bin/troff: warning: can't find hyphen.tex; line 4, file man2/deprecated.2
/usr/bin/troff: warning: can't find hyphen.tex; line 19, file man2/dirread.2
/usr/bin/troff: warning: can't find hyphen.tex; line 17, file man2/dup.2
/usr/bin/troff: warning: can't find hyphen.tex; line 3, file man2/exec.2
/usr/bin/troff: warning: can't find hyphen.tex; line 4, file man2/exit.2
/usr/bin/troff: warning: can't find hyphen.tex; line 45, file man2/fmount.2
/usr/bin/troff: warning: can't find hyphen.tex; line 18, file man2/fork.2
/usr/bin/troff: warning: can't find hyphen.tex; line 3, file man2/getuid.2
/usr/bin/troff: warning: can't find hyphen.tex; line 8, file man2/intro.2
/usr/bin/troff: warning: can't find hyphen.tex; line 16, file man2/ioctl.2
/usr/bin/troff: warning: can't find hyphen.tex; line 40, file man2/link.2
/usr/bin/troff: warning: can't find hyphen.tex; line 17, file man2/lseek.2
/usr/bin/troff: warning: can't find hyphen.tex; line 19, file man2/mkdir.2
/usr/bin/troff: warning: can't find hyphen.tex; line 16, file man2/mknod.2
/usr/bin/troff: warning: can't find hyphen.tex; line 20, file man2/nice.2
/usr/bin/troff: warning: can't find hyphen.tex; line 3, file man2/open.2
/usr/bin/troff: warning: can't find hyphen.tex; line 12, file man2/pipe.2
/usr/bin/troff: warning: can't find hyphen.tex; line 13, file man2/profil.2
/usr/bin/troff: warning: can't find hyphen.tex; line 17, file man2/read.2
/usr/bin/troff: warning: can't find hyphen.tex; line 97, file man2/select.2
/usr/bin/troff: warning: can't find hyphen.tex; line 56, file man2/signal.2
/usr/bin/troff: warning: can't find hyphen.tex; line 24, file man2/stat.2
/usr/bin/troff: warning: can't find hyphen.tex; line 22, file man2/stime.2
/usr/bin/troff: warning: can't find hyphen.tex; line 17, file man2/times.2
/usr/bin/troff: warning: can't find hyphen.tex; line 22, file man2/umask.2
/usr/bin/troff: warning: can't find hyphen.tex; line 16, file man2/unlink.2
/usr/bin/troff: warning: can't find hyphen.tex; line 15, file man2/vtimes.2
/usr/bin/troff: warning: can't find hyphen.tex; line 11, file man3/abort.3
/usr/bin/troff: warning: can't find hyphen.tex; line 4, file man3/arith.3
/usr/bin/troff: warning: can't find hyphen.tex; line 33, file man3/atof.3
/usr/bin/troff: warning: can't find hyphen.tex; line 54, file man3/bits.3
/usr/bin/troff: warning: can't find hyphen.tex; line 53, file man3/block.3
/usr/bin/troff: warning: can't find hyphen.tex; line 35, file man3/cbt.3
/usr/bin/troff: warning: can't find hyphen.tex; line 11, file man3/chrtab.3
/usr/bin/troff: warning: can't find hyphen.tex; line 20, file man3/crypt.3
/usr/bin/troff: warning: can't find hyphen.tex; line 41, file man3/ctime.3
/usr/bin/troff: warning: can't find hyphen.tex; line 3, file man3/ctype.3
/usr/bin/troff: warning: can't find hyphen.tex; line 7, file man3/curses.3
/usr/bin/troff: warning: can't find hyphen.tex; line 51, file man3/dbm.3
/usr/bin/troff: warning: can't find hyphen.tex; line 11, file man3/dialout.3
/usr/bin/troff: warning: can't find hyphen.tex; line 4, file man3/directory.3
/usr/bin/troff: warning: can't find hyphen.tex; line 26, file man3/ecvt.3
/usr/bin/troff: warning: can't find hyphen.tex; line 15, file man3/end.3
/usr/bin/troff: warning: can't find hyphen.tex; line 73, file stdin
/usr/bin/troff: warning: can't find hyphen.tex; line 43, file man3/exit.3
/usr/bin/troff: warning: can't find hyphen.tex; line 67, file man3/exp.3
/usr/bin/troff: warning: can't find hyphen.tex; line 40, file man3/ferror.3
/usr/bin/troff: warning: can't find hyphen.tex; line 32, file man3/fgets.3
/usr/bin/troff: warning: can't find hyphen.tex; line 51, file man3/fio.3
/usr/bin/troff: warning: can't find hyphen.tex; line 3, file man3/fopen.3
/usr/bin/troff: warning: can't find hyphen.tex; line 35, file man3/frexp.3
/usr/bin/troff: warning: can't find hyphen.tex; line 20, file man3/fseek.3
/usr/bin/troff: warning: can't find hyphen.tex; line 30, file man3/ftw.3
/usr/bin/troff: warning: can't find hyphen.tex; line 4, file man3/galloc.3
/usr/bin/troff: warning: can't find hyphen.tex; line 38, file man3/gamma.3
/usr/bin/troff: warning: can't find hyphen.tex; line 13, file man3/getarg.3
/usr/bin/troff: warning: can't find hyphen.tex; line 67, file man3/getc.3
/usr/bin/troff: warning: can't find hyphen.tex; line 19, file man3/getenv.3
/usr/bin/troff: warning: can't find hyphen.tex; line 4, file man3/getfields.3
/usr/bin/troff: warning: can't find hyphen.tex; line 20, file man3/getflags.3
/usr/bin/troff: warning: can't find hyphen.tex; line 46, file man3/getfsent.3
/usr/bin/troff: warning: can't find hyphen.tex; line 78, file man3/getgrent.3
/usr/bin/troff: warning: can't find hyphen.tex; line 31, file man3/getlogin.3
/usr/bin/troff: warning: can't find hyphen.tex; line 24, file man3/getopt.3
/usr/bin/troff: warning: can't find hyphen.tex; line 17, file man3/getpass.3
/usr/bin/troff: warning: can't find hyphen.tex; line 50, file man3/getpwent.3
/usr/bin/troff: warning: can't find hyphen.tex; line 18, file man3/getwd.3
/usr/bin/troff: warning: can't find hyphen.tex; line 16, file man3/huff.3
/usr/bin/troff: warning: can't find hyphen.tex; line 3, file man3/internet.3
/usr/bin/troff: warning: can't find hyphen.tex; line 13, file man3/intro.3
/usr/bin/troff: warning: can't find hyphen.tex; line 65, file man3/ipc.3
/usr/bin/troff: warning: can't find hyphen.tex; line 4, file man3/l3tol.3
/usr/bin/troff: warning: can't find hyphen.tex; line 31, file man3/malloc.3
/usr/bin/troff: warning: can't find hyphen.tex; line 64, file man3/map.3
/usr/bin/troff: warning: can't find hyphen.tex; line 33, file man3/memory.3
/usr/bin/troff: warning: can't find hyphen.tex; line 14, file man3/monitor.3
/usr/bin/troff: warning: can't find hyphen.tex; line 5, file man3/mp.3
/usr/bin/troff: warning: can't find hyphen.tex; line 43, file man3/nlist.3
/usr/bin/troff: warning: can't find hyphen.tex; line 31, file man3/perror.3
/usr/bin/troff: warning: can't find hyphen.tex; line 3, file man3/picfile.3
/usr/bin/troff: warning: can't find hyphen.tex; line 117, file man3/plot.3
/usr/bin/troff: warning: can't find hyphen.tex; line 32, file man3/poly.3
/usr/bin/troff: warning: can't find hyphen.tex; line 35, file man3/pool.3
/usr/bin/troff: warning: can't find hyphen.tex; line 4, file man3/popen.3
/usr/bin/troff: warning: can't find hyphen.tex; line 6, file man3/port.3
/usr/bin/troff: warning: can't find hyphen.tex; line 41, file man3/print.3
/usr/bin/troff: warning: can't find hyphen.tex; line 27, file man3/printf.3
/usr/bin/troff: warning: can't find hyphen.tex; line 35, file man3/proj.3
/usr/bin/troff: warning: can't find hyphen.tex; line 14, file man3/qsort.3
/usr/bin/troff: warning: can't find hyphen.tex; line 22, file man3/rand.3
/usr/bin/troff: warning: can't find hyphen.tex; line 57, file man3/re.3
/usr/bin/troff: warning: can't find hyphen.tex; line 42, file man3/regexp.3
/usr/bin/troff: warning: can't find hyphen.tex; line 32, file man3/scanf.3
/usr/bin/troff: warning: can't find hyphen.tex; line 23, file man3/setbuf.3
/usr/bin/troff: warning: can't find hyphen.tex; line 16, file man3/setjmp.3
/usr/bin/troff: warning: can't find hyphen.tex; line 4, file man3/sin.3
/usr/bin/troff: warning: can't find hyphen.tex; line 11, file man3/sleep.3
/usr/bin/troff: warning: can't find hyphen.tex; line 14, file man3/stdio.3
/usr/bin/troff: warning: can't find hyphen.tex; line 85, file man3/string.3
/usr/bin/troff: warning: can't find hyphen.tex; line 35, file man3/tcp.3
/usr/bin/troff: warning: can't find hyphen.tex; line 39, file man3/termcap.3
/usr/bin/troff: warning: can't find hyphen.tex; line 49, file man3/timec.3
/usr/bin/troff: warning: can't find hyphen.tex; line 22, file man3/ttyname.3
/usr/bin/troff: warning: can't find hyphen.tex; line 4, file man3/udp.3
/usr/bin/troff: warning: can't find hyphen.tex; line 32, file man3/uname.3
/usr/bin/troff: warning: can't find hyphen.tex; line 20, file man3/ungetc.3
/usr/bin/troff: warning: can't find hyphen.tex; line 51, file man3/varargs.3
/usr/bin/troff: warning: can't find hyphen.tex; line 26, file man3/view2d.3
/usr/bin/troff: warning: can't find hyphen.tex; line 8, file man4/bufld.4
/usr/bin/troff: warning: can't find hyphen.tex; line 10, file man4/connld.4
/usr/bin/troff: warning: can't find hyphen.tex; line 10, file man4/console.4
/usr/bin/troff: warning: can't find hyphen.tex; line 4, file man4/dk.4
/usr/bin/troff: warning: can't find hyphen.tex; line 6, file man4/drum.4
/usr/bin/troff: warning: can't find hyphen.tex; line 10, file man4/ethernet.4
/usr/bin/troff: warning: can't find hyphen.tex; line 8, file man4/fd.4
/usr/bin/troff: warning: can't find hyphen.tex; line 7, file man4/intro.4
/usr/bin/troff: warning: can't find hyphen.tex; line 38, file man4/ip.4
/usr/bin/troff: warning: can't find hyphen.tex; line 9, file man4/mem.4
/usr/bin/troff: warning: can't find hyphen.tex; line 13, file man4/mesgld.4
/usr/bin/troff: warning: can't find hyphen.tex; line 12, file man4/mt.4
/usr/bin/troff: warning: can't find hyphen.tex; line 16, file man4/proc.4
/usr/bin/troff: warning: can't find hyphen.tex; line 7, file man4/ra.4
/usr/bin/troff: warning: can't find hyphen.tex; line 30, file man4/scsi.4
/usr/bin/troff: warning: can't find hyphen.tex; line 11, file man4/stream.4
/usr/bin/troff: warning: can't find hyphen.tex; line 14, file man4/tcp.4
/usr/bin/troff: warning: can't find hyphen.tex; line 88, file man4/tty.4
/usr/bin/troff: warning: can't find hyphen.tex; line 10, file man4/ttyld.4
/usr/bin/troff: warning: can't find hyphen.tex; line 9, file man5/a.out.5
/usr/bin/troff: warning: can't find hyphen.tex; line 12, file man5/acct.5
/usr/bin/troff: warning: can't find hyphen.tex; line 12, file man5/ar.5
/usr/bin/troff: warning: can't find hyphen.tex; line 7, file man5/backup.5
/usr/bin/troff: warning: can't find hyphen.tex; line 15, file man5/core.5
/usr/bin/troff: warning: can't find hyphen.tex; line 38, file man5/cpio.5
/usr/bin/troff: warning: can't find hyphen.tex; line 36, file man5/dir.5
/usr/bin/troff: warning: can't find hyphen.tex; line 8, file man5/environ.5
/usr/bin/troff: warning: can't find hyphen.tex; line 85, file man5/filsys.5
/usr/bin/troff: warning: can't find hyphen.tex; line 9, file man5/font.5
/usr/bin/troff: warning: can't find hyphen.tex; line 21, file man5/fstab.5
/usr/bin/troff: warning: can't find hyphen.tex; line 37, file man5/map.5
/usr/bin/troff: warning: can't find hyphen.tex; line 38, file man5/netnews.5
/usr/bin/troff: warning: can't find hyphen.tex; line 8, file man5/passwd.5
/usr/bin/troff: warning: can't find hyphen.tex; line 32, file man5/picfile.5
/usr/bin/troff: warning: can't find hyphen.tex; line 15, file man5/plot.5
/usr/bin/troff: warning: can't find hyphen.tex; line 17, file stdin
/usr/bin/troff: warning: can't find hyphen.tex; line 20, file man5/stab.5
/usr/bin/troff: warning: can't find hyphen.tex; line 20, file man5/termcap.5
/usr/bin/troff: warning: can't find hyphen.tex; line 9, file man5/ttys.5
/usr/bin/troff: warning: can't find hyphen.tex; line 35, file man5/types.5
/usr/bin/troff: warning: can't find hyphen.tex; line 31, file man5/utmp.5
/usr/bin/troff: warning: can't find hyphen.tex; line 9, file man5/view2d.5
/usr/bin/troff: warning: can't find hyphen.tex; line 13, file man5/worm.5
/usr/bin/troff: warning: can't find hyphen.tex; line 37, file man6/ascii.6
/usr/bin/troff: warning: can't find hyphen.tex; line 45, file stdin
/usr/bin/troff: warning: can't find hyphen.tex; line 6, file man6/font.6
/usr/bin/troff: warning: can't find hyphen.tex; line 22, file man6/latex.6
/usr/bin/troff: warning: can't find hyphen.tex; line 9, file man6/mail.6
/usr/bin/troff: warning: can't find hyphen.tex; line 18, file man6/man.6
/usr/bin/troff: cannot open file /usr/lib/tmac/tmac.an-mbits
/usr/bin/troff: warning: can't find hyphen.tex; line 15, file man6/mcs.6
/usr/bin/troff: warning: can't find hyphen.tex; line 19, file man6/mpictures.6
/usr/bin/troff: warning: can't find hyphen.tex; line 17, file man6/mpm.6
/usr/bin/troff: warning: can't find hyphen.tex; line 22, file man6/ms.6
/usr/bin/troff: warning: can't find hyphen.tex; line 43, file man7/apnews.7
/usr/bin/troff: warning: can't find hyphen.tex; line 20, file man7/cal.7
/usr/bin/troff: warning: can't find hyphen.tex; line 21, file man7/dict.7
/usr/bin/troff: warning: can't find hyphen.tex; line 12, file man7/dkname.7
/usr/bin/troff: warning: can't find hyphen.tex; line 37, file man7/library.7
/usr/bin/troff: warning: can't find hyphen.tex; line 17, file man7/map.7
/usr/bin/troff: warning: can't find hyphen.tex; line 8, file man7/netlib.7
/usr/bin/troff: warning: can't find hyphen.tex; line 23, file man7/news.7
/usr/bin/troff: warning: can't find hyphen.tex; line 38, file man7/papers.7
/usr/bin/troff: warning: can't find hyphen.tex; line 18, file man7/poly.7
/usr/bin/troff: warning: can't find hyphen.tex; line 16, file man7/postnews.7
/usr/bin/troff: warning: can't find hyphen.tex; line 12, file man7/pq.7
/usr/bin/troff: warning: can't find hyphen.tex; line 16, file man7/qns.7
/usr/bin/troff: warning: can't find hyphen.tex; line 42, file man7/readnews.7
/usr/bin/troff: warning: can't find hyphen.tex; line 9, file man7/scat.7
/usr/bin/troff: warning: can't find hyphen.tex; line 11, file man7/sky.7
/usr/bin/troff: warning: can't find hyphen.tex; line 32, file man7/tel.7
/usr/bin/troff: warning: can't find hyphen.tex; line 10, file man7/units.7
/usr/bin/troff: warning: can't find hyphen.tex; line 22, file man7/weather.7
/usr/bin/troff: warning: can't find hyphen.tex; line 6, file man8/11.8
/usr/bin/troff: warning: can't find hyphen.tex; line 28, file man8/ac.8
/usr/bin/troff: warning: can't find hyphen.tex; line 18, file man8/arff.8
/usr/bin/troff: warning: can't find hyphen.tex; line 16, file man8/asd.8
/usr/bin/troff: warning: can't find hyphen.tex; line 30, file man8/backup.8
/usr/bin/troff: warning: can't find hyphen.tex; line 14, file man8/chown.8
/usr/bin/troff: warning: can't find hyphen.tex; line 32, file man8/chuck.8
/usr/bin/troff: warning: can't find hyphen.tex; line 26, file man8/clri.8
/usr/bin/troff: warning: can't find hyphen.tex; line 19, file man8/cpp.8
/usr/bin/troff: warning: can't find hyphen.tex; line 9, file man8/cron.8
/usr/bin/troff: warning: can't find hyphen.tex; line 31, file man8/dkmgr.8
/usr/bin/troff: warning: can't find hyphen.tex; line 19, file man8/dmesg.8
/usr/bin/troff: warning: can't find hyphen.tex; line 36, file man8/fsck.8
/usr/bin/troff: warning: can't find hyphen.tex; line 14, file man8/getty.8
/usr/bin/troff: warning: can't find hyphen.tex; line 24, file man8/icheck.8
/usr/bin/troff: warning: can't find hyphen.tex; line 20, file man8/init.8
/usr/bin/troff: warning: can't find hyphen.tex; line 4, file man8/ipconfig.8
/usr/bin/troff: warning: can't find hyphen.tex; line 4, file man8/kmc.8
/usr/bin/troff: warning: can't find hyphen.tex; line 18, file man8/ldpcs.8
/usr/bin/troff: warning: can't find hyphen.tex; line 45, file man8/login.8
/usr/bin/troff: warning: can't find hyphen.tex; line 8, file man8/makekey.8
/usr/bin/troff: warning: can't find hyphen.tex; line 28, file man8/mkfs.8
/usr/bin/troff: warning: can't find hyphen.tex; line 26, file man8/mknod.8
/usr/bin/troff: warning: can't find hyphen.tex; line 50, file man8/mkpkg.8
/usr/bin/troff: warning: can't find hyphen.tex; line 46, file man8/mount.8
/usr/bin/troff: warning: can't find hyphen.tex; line 10, file man8/netfs.8
/usr/bin/troff: warning: can't find hyphen.tex; line 3, file man8/netstat.8
/usr/bin/troff: warning: can't find hyphen.tex; line 26, file man8/ns.8
/usr/bin/troff: warning: can't find hyphen.tex; line 25, file man8/postio.8
/usr/bin/troff: warning: can't find hyphen.tex; line 42, file man8/postscript.8
/usr/bin/troff: warning: can't find hyphen.tex; line 29, file man8/pstat.8
/usr/bin/troff: warning: can't find hyphen.tex; line 29, file man8/quot.8
/usr/bin/troff: warning: can't find hyphen.tex; line 32, file man8/rarepl.8
/usr/bin/troff: warning: can't find hyphen.tex; line 12, file man8/rc.8
/usr/bin/troff: warning: can't find hyphen.tex; line 15, file man8/reboot.8
/usr/bin/troff: warning: can't find hyphen.tex; line 50, file man8/route.8
/usr/bin/troff: warning: can't find hyphen.tex; line 24, file man8/sa.8
/usr/bin/troff: warning: can't find hyphen.tex; line 11, file man8/savecore.8
/usr/bin/troff: warning: can't find hyphen.tex; line 12, file man8/scsish.8
/usr/bin/troff: warning: can't find hyphen.tex; line 10, file man8/sendcover.8
/usr/bin/troff: warning: can't find hyphen.tex; line 18, file man8/ship.8
/usr/bin/troff: warning: can't find hyphen.tex; line 20, file man8/showq.8
/usr/bin/troff: warning: can't find hyphen.tex; line 14, file man8/smstat.8
/usr/bin/troff: warning: can't find hyphen.tex; line 3, file man8/smtp.8
/usr/bin/troff: warning: can't find hyphen.tex; line 22, file man8/su.8
/usr/bin/troff: warning: can't find hyphen.tex; line 13, file man8/svcmgr.8
/usr/bin/troff: warning: can't find hyphen.tex; line 13, file man8/swapon.8
/usr/bin/troff: warning: can't find hyphen.tex; line 30, file man8/upas.8
/usr/bin/troff: warning: can't find hyphen.tex; line 55, file man8/uucico.8
/usr/bin/troff: warning: can't find hyphen.tex; line 16, file man8/uucleanup.8
/usr/bin/troff: warning: can't find hyphen.tex; line 26, file man8/vmstat.8
/usr/bin/troff: warning: can't find hyphen.tex; line 23, file man8/wall.8
/usr/bin/troff: warning: can't find hyphen.tex; line 136, file man8/worm.8
/usr/bin/troff: warning: can't find hyphen.tex; line 31, file man9/32ld.9
/usr/bin/troff: warning: can't find hyphen.tex; line 4, file man9/3cc.9
/usr/bin/troff: warning: can't find hyphen.tex; line 54, file man9/add.9
/usr/bin/troff: warning: can't find hyphen.tex; line 4, file man9/alloc.9
/usr/bin/troff: warning: can't find hyphen.tex; line 3, file man9/bitblt.9
/usr/bin/troff: warning: can't find hyphen.tex; line 64, file man9/bitfile.9
/usr/bin/troff: warning: can't find hyphen.tex; line 18, file man9/blitblt.9
/usr/bin/troff: warning: can't find hyphen.tex; line 31, file man9/brush.9
/usr/bin/troff: warning: can't find hyphen.tex; line 3, file man9/button.9
/usr/bin/troff: warning: can't find hyphen.tex; line 10, file man9/cip.9
/usr/bin/troff: warning: can't find hyphen.tex; line 28, file man9/circle.9
/usr/bin/troff: warning: can't find hyphen.tex; line 24, file man9/cos.9
/usr/bin/troff: warning: can't find hyphen.tex; line 16, file man9/face.9
/usr/bin/troff: warning: can't find hyphen.tex; line 8, file man9/faced.9
/usr/bin/troff: warning: can't find hyphen.tex; line 44, file man9/flickfile.9
/usr/bin/troff: warning: can't find hyphen.tex; line 28, file man9/flicks.9
/usr/bin/troff: warning: can't find hyphen.tex; line 55, file man9/font.9
/usr/bin/troff: warning: can't find hyphen.tex; line 37, file man9/getfont.9
/usr/bin/troff: warning: can't find hyphen.tex; line 17, file man9/graphdraw.9
/usr/bin/troff: warning: can't find hyphen.tex; line 17, file man9/icon.9
/usr/bin/troff: warning: can't find hyphen.tex; line 7, file man9/intro.9
/usr/bin/troff: warning: can't find hyphen.tex; line 14, file man9/jf.9
/usr/bin/troff: warning: can't find hyphen.tex; line 18, file man9/jioctl.9
/usr/bin/troff: warning: can't find hyphen.tex; line 24, file man9/jx.9
/usr/bin/troff: warning: can't find hyphen.tex; line 17, file man9/lens.9
/usr/bin/troff: warning: can't find hyphen.tex; line 28, file man9/menuhit.9
/usr/bin/troff: warning: can't find hyphen.tex; line 5, file man9/mouse.9
/usr/bin/troff: warning: can't find hyphen.tex; line 25, file man9/movie.9
/usr/bin/troff: warning: can't find hyphen.tex; line 25, file man9/mux.9
/usr/bin/troff: warning: can't find hyphen.tex; line 3, file man9/muxstring.9
/usr/bin/troff: warning: can't find hyphen.tex; line 3, file man9/newlayer.9
/usr/bin/troff: warning: can't find hyphen.tex; line 39, file man9/newproc.9
/usr/bin/troff: warning: can't find hyphen.tex; line 11, file man9/pads.9
/usr/bin/troff: warning: can't find hyphen.tex; line 10, file man9/paint.9
/usr/bin/troff: warning: can't find hyphen.tex; line 39, file man9/ped.9
/usr/bin/troff: warning: can't find hyphen.tex; line 19, file man9/pi.9
/usr/bin/troff: warning: can't find hyphen.tex; line 18, file man9/proof.9
/usr/bin/troff: warning: can't find hyphen.tex; line 44, file man9/psi.9
/usr/bin/troff: warning: can't find hyphen.tex; line 24, file man9/reader.9
/usr/bin/troff: warning: can't find hyphen.tex; line 18, file man9/rebecca.9
/usr/bin/troff: warning: can't find hyphen.tex; line 3, file man9/request.9
/usr/bin/troff: warning: can't find hyphen.tex; line 27, file man9/ruler.9
/usr/bin/troff: warning: can't find hyphen.tex; line 35, file man9/sam.9
/usr/bin/troff: warning: can't find hyphen.tex; line 37, file man9/string.9
/usr/bin/troff: warning: can't find hyphen.tex; line 10, file man9/term.9
/usr/bin/troff: warning: can't find hyphen.tex; line 39, file man9/thinkblt.9
/usr/bin/troff: warning: can't find hyphen.tex; line 35, file man9/thinkclient.9
/usr/bin/troff: warning: can't find hyphen.tex; line 3, file man9/types.9
/usr/bin/troff: warning: can't find hyphen.tex; line 4, file man9/vismon.9
/usr/bin/troff: warning: can't find hyphen.tex; line 55, file man9/windows.9
/usr/bin/troff: warning: can't find hyphen.tex; line 39, file mana/300.1
/usr/bin/troff: warning: can't find hyphen.tex; line 17, file mana/450.1
/usr/bin/troff: warning: can't find hyphen.tex; line 17, file mana/Mail.1
/usr/bin/troff: warning: can't find hyphen.tex; line 22, file mana/adventure.6
/usr/bin/troff: warning: can't find hyphen.tex; line 15, file mana/altran.1
/usr/bin/troff: warning: can't find hyphen.tex; line 25, file mana/arithmetic.6
/usr/bin/troff: warning: can't find hyphen.tex; line 15, file mana/atc.6
/usr/bin/troff: warning: can't find hyphen.tex; line 48, file mana/av.7
/usr/bin/troff: warning: can't find hyphen.tex; line 46, file mana/avw.7
/usr/bin/troff: warning: can't find hyphen.tex; line 19, file mana/bcd.6
/usr/bin/troff: warning: can't find hyphen.tex; line 14, file mana/bianchi.6
/usr/bin/troff: warning: can't find hyphen.tex; line 12, file mana/bison.1
/usr/bin/troff: warning: can't find hyphen.tex; line 14, file mana/bridge.6
/usr/bin/troff: warning: can't find hyphen.tex; line 17, file mana/byteyears.1
/usr/bin/troff: warning: can't find hyphen.tex; line 18, file mana/cards.6
/usr/bin/troff: warning: can't find hyphen.tex; line 20, file mana/cite.1
/usr/bin/troff: warning: can't find hyphen.tex; line 8, file mana/clear.1
/usr/bin/troff: warning: can't find hyphen.tex; line 8, file mana/config.5
/usr/bin/troff: warning: can't find hyphen.tex; line 25, file mana/config.8
/usr/bin/troff: warning: can't find hyphen.tex; line 69, file mana/cospan.1
/usr/bin/troff: warning: can't find hyphen.tex; line 29, file mana/crabs.9
/usr/bin/troff: warning: can't find hyphen.tex; line 60, file mana/cray.1
/usr/bin/troff: warning: can't find hyphen.tex; line 60, file mana/d202.1
/usr/bin/troff: warning: can't find hyphen.tex; line 13, file mana/efl.1
/usr/bin/troff: warning: can't find hyphen.tex; line 10, file mana/esterel.1
/usr/bin/troff: warning: can't find hyphen.tex; line 10, file mana/festoon.6
/usr/bin/troff: warning: can't find hyphen.tex; line 59, file mana/filebuf.3
/usr/bin/troff: warning: can't find hyphen.tex; line 43, file mana/fstream.3
/usr/bin/troff: warning: can't find hyphen.tex; line 17, file mana/gcc.1
/usr/bin/troff: warning: can't find hyphen.tex; line 11, file mana/gebaca.9
/usr/bin/troff: warning: can't find hyphen.tex; line 15, file mana/getopt.1
/usr/bin/troff: warning: can't find hyphen.tex; line 32, file mana/hangman.6
/usr/bin/troff: warning: can't find hyphen.tex; line 88, file mana/ican.1
/usr/bin/troff: warning: can't find hyphen.tex; line 8, file mana/iclc.1
/usr/bin/troff: warning: can't find hyphen.tex; line 20, file mana/icont.1
/usr/bin/troff: warning: can't find hyphen.tex; line 9, file mana/imp.6
/usr/bin/troff: warning: can't find hyphen.tex; line 93, file mana/ios.3
/usr/bin/troff: warning: can't find hyphen.tex; line 110, file mana/istream.3
/usr/bin/troff: warning: can't find hyphen.tex; line 24, file mana/jim.9
/usr/bin/troff: warning: can't find hyphen.tex; line 9, file mana/lcoc.1
/usr/bin/troff: warning: can't find hyphen.tex; line 22, file mana/lisp.1
/usr/bin/troff: warning: can't find hyphen.tex; line 77, file mana/manip.3
/usr/bin/troff: warning: can't find hyphen.tex; line 22, file mana/maple.1
/usr/bin/troff: warning: can't find hyphen.tex; line 20, file mana/mars.6
/usr/bin/troff: warning: can't find hyphen.tex; line 14, file mana/mcc.9
/usr/bin/troff: warning: can't find hyphen.tex; line 57, file mana/mille.6
/usr/bin/troff: warning: can't find hyphen.tex; line 26, file mana/mint.1
/usr/bin/troff: warning: can't find hyphen.tex; line 26, file mana/netnews.7
/usr/bin/troff: warning: can't find hyphen.tex; line 9, file mana/number.6
/usr/bin/troff: warning: can't find hyphen.tex; line 9, file mana/occ.1
/usr/bin/troff: warning: can't find hyphen.tex; line 8, file mana/ocdebug.1
/usr/bin/troff: warning: can't find hyphen.tex; line 10, file mana/ogre.6
/usr/bin/troff: warning: can't find hyphen.tex; line 7, file mana/ops5.1
/usr/bin/troff: warning: can't find hyphen.tex; line 67, file mana/ostream.3
/usr/bin/troff: warning: can't find hyphen.tex; line 13, file mana/paper.1
/usr/bin/troff: warning: can't find hyphen.tex; line 38, file mana/pascal.1
/usr/bin/troff: warning: can't find hyphen.tex; line 52, file mana/patch.1
/usr/bin/troff: warning: can't find hyphen.tex; line 32, file mana/pc.1
/usr/bin/troff: warning: can't find hyphen.tex; line 17, file mana/pengo.9
/usr/bin/troff: warning: can't find hyphen.tex; line 56, file mana/pipebuf.3
/usr/bin/troff: warning: can't find hyphen.tex; line 29, file mana/pipestream.3
/usr/bin/troff: warning: can't find hyphen.tex; line 42, file mana/post.1
/usr/bin/troff: warning: can't find hyphen.tex; line 2, file mana/postbgi.8
/usr/bin/troff: warning: can't find hyphen.tex; line 8, file mana/postreverse.8
/usr/bin/troff: warning: can't find hyphen.tex; line 24, file mana/pp.1
/usr/bin/troff: warning: can't find hyphen.tex; line 32, file mana/pxp.1
/usr/bin/troff: warning: can't find hyphen.tex; line 27, file mana/quiz.6
/usr/bin/troff: warning: can't find hyphen.tex; line 17, file mana/redcode.6
/usr/bin/troff: warning: can't find hyphen.tex; line 24, file mana/regex.3
/usr/bin/troff: warning: can't find hyphen.tex; line 42, file mana/rscan.1
/usr/bin/troff: warning: can't find hyphen.tex; line 12, file mana/samuel.9
/usr/bin/troff: warning: can't find hyphen.tex; line 68, file mana/sbuf.prot.3
/usr/bin/troff: warning: can't find hyphen.tex; line 46, file mana/sbuf.pub.3
/usr/bin/troff: warning: can't find hyphen.tex; line 32, file mana/sdb.1
/usr/bin/troff: warning: can't find hyphen.tex; line 17, file mana/snake.6
/usr/bin/troff: warning: can't find hyphen.tex; line 14, file mana/sno.1
/usr/bin/troff: warning: can't find hyphen.tex; line 14, file mana/soelim.1
/usr/bin/troff: warning: can't find hyphen.tex; line 16, file mana/spitbol.1
/usr/bin/troff: warning: can't find hyphen.tex; line 12, file stdin
/usr/bin/troff: warning: can't find hyphen.tex; line 34, file mana/ssbuf.3
/usr/bin/troff: warning: can't find hyphen.tex; line 32, file mana/stdiobuf.3
/usr/bin/troff: warning: can't find hyphen.tex; line 9, file mana/strlic.1
/usr/bin/troff: warning: can't find hyphen.tex; line 43, file mana/strstream.3
/usr/bin/troff: warning: can't find hyphen.tex; line 14, file mana/struct.1
/usr/bin/troff: warning: can't find hyphen.tex; line 14, file mana/telnet.1
/usr/bin/troff: warning: can't find hyphen.tex; line 33, file mana/tk.1
/usr/bin/troff: warning: can't find hyphen.tex; line 23, file mana/track.1
/usr/bin/troff: warning: can't find hyphen.tex; line 20, file mana/tset.1
/usr/bin/troff: warning: can't find hyphen.tex; line 13, file mana/twid.9
/usr/bin/troff: warning: can't find hyphen.tex; line 15, file mana/twig.1
/usr/bin/troff: warning: can't find hyphen.tex; line 3, file mana/usgmake.1
/usr/bin/troff: warning: can't find hyphen.tex; line 3, file mana/uuencode.1
/usr/bin/troff: warning: can't find hyphen.tex; line 51, file mana/visi.1
/usr/bin/troff: warning: can't find hyphen.tex; line 15, file mana/wx.7
/usr/bin/troff: warning: can't find hyphen.tex; line 24, file mana/xargs.1
/usr/bin/troff: warning: can't find hyphen.tex; line 19, file mana/xstr.8
/usr/bin/troff: warning: can't find hyphen.tex; line 17, file manw/acro.1
/usr/bin/troff: warning: can't find hyphen.tex; line 23, file manw/chunk.1
/usr/bin/troff: warning: can't find hyphen.tex; line 25, file manw/dictadd.1
/usr/bin/troff: warning: can't find hyphen.tex; line 24, file manw/dictplus.1
/usr/bin/troff: warning: can't find hyphen.tex; line 20, file manw/double.1
/usr/bin/troff: warning: can't find hyphen.tex; line 5, file manw/gram.1
/usr/bin/troff: warning: can't find hyphen.tex; line 26, file manw/match.1
/usr/bin/troff: warning: can't find hyphen.tex; line 21, file manw/mkstand.1
/usr/bin/troff: warning: can't find hyphen.tex; line 19, file manw/mm.1
/usr/bin/troff: warning: can't find hyphen.tex; line 17, file manw/org.1
/usr/bin/troff: warning: can't find hyphen.tex; line 20, file manw/proofr.1
/usr/bin/troff: warning: can't find hyphen.tex; line 37, file manw/prose.1
/usr/bin/troff: warning: can't find hyphen.tex; line 12, file manw/punct.1
/usr/bin/troff: warning: can't find hyphen.tex; line 18, file manw/sexist.1
/usr/bin/troff: warning: can't find hyphen.tex; line 28, file manw/spelltell.1
/usr/bin/troff: warning: can't find hyphen.tex; line 50, file manw/spellwwb.1
/usr/bin/troff: can't open file /usr/man/man1/splitinf.1; line 3, file manw/splitrules.1
/usr/bin/troff: warning: can't find hyphen.tex; line 20, file manw/syl.1
/usr/bin/troff: warning: can't find hyphen.tex; line 29, file manw/worduse.1
/usr/bin/troff: warning: can't find hyphen.tex; line 45, file manw/wwb.1
/usr/bin/troff: warning: can't find hyphen.tex; line 17, file manw/wwbhelp.1
/usr/bin/troff: warning: can't find hyphen.tex; line 17, file manw/wwbinfo.1
/usr/bin/troff: warning: can't find hyphen.tex; line 18, file manw/wwbmail.1
/usr/bin/troff: warning: can't find hyphen.tex; line 27, file manw/wwbstand.1
/usr/bin/troff: warning: can't find hyphen.tex; line 14, file man10/badge.1
/usr/bin/troff: warning: can't find hyphen.tex; line 14, file man10/cdl.10.5
/usr/bin/troff: warning: can't find hyphen.tex; line 15, file man10/fizz.10.5
/usr/bin/troff: warning: can't find hyphen.tex; line 18, file man10/fsm.10.5
/usr/bin/troff: warning: can't find hyphen.tex; line 6, file man10/graw.10.5
/usr/bin/troff: warning: can't find hyphen.tex; line 55, file man10/lde.10.5
/usr/bin/troff: warning: can't find hyphen.tex; line 13, file man10/mds.10.5
/usr/bin/troff: warning: can't find hyphen.tex; line 6, file man10/minterm.10.5
/usr/bin/troff: warning: can't find hyphen.tex; line 15, file man10/paddle.10.5
/usr/bin/troff: warning: can't find hyphen.tex; line 80, file man10/saf.10.5
/usr/bin/troff: warning: can't find hyphen.tex; line 48, file man10/29plas.10
/usr/bin/troff: warning: can't find hyphen.tex; line 10, file man10/annotate.10
/usr/bin/troff: warning: can't find hyphen.tex; line 12, file man10/awb.10
/usr/bin/troff: warning: can't find hyphen.tex; line 17, file man10/cdm.10
/usr/bin/troff: warning: can't find hyphen.tex; line 18, file man10/drom.10
/usr/bin/troff: warning: can't find hyphen.tex; line 3, file man10/eprom.10
/usr/bin/troff: warning: can't find hyphen.tex; line 74, file man10/fizz.10
/usr/bin/troff: warning: can't find hyphen.tex; line 16, file man10/fsmc.10
/usr/bin/troff: warning: can't find hyphen.tex; line 35, file man10/getparts.10
/usr/bin/troff: warning: can't find hyphen.tex; line 21, file man10/graw.10
/usr/bin/troff: warning: can't find hyphen.tex; line 7, file man10/intro.10
/usr/bin/troff: warning: can't find hyphen.tex; line 16, file man10/jpkg.10
/usr/bin/troff: warning: can't find hyphen.tex; line 18, file man10/jraw.10
/usr/bin/troff: warning: can't find hyphen.tex; line 12, file man10/jxy.10
/usr/bin/troff: warning: can't find hyphen.tex; line 12, file man10/lasm.10
/usr/bin/troff: warning: can't find hyphen.tex; line 17, file man10/lde.10
/usr/bin/troff: warning: can't find hyphen.tex; line 12, file man10/lookup.10
/usr/bin/troff: warning: can't find hyphen.tex; line 31, file man10/mkpins.10
/usr/bin/troff: warning: can't find hyphen.tex; line 46, file man10/pal.10
/usr/bin/troff: warning: can't find hyphen.tex; line 26, file man10/quine.10
/usr/bin/troff: warning: can't find hyphen.tex; line 54, file man10/rework.10
/usr/bin/troff: warning: can't find hyphen.tex; line 54, file man10/smoke.10
/usr/bin/troff: warning: can't find hyphen.tex; line 3, file man10/wrap.10
/usr/bin/troff: warning: can't find hyphen.tex; line 19, file man10/xpal.10
