This is TeX, C Version 2.93 (preloaded format=lplain 89.11.27)  6 JUN 1990 15:31
**&lplain latex
(latex.tex
LaTeX Version 2.09 <25 Jan 1988>
(attart.sty
Document Style 'attart'. Released 11 August 1989
(/usr/lib/tex/macros/att10.sty)
\c@part=\count78
\c@section=\count79
\c@subsection=\count80
\c@subsubsection=\count81
\c@paragraph=\count82
\c@subparagraph=\count83
\c@figure=\count84
\c@table=\count85
)
\@indexfile=\write3
Writing index file latex.idx 
(latex.aux) [259


]
Underfull \hbox (badness 2671) in paragraph at lines 166--174
\tenrm The \tentt \author\tenrm , \tentt \initials\tenrm , \tentt \department\t
enrm , and

\hbox(6.94444+2.22223)x220.42372, glue set 2.99054
.\tenrm T
.\tenrm h
.\tenrm e
.\glue 3.33333 plus 1.66666 minus 1.11111
.\tentt \
.etc.

[260] [261]
Underfull \hbox (badness 2096) in paragraph at lines 343--347
\tenrm the \tentt program \tenrm en-vi-ron-ment, which is like

\hbox(6.94444+2.22223)x195.42372, glue set 2.75957
.\tenrm t
.\tenrm h
.\tenrm e
.\glue 3.33333 plus 1.66666 minus 1.11111
.\tentt p
.etc.


Underfull \hbox (badness 1418) in paragraph at lines 412--415
[] []\tenrm Loads AMS math sym-bol fonts and as-

\hbox(6.94444+1.94444)x195.42372, glue set 2.42331
.\hbox(0.0+0.0)x0.0
.\glue 0.0
.\hbox(0.0+0.0)x0.0
..\glue 0.0
..\glue -20.0
..\glue -5.0
..\hbox(0.0+0.0)x20.0, glue set 20.0fil
...\glue 0.0 plus 1.0fil minus 1.0fil
...\hbox(0.0+0.0)x0.0 []
..\glue 5.0
.\penalty 0
.\tenrm L
.etc.


Underfull \hbox (badness 5022) in paragraph at lines 412--415
\tenrm so-ci-ated sym-bol def-i-ni-tions. The file

\hbox(6.94444+1.94444)x195.42372, glue set 3.69237
.\tenrm s
.\discretionary replacing 2
..\tenrm o
..\tenrm -
.\tenrm o
.\kern0.27779
.\tenrm c
.etc.


Underfull \hbox (badness 1199) in paragraph at lines 418--421
[] []\tenrm Loads AMS Cyril-lic fonts, ac-ces-si-ble via

\hbox(6.94444+1.94444)x195.42372, glue set 2.29012
.\hbox(0.0+0.0)x0.0
.\glue 0.0
.\hbox(0.0+0.0)x0.0
..\glue 0.0
..\glue -20.0
..\glue -5.0
..\hbox(0.0+0.0)x20.0, glue set 20.0fil
...\glue 0.0 plus 1.0fil minus 1.0fil
...\hbox(0.0+0.0)x0.0 []
..\glue 5.0
.\penalty 0
.\tenrm L
.etc.

[262] [263]
Underfull \hbox (badness 3098) in paragraph at lines 572--573
[] []\tenit IEEE Trans-ac-tions on Computer-

\hbox(6.83331+1.94444)x162.60751, glue set 3.14423
.\hbox(0.0+0.0)x0.0
.\glue 0.0
.\hbox(6.11111+0.0)x0.0
..\glue 0.0
..\glue -50.58878
..\glue -5.0
..\hbox(6.11111+0.0)x50.58878, glue set 8.58914fill
...\tentt i
...\tentt e
...\tentt e
...\tentt e
...\tentt t
...etc.
..\glue 5.0
.\penalty 0
.\tenit I
.etc.

[264] [265] [266] [267] [268

] (latex.aux)
LaTeX Warning: Label(s) may have changed. Rerun to get cross-references right.
 
Here is how much of TeX's memory you used:
 182 strings out of 3713
 1623 string characters out of 39047
 36783 words of memory out of 262141
 2118 multiletter control sequences out of 9500
 19621 words of font info for 74 fonts, out of 72000 for 240
 14 hyphenation exceptions out of 607
 15i,8n,15p,194b,311s stack positions out of 300i,40n,60p,2000b,4000s
Output written on latex.dvi (10 pages, 41300 bytes).
