This is TeX, C Version 2.93 (preloaded format=tlplain 89.11.27)  7 FEB 1990 10:13
**&tlplain nlatex
(nlatex.tex
LaTeX Version 2.09 <25 Jan 1988>
(/usr/lib/tex/macros/attart.sty
Document Style 'attart'. Released 11 August 1989
(/usr/lib/tex/macros/att10.sty)
\c@part=\count78
\c@section=\count79
\c@subsection=\count80
\c@subsubsection=\count81
\c@paragraph=\count82
\c@subparagraph=\count83
\c@figure=\count84
\c@table=\count85
)
\@indexfile=\write3
Writing index file nlatex.idx 
No file nlatex.aux.
LaTeX Warning: Citation `latex' on page 263 undefined.

Underfull \hbox (badness 3302) in paragraph at lines 99--109
[]\tenrm A \tentt \documentstyle \tenrm com-mand at the be-

\hbox(6.75499+2.06999)x220.42372, glue set 3.20924
.\hbox(0.0+0.0)x25.0
.\tenrm A
.\glue 2.5 plus 1.24875 minus 0.83083
.\tentt \
.\tentt d
.etc.


Underfull \hbox (badness 1325) in paragraph at lines 99--109
\tenrm gin-ning of a La-tex doc-u-ment spec-i-fies the for-mat-

\hbox(6.74998+2.15999)x220.42372, glue set 2.36957
.\tenrm g
.\tenrm i
.\tenrm n
.\discretionary
..\tenrm -
.\tenrm n
.etc.

[263


]
Underfull \hbox (badness 10000) in paragraph at lines 164--164
 []\nintt \copyto{All Su-per-vi-sion Cen-

\hbox(6.0795+1.86299)x220.42372
.\glue(\leftskip) 27.0
.\hbox(0.0+0.0)x0.0
.\nintt \
.\nintt c
.\nintt o
.etc.


Underfull \hbox (badness 10000) in paragraph at lines 164--164
 []\nintt \coverto{All Mem-bers of De-part-

\hbox(6.0795+1.86299)x220.42372
.\glue(\leftskip) 27.0
.\hbox(0.0+0.0)x0.0
.\nintt \
.\nintt c
.\nintt o
.etc.


Underfull \hbox (badness 10000) in paragraph at lines 192--195
[] []\tenrm put \tenbf PRI-VATE \tenrm at the bot-tom

\hbox(6.79498+2.15999)x195.42372, glue set 16.38284
.\hbox(0.0+0.0)x0.0
.\glue 0.0
.\hbox(0.0+0.0)x0.0
..\glue 0.0
..\glue -20.0
..\glue -5.0
..\hbox(0.0+0.0)x20.0, glue set 20.0fil
...\glue 0.0 plus 1.0fil minus 1.0fil
...\hbox(0.0+0.0)x0.0 []
..\glue 5.0
.\penalty 0
.\tenrm p
.etc.

[264]
Underfull \hbox (badness 1158) in paragraph at lines 235--238
[]\tenrm The in-put file should look like in-put for the

\hbox(6.74998+2.15999)x220.42372, glue set 2.26437
.\hbox(0.0+0.0)x25.0
.\tenrm T
.\tenrm h
.\tenrm e
.\glue 2.5 plus 1.25 minus 0.83
.etc.


Underfull \hbox (badness 1342) in paragraph at lines 241--247
\tenrm before the \tentt \maketitle \tenrm com-mand. As with the

\hbox(6.75499+1.02998)x220.42372, glue set 2.37837
.\tenrm b
.\tenrm e
.\tenrm f
.\tenrm o
.\tenrm r
.etc.

LaTeX Warning: Reference `tmstylesec' on page 265 undefined.

Underfull \hbox (badness 1354) in paragraph at lines 271--273
[]\tenrm Prepare your doc-u-ment as for the \tentt article

\hbox(6.75499+2.15999)x220.42372, glue set 2.38716
.\hbox(0.0+0.0)x25.0
.\tenrm P
.\tenrm r
.\tenrm e
.\tenrm p
.etc.

[265]
Underfull \hbox (badness 10000) in paragraph at lines 352--354
[]\tenrm The doc-u-men-ta-tion di-

\hbox(6.74998+0.13498)x220.42372, glue set 41.72949
.\hbox(0.0+0.0)x25.0
.\tenrm T
.\tenrm h
.\tenrm e
.\glue 2.5 plus 1.25 minus 0.83
.etc.


Underfull \hbox (badness 3354) in paragraph at lines 370--373
[]\tenrm The \tentt attletter \tenrm style is like the stan-dard

\hbox(6.74998+2.15999)x220.42372, glue set 3.2285
.\hbox(0.0+0.0)x25.0
.\tenrm T
.\tenrm h
.\tenrm e
.\glue 2.5 plus 1.25 minus 0.83
.etc.


Underfull \hbox (badness 1715) in paragraph at lines 434--438
[] []\tenrm Causes float-ing things (fig-ures, ta-bles) to be

\hbox(6.74998+2.15999)x195.42372, glue set 2.57968
.\hbox(0.0+0.0)x0.0
.\glue 0.0
.\hbox(0.0+0.0)x0.0
..\glue 0.0
..\glue -20.0
..\glue -5.0
..\hbox(0.0+0.0)x20.0, glue set 20.0fil
...\glue 0.0 plus 1.0fil minus 1.0fil
...\hbox(0.0+0.0)x0.0 []
..\glue 5.0
.\penalty 0
.\tenrm C
.etc.


Underfull \hbox (badness 1442) in paragraph at lines 443--447
\tenrm put for ACM and IEEE con-fer-ence pro-ceed-

\hbox(6.74998+2.15999)x195.42372, glue set 2.43597
.\tenrm p
.\tenrm u
.\tenrm t
.\glue 2.5 plus 1.25 minus 0.83
.\tenrm f
.etc.

[266]
Underfull \hbox (badness 10000) in paragraph at lines 452--455
[] []\tenrm Used with \tentt report \tenrm or \tentt book\tenrm . Print

\hbox(6.74998+2.06999)x195.42372, glue set 6.11243
.\hbox(0.0+0.0)x0.0
.\glue 0.0
.\hbox(0.0+0.0)x0.0
..\glue 0.0
..\glue -20.0
..\glue -5.0
..\hbox(0.0+0.0)x20.0, glue set 20.0fil
...\glue 0.0 plus 1.0fil minus 1.0fil
...\hbox(0.0+0.0)x0.0 []
..\glue 5.0
.\penalty 0
.\tenrm U
.etc.


Underfull \hbox (badness 1552) in paragraph at lines 456--458
[] []\tenrm Change \tentt \label\tenrm , \tentt \ref\tenrm , and \tentt \pagere
f \tenrm to

\hbox(6.75499+2.15999)x195.42372, glue set 2.49509
.\hbox(0.0+0.0)x0.0
.\glue 0.0
.\hbox(0.0+0.0)x0.0
..\glue 0.0
..\glue -20.0
..\glue -5.0
..\hbox(0.0+0.0)x20.0, glue set 20.0fil
...\glue 0.0 plus 1.0fil minus 1.0fil
...\hbox(0.0+0.0)x0.0 []
..\glue 5.0
.\penalty 0
.\tenrm C
.etc.


Underfull \hbox (badness 10000) in paragraph at lines 459--462
[] []\tenrm Defines \tentt \verbatimfile\tenrm ,

\hbox(6.75499+1.43)x195.42372, glue set 65.49898
.\hbox(0.0+0.0)x0.0
.\glue 0.0
.\hbox(0.0+0.0)x0.0
..\glue 0.0
..\glue -20.0
..\glue -5.0
..\hbox(0.0+0.0)x20.0, glue set 20.0fil
...\glue 0.0 plus 1.0fil minus 1.0fil
...\hbox(0.0+0.0)x0.0 []
..\glue 5.0
.\penalty 0
.\tenrm D
.etc.

[267]
Underfull \hbox (badness 1189) in paragraph at lines 548--552
[] []\tenrm A \tentt @PREAMBLE{"defs"} \tenrm in a database file

\hbox(6.74998+1.43999)x195.42372, glue set 2.28426
.\hbox(0.0+0.0)x0.0
.\glue 0.0
.\hbox(4.605+0.0)x0.0
..\glue 0.0
..\glue -20.0
..\glue -5.0
..\hbox(4.605+0.0)x20.0, glue set 20.0fil
...\glue 0.0 plus 1.0fil minus 1.0fil
...\hbox(4.605+0.0)x0.0, glue set - 4.59999fil []
..\glue 5.0
.\penalty 0
.\tenrm A
.etc.


Underfull \hbox (badness 1331) in paragraph at lines 567--568
[] []\tenit IEEE Trans-ac-tions on Soft-ware En-gi-

\hbox(6.93498+2.095)x162.60751, glue set 2.3721
.\hbox(0.0+0.0)x0.0
.\glue 0.0
.\hbox(6.75499+0.37498)x0.0
..\glue 0.0
..\glue -50.58878
..\glue -5.0
..\hbox(6.75499+0.37498)x50.58878, glue set 14.58878fill
...\tentt i
...\tentt e
...\tentt e
...\tentt e
...\tentt s
...etc.
..\glue 5.0
.\penalty 0
.\tenit I
.etc.


Underfull \hbox (badness 10000) in paragraph at lines 579--580
[] []\tenit ACM Trans-ac-tions on Math-e-mat-i-cal

\hbox(6.93498+0.37498)x162.60751, glue set 4.47282
.\hbox(0.0+0.0)x0.0
.\glue 0.0
.\hbox(5.76999+0.37498)x0.0
..\glue 0.0
..\glue -50.58878
..\glue -5.0
..\hbox(5.76999+0.37498)x50.58878, glue set 26.58878fill
...\tentt t
...\tentt o
...\tentt m
...\tentt s
...\glue 0.0 plus 1.0fill
..\glue 5.0
.\penalty 0
.\tenit A
.etc.


Underfull \hbox (badness 10000) in paragraph at lines 581--582
[] []\tenit ACM Trans-ac-tions on Pro-gram-ming

\hbox(6.70999+2.095)x162.60751, glue set 4.42215
.\hbox(0.0+0.0)x0.0
.\glue 0.0
.\hbox(6.33499+2.06999)x0.0
..\glue 0.0
..\glue -50.58878
..\glue -5.0
..\hbox(6.33499+2.06999)x50.58878, glue set 14.58878fill
...\tentt t
...\tentt o
...\tentt p
...\tentt l
...\tentt a
...etc.
..\glue 5.0
.\penalty 0
.\tenit A
.etc.


Underfull \hbox (badness 1242) in paragraph at lines 585--591
\tenrm ver-sion of the La-tex book's Bib-tex doc-u-men-ta-tion,

\hbox(6.74998+1.43)x220.42372, glue set 2.31783
.\tenrm v
.\tenrm e
.\tenrm r
.\discretionary
..\tenrm -
.\tenrm s
.etc.

[268]
Underfull \hbox (badness 3989) in paragraph at lines 705--709
[]\tenrm The \tentt bezier \tenrm doc-u-ment style op-tion al-lows

\hbox(6.75499+2.15999)x220.42372, glue set 3.4198
.\hbox(0.0+0.0)x25.0
.\tenrm T
.\tenrm h
.\tenrm e
.\glue 2.5 plus 1.25 minus 0.83
.etc.

[269]
Underfull \hbox (badness 1005) in paragraph at lines 780--785
\tenrm lower left and up-per right co-or-di-nates of a rect-an-

\hbox(6.74998+2.15999)x220.42372, glue set 2.15936
.\tenrm l
.\tenrm o
.\tenrm w
.\tenrm e
.\tenrm r
.etc.


Underfull \hbox (badness 1210) in paragraph at lines 828--845
\tenrm tion, Charles Kar-ney wrote the \tentt acmsymbols \tenrm and

\hbox(6.74998+2.15999)x220.42372, glue set 2.29808
.\tenrm t
.\tenrm i
.\tenrm o
.\tenrm n
.\tenrm ,
.etc.

[270] [271] (nlatex.aux)
LaTeX Warning: Label(s) may have changed. Rerun to get cross-references right.
 
Here is how much of TeX's memory you used:
 179 strings out of 3669
 1632 string characters out of 38584
 36231 words of memory out of 262141
 2138 multiletter control sequences out of 9500
 35014 words of font info for 94 fonts, out of 72000 for 240
 14 hyphenation exceptions out of 607
 16i,8n,15p,184b,360s stack positions out of 300i,40n,60p,2000b,4000s
Output written on nlatex.dvi (9 pages, 38288 bytes).
