Notice	1211689a	1195
README	110fc3e8	4398
cds.c	e93849b8	3884
data.c	fa8cecd6	9370
defines.h	e500bb1a	8464
defs.h	e6d9869a	24100
equiv.c	e3676bee	8776
error.c	7e4ede	3648
exec.c	e0c823bf	17982
expr.c	1d64bc48	60705
f2c.1	fa354030	6042
f2c.1t	e571e717	5988
f2c.h	13ffdedb	4184
format.c	e4c42bc4	52847
format.h	e861ad39	300
formatdata.c	ecac6638	24142
ftypes.h	18b86a27	1377
gram.dcl	8273beb	7971
gram.exec	e190cb8e	3026
gram.expr	e3da3320	3137
gram.head	efae566	7555
gram.io	1b7c281c	3294
init.c	f4eb7de4	11450
intr.c	e9519537	19813
io.c	feb30d5a	29027
iob.h	fe479ed3	459
lex.c	f14f87e4	29915
machdefs.h	4950e5b	659
main.c	e32a2dab	17043
makefile	f3877062	2766
malloc.c	5c2be2a	3422
mem.c	133c066	4839
memset.c	17404d52	1964
misc.c	fe327633	18006
names.c	3123927	19947
names.h	f25436a3	689
niceprintf.c	181cdd98	9761
niceprintf.h	c31f08c	412
output.c	f034f941	38393
output.h	edfe9e59	2113
p1defs.h	e4e11c4e	5776
p1output.c	332bfe1	12293
parse.h	e457df2e	855
parse_args.c	f3e5da4d	13015
pccdefs.h	1b4fbbee	1195
pread.c	5ac0d2	16490
proc.c	9ffb252	34850
put.c	fe8a1281	9480
putpcc.c	1d814111	40046
sysdep.c	c839766	10910
sysdep.h	1021aa5e	2834
tokens	194fccfe	727
usignal.h	1c4ce909	124
vax.c	e3dbe107	7683
version.c	f3fc0fe	133
xsum.c	e2d50e0b	6437
