001ADDITION LEFT OPERAND IS NOT NUMERIC
002ADDITION RIGHT OPERAND IS NOT NUMERIC
003ADDITION CAUSED INTEGER OVERFLOW
261ADDITION CAUSED REAL OVERFLOW
004AFFIRMATION OPERAND IS NOT NUMERIC
005ALTERNATION RIGHT OPERAND IS NOT PATTERN
006ALTERNATION LEFT OPERAND IS NOT PATTERN
007COMPILATION ERROR ENCOUNTERED DURING EXECUTION
008CONCATENATION LEFT OPND IS NOT STRING OR PATTERN
009CONCATENATION RIGHT OPD IS NOT STRING OR PATTERN
010COMPLEMENTATION OPERAND IS NOT NUMERIC
011COMPLEMENTATION CAUSED INTEGER OVERFLOW
012DIVISION LEFT OPERAND IS NOT NUMERIC
013DIVISION RIGHT OPERAND IS NOT NUMERIC
014DIVISION CAUSED INTEGER OVERFLOW
262DIVISION CAUSED REAL OVERFLOW
015EXPONENTIATION RIGHT OPERAND IS NOT NUMERIC
016EXPONENTIATION LEFT OPERAND IS NOT NUMERIC
017EXPONENTIATION CAUSED INTEGER OVERFLOW
018EXPONENTIATION RESULT IS UNDEFINED
266EXPONENTIATION CAUSED REAL OVERFLOW
267EXPONENTIATION RIGHT OPERAND IS REAL NOT INTEGER
019EXPONENTIATION RIGHT OPERAND IS NEGATIVE
020GOTO EVALUATION FAILURE
021FUNCTION CALLED BY NAME RETURNED A VALUE
022UNDEFINED FUNCTION CALLED
023GOTO OPERAND IS NOT A NATURAL VARIABLE
024GOTO OPERAND IN DIRECT GOTO IS NOT CODE
025IMMEDIATE ASSIGNMENT LEFT OPERAND IS NOT PATTERN
026MULTIPLICATION LEFT OPERAND IS NOT NUMERIC
027MULTIPLICATION RIGHT OPERAND IS NOT NUMERIC
028MULTIPLICATION CAUSED INTEGER OVERFLOW
263MULTIPLICATION CAUSED REAL OVERFLOW
029UNDEFINED OPERATOR REFERENCED
030PATTERN ASSIGNMENT LEFT OPERAND IS NOT PATTERN
031PATTERN REPLACEMENT RIGHT OPERAND IS NOT STRING
032SUBTRACTION LEFT OPERAND IS NOT NUMERIC
033SUBTRACTION RIGHT OPERAND IS NOT NUMERIC
034SUBTRACTION CAUSED INTEGER OVERFLOW
264SUBTRACTION CAUSED REAL OVERFLOW
035UNEXPECTED FAILURE IN -NOFAIL MODE
036GOTO ABORT WITH NO PRECEDING ERROR
037GOTO CONTINUE WITH NO PRECEDING ERROR
038GOTO UNDEFINED LABEL
039EXTERNAL FUNCTION ARGUMENT IS NOT STRING
040EXTERNAL FUNCTION ARGUMENT IS NOT INTEGER
265EXTERNAL FUNCTION ARGUMENT IS NOT REAL
041FIELD FUNCTION ARGUMENT IS WRONG DATATYPE
042ATTEMPT TO CHANGE VALUE OF PROTECTED VARIABLE
043ANY EVALUATED ARGUMENT IS NOT STRING
044BREAK EVALUATED ARGUMENT IS NOT STRING
045BREAKX EVALUATED ARGUMENT IS NOT STRING
046EXPRESSION DOES NOT EVALUATE TO PATTERN
047LEN EVALUATED ARGUMENT IS NOT INTEGER
048LEN EVALUATED ARGUMENT IS NEGATIVE OR TOO LARGE
049NOTANY EVALUATED ARGUMENT IS NOT STRING
050POS EVALUATED ARGUMENT IS NOT INTEGER
051POS EVALUATED ARGUMENT IS NEGATIVE OR TOO LARGE
052RPOS EVALUATED ARGUMENT IS NOT INTEGER
053RPOS EVALUATED ARGUMENT IS NEGATIVE OR TOO LARGE
054RTAB EVALUATED ARGUMENT IS NOT INTEGER
055RTAB EVALUATED ARGUMENT IS NEGATIVE OR TOO LARGE
056SPAN EVALUATED ARGUMENT IS NOT STRING
057TAB EVALUATED ARGUMENT IS NOT INTEGER
058TAB EVALUATED ARGUMENT IS NEGATIVE OR TOO LARGE
059ANY ARGUMENT IS NOT STRING OR EXPRESSION
275APPEND FIRST ARGUMENT IS NOT BUFFER
276APPEND SECOND ARGUMENT IS NOT STRING
060APPLY FIRST ARG IS NOT NATURAL VARIABLE NAME
061ARBNO ARGUMENT IS NOT PATTERN
062ARG SECOND ARGUMENT IS NOT INTEGER
063ARG FIRST ARGUMENT IS NOT PROGRAM FUNCTION NAME
064ARRAY FIRST ARGUMENT IS NOT INTEGER OR STRING
065ARRAY FIRST ARGUMENT LOWER BOUND IS NOT INTEGER
066ARRAY FIRST ARGUMENT UPPER BOUND IS NOT INTEGER
067ARRAY DIMENSION IS ZERO,NEGATIVE OR OUT OF RANGE
068ARRAY SIZE EXCEEDS MAXIMUM PERMITTED
269BUFFER FIRST ARGUMENT IS NOT INTEGER
270BUFFER SECOND ARGUMENT IS NOT STRING OR BUFFER
271BUFFER INITIAL VALUE TOO BIG FOR ALLOCATION
272BUFFER FIRST ARGUMENT IS NOT POSITIVE
273BUFFER SIZE IS TOO BIG
069BREAK ARGUMENT IS NOT STRING OR EXPRESSION
070BREAKX ARGUMENT IS NOT STRING OR EXPRESSION
281CHAR ARGUMENT NOT INTEGER
282CHAR ARGUMENT NOT IN RANGE
071CLEAR ARGUMENT IS NOT STRING
072CLEAR ARGUMENT HAS NULL VARIABLE NAME
073COLLECT ARGUMENT IS NOT INTEGER
074CONVERT SECOND ARGUMENT IS NOT STRING
075DATA ARGUMENT IS NOT STRING
076DATA ARGUMENT IS NULL
077DATA ARGUMENT IS MISSING A LEFT PAREN
078DATA ARGUMENT HAS NULL DATATYPE NAME
079DATA ARGUMENT IS MISSING A RIGHT PAREN
080DATA ARGUMENT HAS NULL FIELD NAME
081DEFINE FIRST ARGUMENT IS NOT STRING
082DEFINE FIRST ARGUMENT IS NULL
083DEFINE FIRST ARGUMENT IS MISSING A LEFT PAREN
084DEFINE FIRST ARGUMENT HAS NULL FUNCTION NAME
085NULL ARG NAME OR MISSING ) IN DEFINE FIRST ARG.
086DEFINE FUNCTION ENTRY POINT IS NOT DEFINED LABEL
087DETACH ARGUMENT IS NOT APPROPRIATE NAME
088DUMP ARGUMENT IS NOT INTEGER
089DUMP ARGUMENT IS NEGATIVE OR TOO LARGE
090DUPL SECOND ARGUMENT IS NOT INTEGER
091DUPL FIRST ARGUMENT IS NOT STRING OR PATTERN
092EJECT ARGUMENT IS NOT A SUITABLE NAME
093EJECT FILE DOES NOT EXIST
094EJECT FILE DOES NOT PERMIT PAGE EJECT
095EJECT CAUSED NON-RECOVERABLE OUTPUT ERROR
096ENDFILE ARGUMENT IS NOT A SUITABLE NAME
097ENDFILE ARGUMENT IS NULL
098ENDFILE FILE DOES NOT EXIST
099ENDFILE FILE DOES NOT PERMIT ENDFILE
100ENDFILE CAUSED NON-RECOVERABLE OUTPUT ERROR
101EQ FIRST ARGUMENT IS NOT NUMERIC
102EQ SECOND ARGUMENT IS NOT NUMERIC
103EVAL ARGUMENT IS NOT EXPRESSION
104EXIT ARGUMENT IS NOT SUITABLE INTEGER OR STRING
105EXIT ACTION NOT AVAILABLE IN THIS IMPLEMENTATION
106EXIT ACTION CAUSED IRRECOVERABLE ERROR
107FIELD SECOND ARGUMENT IS NOT INTEGER
108FIELD FIRST ARGUMENT IS NOT DATATYPE NAME
259FENCE ARGUMENT IS NOT PATTERN
109GE FIRST ARGUMENT IS NOT NUMERIC
110GE SECOND ARGUMENT IS NOT NUMERIC
111GT FIRST ARGUMENT IS NOT NUMERIC
112GT SECOND ARGUMENT IS NOT NUMERIC
254ERRONEOUS ARGUMENT FOR HOST
255ERROR DURING EXECUTION OF HOST
113INPUT THIRD ARGUMENT IS NOT A STRING
114INAPPROPRIATE SECOND ARGUMENT FOR INPUT
115INAPPROPRIATE FIRST ARGUMENT FOR INPUT
116INAPPROPRIATE FILE SPECIFICATION FOR INPUT
117INPUT FILE CANNOT BE READ
277INSERT THIRD ARGUMENT NOT INTEGER
278INSERT SECOND ARGUMENT NOT INTEGER
279INSERT FIRST ARGUMENT NOT BUFFER
280INSERT FOURTH ARGUMENT NOT A STRING
118LE FIRST ARGUMENT IS NOT NUMERIC
119LE SECOND ARGUMENT IS NOT NUMERIC
120LEN ARGUMENT IS NOT INTEGER OR EXPRESSION
121LEN ARGUMENT IS NEGATIVE OR TOO LARGE
122LEQ FIRST ARGUMENT IS NOT STRING
123LEQ SECOND ARGUMENT IS NOT STRING
124LGE FIRST ARGUMENT IS NOT STRING
125LGE SECOND ARGUMENT IS NOT STRING
126LGT FIRST ARGUMENT IS NOT STRING
127LGT SECOND ARGUMENT IS NOT STRING
128LLE FIRST ARGUMENT IS NOT STRING
129LLE SECOND ARGUMENT IS NOT STRING
130LLT FIRST ARGUMENT IS NOT STRING
131LLT SECOND ARGUMENT IS NOT STRING
132LNE FIRST ARGUMENT IS NOT STRING
133LNE SECOND ARGUMENT IS NOT STRING
134LOCAL SECOND ARGUMENT IS NOT INTEGER
135LOCAL FIRST ARG IS NOT A PROGRAM FUNCTION NAME
136LOAD SECOND ARGUMENT IS NOT STRING
137LOAD FIRST ARGUMENT IS NOT STRING
138LOAD FIRST ARGUMENT IS NULL
139LOAD FIRST ARGUMENT IS MISSING A LEFT PAREN
140LOAD FIRST ARGUMENT HAS NULL FUNCTION NAME
141LOAD FIRST ARGUMENT IS MISSING A RIGHT PAREN
142LOAD FUNCTION DOES NOT EXIST
143LOAD FUNCTION CAUSED INPUT ERROR DURING LOAD
144LPAD THIRD ARGUMENT NOT A STRING
145LPAD SECOND ARGUMENT IS NOT INTEGER
146LPAD FIRST ARGUMENT IS NOT STRING
147LT FIRST ARGUMENT IS NOT NUMERIC
148LT SECOND ARGUMENT IS NOT NUMERIC
149NE FIRST ARGUMENT IS NOT NUMERIC
150NE SECOND ARGUMENT IS NOT NUMERIC
151NOTANY ARGUMENT IS NOT STRING OR EXPRESSION
152OPSYN THIRD ARGUMENT IS NOT INTEGER
153OPSYN THIRD ARGUMENT IS NEGATIVE OR TOO LARGE
154OPSYN SECOND ARG IS NOT NATURAL VARIABLE NAME
155OPSYN FIRST ARG IS NOT NATURAL VARIABLE NAME
156OPSYN FIRST ARG IS NOT CORRECT OPERATOR NAME
157OUTPUT THIRD ARGUMENT IS NOT A STRING
158INAPPROPRIATE SECOND ARGUMENT FOR OUTPUT
159INAPPROPRIATE FIRST ARGUMENT FOR OUTPUT
160INAPPROPRIATE FILE SPECIFICATION FOR OUTPUT
161OUTPUT FILE CANNOT BE WRITTEN TO
162POS ARGUMENT IS NOT INTEGER OR EXPRESSION
163POS ARGUMENT IS NEGATIVE OR TOO LARGE
164PROTOTYPE ARGUMENT IS NOT VALID OBJECT
165REMDR SECOND ARGUMENT IS NOT INTEGER
167REMDR CAUSED INTEGER OVERFLOW
166REMDR FIRST ARGUMENT IS NOT INTEGER
168REPLACE THIRD ARGUMENT IS NOT STRING
169REPLACE SECOND ARGUMENT IS NOT STRING
170REPLACE FIRST ARGUMENT IS NOT STRING
171NULL OR UNEQUALLY LONG 2ND, 3RD ARGS TO REPLACE
172REWIND ARGUMENT IS NOT A SUITABLE NAME
173REWIND ARGUMENT IS NULL
174REWIND FILE DOES NOT EXIST
175REWIND FILE DOES NOT PERMIT REWIND
176REWIND CAUSED NON-RECOVERABLE ERROR
177REVERSE ARGUMENT IS NOT STRING
178RPAD THIRD ARGUMENT IS NOT STRING
179RPAD SECOND ARGUMENT IS NOT INTEGER
180RPAD FIRST ARGUMENT IS NOT STRING
181RTAB ARGUMENT IS NOT INTEGER OR EXPRESSION
182RTAB ARGUMENT IS NEGATIVE OR TOO LARGE
291SET FIRST ARGUMENT IS NOT A SUITABLE NAME
292SET FIRST ARGUMENT IS NULL
293INAPPROPRIATE SECOND ARGUMENT TO SET
294INAPPROPRIATE THIRD ARGUMENT TO SET
295SET FILE DOES NOT EXIST
296SET FILE DOES NOT PERMIT SETTING FILE POINTER
297SET CAUSED NON-RECOVERABLE I/O ERROR
183TAB ARGUMENT IS NOT INTEGER OR EXPRESSION
184TAB ARGUMENT IS NEGATIVE OR TOO LARGE
185RPOS ARGUMENT IS NOT INTEGER OR EXPRESSION
186RPOS ARGUMENT IS NEGATIVE OR TOO LARGE
187SETEXIT ARGUMENT IS NOT LABEL NAME OR NULL
188SPAN ARGUMENT IS NOT STRING OR EXPRESSION
189SIZE ARGUMENT IS NOT STRING
190STOPTR FIRST ARGUMENT IS NOT APPROPRIATE NAME
191STOPTR SECOND ARGUMENT IS NOT TRACE TYPE
192SUBSTR THIRD ARGUMENT IS NOT INTEGER
193SUBSTR SECOND ARGUMENT IS NOT INTEGER
194SUBSTR FIRST ARGUMENT IS NOT STRING
195TABLE ARGUMENT IS NOT INTEGER
196TABLE ARGUMENT IS OUT OF RANGE
197TRACE FOURTH ARG IS NOT FUNCTION NAME OR NULL
198TRACE FIRST ARGUMENT IS NOT APPROPRIATE NAME
199TRACE SECOND ARGUMENT IS NOT TRACE TYPE
200TRIM ARGUMENT IS NOT STRING
201UNLOAD ARGUMENT IS NOT NATURAL VARIABLE NAME
202INPUT FROM FILE CAUSED NON-RECOVERABLE ERROR
203INPUT FILE RECORD HAS INCORRECT FORMAT
204MEMORY OVERFLOW
274REQUESTED BUFFER ALLOCATION EXCEEDS MXLEN
205STRING LENGTH EXCEEDS VALUE OF MAXLNGTH KEYWORD
206OUTPUT CAUSED FILE OVERFLOW
207OUTPUT CAUSED NON-RECOVERABLE ERROR
208KEYWORD VALUE ASSIGNED IS NOT INTEGER
209KEYWORD IN ASSIGNMENT IS PROTECTED
210KEYWORD VALUE ASSIGNED IS NEGATIVE OR TOO LARGE
211VALUE ASSIGNED TO KEYWORD ERRTEXT NOT A STRING
268INCONSISTENT VALUE ASSIGNED TO KEYWORD PROFILE
212SYNTAX ERROR. VALUE USED WHERE NAME IS REQUIRED
213SYNTAX ERROR. STATEMENT IS TOO COMPLICATED.
214BAD LABEL OR MISPLACED CONTINUATION LINE
215SYNTAX ERROR. UNDEFINED OR ERRONEOUS ENTRY LABEL
216SYNTAX ERROR. MISSING END LINE
217SYNTAX ERROR. DUPLICATE LABEL
218SYNTAX ERROR. DUPLICATED GOTO FIELD
219SYNTAX ERROR. EMPTY GOTO FIELD
247INVALID CONTROL CARD
248ATTEMPTED REDEFINITION OF SYSTEM FUNCTION
249EXPRESSION EVALUATED BY NAME RETURNED VALUE
220SYNTAX ERROR. MISSING OPERATOR
221SYNTAX ERROR. MISSING OPERAND
222SYNTAX ERROR. INVALID USE OF LEFT BRACKET
223SYNTAX ERROR. INVALID USE OF COMMA
224SYNTAX ERROR. UNBALANCED RIGHT PARENTHESIS
225SYNTAX ERROR. UNBALANCED RIGHT BRACKET
226SYNTAX ERROR. MISSING RIGHT PAREN
227SYNTAX ERROR. RIGHT PAREN MISSING FROM GOTO
228SYNTAX ERROR. RIGHT BRACKET MISSING FROM GOTO
229SYNTAX ERROR. MISSING RIGHT ARRAY BRACKET
250INSUFFICIENT MEMORY TO COMPLETE DUMP
251KEYWORD OPERAND IS NOT NAME OF DEFINED KEYWORD
252ERROR ON PRINTING TO INTERACTIVE CHANNEL
253PRINT LIMIT EXCEEDED ON STANDARD OUTPUT CHANNEL
230SYNTAX ERROR. ILLEGAL CHARACTER
231SYNTAX ERROR. INVALID NUMERIC ITEM
232SYNTAX ERROR. UNMATCHED STRING QUOTE
233SYNTAX ERROR. INVALID USE OF OPERATOR
234SYNTAX ERROR. GOTO FIELD INCORRECT
257ERRONEOUS 2ND ARG IN SORT/RSORT OF VECTOR
256SORT/RSORT 1ST ARG NOT SUITABLE ARRAY OR TABLE
258SORT/RSORT 2ND ARG OUT OF RANGE OR NON-INTEGER
235SUBSCRIPTED OPERAND IS NOT TABLE OR ARRAY
236ARRAY REFERENCED WITH WRONG NUMBER OF SUBSCRIPTS
237TABLE REFERENCED WITH MORE THAN ONE SUBSCRIPT
238ARRAY SUBSCRIPT IS NOT INTEGER
239INDIRECTION OPERAND IS NOT NAME
240PATTERN MATCH RIGHT OPERAND IS NOT PATTERN
241PATTERN MATCH LEFT OPERAND IS NOT STRING
242FUNCTION RETURN FROM LEVEL ZERO
243FUNCTION RESULT IN NRETURN IS NOT NAME
244STATEMENT COUNT EXCEEDS VALUE OF STLIMIT KEYWORD
245TRANSLATION/EXECUTION TIME EXPIRED
246STACK OVERFLOW
