ADDITION LEFT OPERAND IS NOT NUMERIC            
ADDITION RIGHT OPERAND IS NOT NUMERIC           
ADDITION CAUSED INTEGER OVERFLOW                
AFFIRMATION OPERAND IS NOT NUMERIC              
ALTERNATION RIGHT OPERAND IS NOT PATTERN        
ALTERNATION LEFT OPERAND IS NOT PATTERN         
COMPILATION ERROR ENCOUNTERED DURING EXECUTION  
CONCATENATION LEFT OPND IS NOT STRING OR PATTERN
CONCATENATION RIGHT OPD IS NOT STRING OR PATTERN
COMPLEMENTATION OPERAND IS NOT NUMERIC          
COMPLEMENTATION CAUSED INTEGER OVERFLOW         
DIVISION LEFT OPERAND IS NOT NUMERIC            
DIVISION RIGHT OPERAND IS NOT NUMERIC           
DIVISION CAUSED INTEGER OVERFLOW                
EXPONENTIATION RIGHT OPERAND IS NOT NUMERIC     
EXPONENTIATION LEFT OPERAND IS NOT NUMERIC      
EXPONENTIATION CAUSED INTEGER OVERFLOW          
EXPONENTIATION RESULT IS UNDEFINED              
EXPONENTIATION RIGHT OPERAND IS NEGATIVE        
GOTO EVALUATION FAILURE                         
FUNCTION CALLED BY NAME RETURNED A VALUE        
UNDEFINED FUNCTION CALLED                       
GOTO OPERAND IS NOT A NATURAL VARIABLE          
GOTO OPERAND IN DIRECT GOTO IS NOT CODE         
IMMEDIATE ASSIGNMENT LEFT OPERAND IS NOT PATTERN
MULTIPLICATION LEFT OPERAND IS NOT NUMERIC      
MULTIPLICATION RIGHT OPERAND IS NOT NUMERIC     
MULTIPLICATION CAUSED INTEGER OVERFLOW          
UNDEFINED OPERATOR REFERENCED                   
PATTERN ASSIGNMENT LEFT OPERAND IS NOT PATTERN  
PATTERN REPLACEMENT RIGHT OPERAND IS NOT STRING 
SUBTRACTION LEFT OPERAND IS NOT NUMERIC         
SUBTRACTION RIGHT OPERAND IS NOT NUMERIC        
SUBTRACTION CAUSED INTEGER OVERFLOW             
UNEXPECTED FAILURE IN -NOFAIL MODE              
GOTO ABORT WITH NO PRECEDING ERROR              
GOTO CONTINUE WITH NO PRECEDING ERROR           
GOTO UNDEFINED LABEL                            
EXTERNAL FUNCTION ARGUMENT IS NOT STRING        
EXTERNAL FUNCTION ARGUMENT IS NOT INTEGER       
FIELD FUNCTION ARGUMENT IS WRONG DATATYPE       
ATTEMPT TO CHANGE VALUE OF PROTECTED VARIABLE   
ANY EVALUATED ARGUMENT IS NOT STRING            
BREAK EVALUATED ARGUMENT IS NOT STRING          
BREAKX EVALUATED ARGUMENT IS NOT STRING         
EXPRESSION DOES NOT EVALUATE TO PATTERN         
LEN EVALUATED ARGUMENT IS NOT INTEGER           
LEN EVALUATED ARGUMENT IS NEGATIVE OR TOO LARGE 
NOTANY EVALUATED ARGUMENT IS NOT STRING         
POS EVALUATED ARGUMENT IS NOT INTEGER           
POS EVALUATED ARGUMENT IS NEGATIVE OR TOO LARGE 
RPOS EVALUATED ARGUMENT IS NOT INTEGER          
RPOS EVALUATED ARGUMENT IS NEGATIVE OR TOO LARGE
RTAB EVALUATED ARGUMENT IS NOT INTEGER          
RTAB EVALUATED ARGUMENT IS NEGATIVE OR TOO LARGE
SPAN EVALUATED ARGUMENT IS NOT STRING           
TAB EVALUATED ARGUMENT IS NOT INTEGER           
TAB EVALUATED ARGUMENT IS NEGATIVE OR TOO LARGE 
ANY ARGUMENT IS NOT STRING OR EXPRESSION        
APPLY FIRST ARG IS NOT NATURAL VARIABLE NAME    
ARBNO ARGUMENT IS NOT PATTERN                   
ARG SECOND ARGUMENT IS NOT INTEGER              
ARG FIRST ARGUMENT IS NOT PROGRAM FUNCTION NAME 
ARRAY FIRST ARGUMENT IS NOT INTEGER OR STRING   
ARRAY FIRST ARGUMENT LOWER BOUND IS NOT INTEGER 
ARRAY FIRST ARGUMENT UPPER BOUND IS NOT INTEGER 
ARRAY DIMENSION IS ZERO,NEGATIVE OR OUT OF RANGE
ARRAY SIZE EXCEEDS MAXIMUM PERMITTED            
BREAK ARGUMENT IS NOT STRING OR EXPRESSION      
BREAKX ARGUMENT IS NOT STRING OR EXPRESSION     
CLEAR ARGUMENT IS NOT STRING                    
CLEAR ARGUMENT HAS NULL VARIABLE NAME           
COLLECT ARGUMENT IS NOT INTEGER                 
CONVERT SECOND ARGUMENT IS NOT STRING           
DATA ARGUMENT IS NOT STRING                     
DATA ARGUMENT IS NULL                           
DATA ARGUMENT IS MISSING A LEFT PAREN           
DATA ARGUMENT HAS NULL DATATYPE NAME            
DATA ARGUMENT IS MISSING A RIGHT PAREN          
DATA ARGUMENT HAS NULL FIELD NAME               
DEFINE FIRST ARGUMENT IS NOT STRING             
DEFINE FIRST ARGUMENT IS NULL                   
DEFINE FIRST ARGUMENT IS MISSING A LEFT PAREN   
DEFINE FIRST ARGUMENT HAS NULL FUNCTION NAME    
NULL ARG NAME OR MISSING ) IN DEFINE FIRST ARG. 
DEFINE FUNCTION ENTRY POINT IS NOT DEFINED LABEL
DETACH ARGUMENT IS NOT APPROPRIATE NAME         
DUMP ARGUMENT IS NOT INTEGER                    
DUMP ARGUMENT IS NEGATIVE OR TOO LARGE          
DUPL SECOND ARGUMENT IS NOT INTEGER             
DUPL FIRST ARGUMENT IS NOT STRING OR PATTERN    
EJECT ARGUMENT IS NOT A SUITABLE NAME           
EJECT FILE DOES NOT EXIST                       
EJECT FILE DOES NOT PERMIT PAGE EJECT           
EJECT CAUSED NON-RECOVERABLE OUTPUT ERROR       
ENDFILE ARGUMENT IS NOT A SUITABLE NAME         
ENDFILE ARGUMENT IS NULL                        
ENDFILE FILE DOES NOT EXIST                     
ENDFILE FILE DOES NOT PERMIT ENDFILE            
ENDFILE CAUSED NON-RECOVERABLE OUTPUT ERROR     
EQ FIRST ARGUMENT IS NOT NUMERIC                
EQ SECOND ARGUMENT IS NOT NUMERIC               
EVAL ARGUMENT IS NOT EXPRESSION                 
EXIT ARGUMENT IS NOT SUITABLE INTEGER OR STRING 
EXIT ACTION NOT AVAILABLE IN THIS IMPLEMENTATION
EXIT ACTION CAUSED IRRECOVERABLE ERROR          
FIELD SECOND ARGUMENT IS NOT INTEGER            
FIELD FIRST ARGUMENT IS NOT DATATYPE NAME       
GE FIRST ARGUMENT IS NOT NUMERIC                
GE SECOND ARGUMENT IS NOT NUMERIC               
GT FIRST ARGUMENT IS NOT NUMERIC                
GT SECOND ARGUMENT IS NOT NUMERIC               
INPUT THIRD ARGUMENT IS NOT A STRING            
INAPPROPRIATE SECOND ARGUMENT FOR INPUT         
INAPPROPRIATE FIRST ARGUMENT FOR INPUT          
INAPPROPRIATE FILE SPECIFICATION FOR INPUT      
INPUT FILE CANNOT BE READ                       
LE FIRST ARGUMENT IS NOT NUMERIC                
LE SECOND ARGUMENT IS NOT NUMERIC               
LEN ARGUMENT IS NOT INTEGER OR EXPRESSION       
LEN ARGUMENT IS NEGATIVE OR TOO LARGE           
LEQ FIRST ARGUMENT IS NOT STRING                
LEQ SECOND ARGUMENT IS NOT STRING               
LGE FIRST ARGUMENT IS NOT STRING                
LGE SECOND ARGUMENT IS NOT STRING               
LGT FIRST ARGUMENT IS NOT STRING                
LGT SECOND ARGUMENT IS NOT STRING               
LLE FIRST ARGUMENT IS NOT STRING                
LLE SECOND ARGUMENT IS NOT STRING               
LLT FIRST ARGUMENT IS NOT STRING                
LLT SECOND ARGUMENT IS NOT STRING               
LNE FIRST ARGUMENT IS NOT STRING                
LNE SECOND ARGUMENT IS NOT STRING               
LOCAL SECOND ARGUMENT IS NOT INTEGER            
LOCAL FIRST ARG IS NOT A PROGRAM FUNCTION NAME  
LOAD SECOND ARGUMENT IS NOT STRING              
LOAD FIRST ARGUMENT IS NOT STRING               
LOAD FIRST ARGUMENT IS NULL                     
LOAD FIRST ARGUMENT IS MISSING A LEFT PAREN     
LOAD FIRST ARGUMENT HAS NULL FUNCTION NAME      
LOAD FIRST ARGUMENT IS MISSING A RIGHT PAREN    
LOAD FUNCTION DOES NOT EXIST                    
LOAD FUNCTION CAUSED INPUT ERROR DURING LOAD    
LPAD THIRD ARGUMENT NOT A STRING                
LPAD SECOND ARGUMENT IS NOT INTEGER             
LPAD FIRST ARGUMENT IS NOT STRING               
LT FIRST ARGUMENT IS NOT NUMERIC                
LT SECOND ARGUMENT IS NOT NUMERIC               
NE FIRST ARGUMENT IS NOT NUMERIC                
NE SECOND ARGUMENT IS NOT NUMERIC               
NOTANY ARGUMENT IS NOT STRING OR EXPRESSION     
OPSYN THIRD ARGUMENT IS NOT INTEGER             
OPSYN THIRD ARGUMENT IS NEGATIVE OR TOO LARGE   
OPSYN SECOND ARG IS NOT NATURAL VARIABLE NAME   
OPSYN FIRST ARG IS NOT NATURAL VARIABLE NAME    
OPSYN FIRST ARG IS NOT CORRECT OPERATOR NAME    
OUTPUT THIRD ARGUMENT IS NOT A STRING           
INAPPROPRIATE SECOND ARGUMENT FOR OUTPUT        
INAPPROPRIATE FIRST ARGUMENT FOR OUTPUT         
INAPPROPRIATE FILE SPECIFICATION FOR OUTPUT     
OUTPUT FILE CANNOT BE WRITTEN TO                
POS ARGUMENT IS NOT INTEGER OR EXPRESSION       
POS ARGUMENT IS NEGATIVE OR TOO LARGE           
PROTOTYPE ARGUMENT IS NOT VALID OBJECT          
REMDR SECOND ARGUMENT IS NOT INTEGER            
REMDR FIRST ARGUMENT IS NOT INTEGER             
REMDR CAUSED INTEGER OVERFLOW                   
REPLACE THIRD ARGUMENT IS NOT STRING            
REPLACE SECOND ARGUMENT IS NOT STRING           
REPLACE FIRST ARGUMENT IS NOT STRING            
NULL OR UNEQUALLY LONG 2ND, 3RD ARGS TO REPLACE 
REWIND ARGUMENT IS NOT A SUITABLE NAME          
REWIND ARGUMENT IS NULL                         
REWIND FILE DOES NOT EXIST                      
REWIND FILE DOES NOT PERMIT REWIND              
REWIND CAUSED NON-RECOVERABLE ERROR             
REVERSE ARGUMENT IS NOT STRING                  
RPAD THIRD ARGUMENT IS NOT STRING               
RPAD SECOND ARGUMENT IS NOT INTEGER             
RPAD FIRST ARGUMENT IS NOT STRING               
RTAB ARGUMENT IS NOT INTEGER OR EXPRESSION      
RTAB ARGUMENT IS NEGATIVE OR TOO LARGE          
TAB ARGUMENT IS NOT INTEGER OR EXPRESSION       
TAB ARGUMENT IS NEGATIVE OR TOO LARGE           
RPOS ARGUMENT IS NOT INTEGER OR EXPRESSION      
RPOS ARGUMENT IS NEGATIVE OR TOO LARGE          
SETEXIT ARGUMENT IS NOT LABEL NAME OR NULL      
SPAN ARGUMENT IS NOT STRING OR EXPRESSION       
SIZE ARGUMENT IS NOT STRING                     
STOPTR FIRST ARGUMENT IS NOT APPROPRIATE NAME   
STOPTR SECOND ARGUMENT IS NOT TRACE TYPE        
SUBSTR THIRD ARGUMENT IS NOT INTEGER            
SUBSTR SECOND ARGUMENT IS NOT INTEGER           
SUBSTR FIRST ARGUMENT IS NOT STRING             
TABLE ARGUMENT IS NOT INTEGER                   
TABLE ARGUMENT IS OUT OF RANGE                  
TRACE FOURTH ARG IS NOT FUNCTION NAME OR NULL   
TRACE FIRST ARGUMENT IS NOT APPROPRIATE NAME    
TRACE SECOND ARGUMENT IS NOT TRACE TYPE         
TRIM ARGUMENT IS NOT STRING                     
UNLOAD ARGUMENT IS NOT NATURAL VARIABLE NAME    
INPUT FROM FILE CAUSED NON-RECOVERABLE ERROR    
INPUT FILE RECORD HAS INCORRECT FORMAT          
MEMORY OVERFLOW                                 
STRING LENGTH EXCEEDS VALUE OF MAXLNGTH KEYWORD 
OUTPUT CAUSED FILE OVERFLOW                     
OUTPUT CAUSED NON-RECOVERABLE ERROR             
KEYWORD VALUE ASSIGNED IS NOT INTEGER           
KEYWORD IN ASSIGNMENT IS PROTECTED              
KEYWORD VALUE ASSIGNED IS NEGATIVE OR TOO LARGE 
VALUE ASSIGNED TO KEYWORD ERRTEXT NOT A STRING  
SYNTAX ERROR. VALUE USED WHERE NAME IS REQUIRED 
SYNTAX ERROR. STATEMENT IS TOO COMPLICATED.     
BAD LABEL OR MISPLACED CONTINUATION LINE        
SYNTAX ERROR. UNDEFINED OR ERRONEOUS ENTRY LABEL
SYNTAX ERROR. MISSING END LINE                  
SYNTAX ERROR. DUPLICATE LABEL                   
SYNTAX ERROR. DUPLICATED GOTO FIELD             
SYNTAX ERROR. EMPTY GOTO FIELD                  
SYNTAX ERROR. MISSING OPERATOR                  
SYNTAX ERROR. MISSING OPERAND                   
SYNTAX ERROR. INVALID USE OF LEFT BRACKET       
SYNTAX ERROR. INVALID USE OF COMMA              
SYNTAX ERROR. UNBALANCED RIGHT PARENTHESIS      
SYNTAX ERROR. UNBALANCED RIGHT BRACKET          
SYNTAX ERROR. MISSING RIGHT PAREN               
SYNTAX ERROR. RIGHT PAREN MISSING FROM GOTO     
SYNTAX ERROR. RIGHT BRACKET MISSING FROM GOTO   
SYNTAX ERROR. MISSING RIGHT ARRAY BRACKET       
SYNTAX ERROR. ILLEGAL CHARACTER                 
SYNTAX ERROR. INVALID NUMERIC ITEM              
SYNTAX ERROR. UNMATCHED STRING QUOTE            
SYNTAX ERROR. INVALID USE OF OPERATOR           
SYNTAX ERROR. GOTO FIELD INCORRECT              
SUBSCRIPTED OPERAND IS NOT TABLE OR ARRAY       
ARRAY REFERENCED WITH WRONG NUMBER OF SUBSCRIPTS
TABLE REFERENCED WITH MORE THAN ONE SUBSCRIPT   
ARRAY SUBSCRIPT IS NOT INTEGER                  
INDIRECTION OPERAND IS NOT NAME                 
PATTERN MATCH RIGHT OPERAND IS NOT PATTERN      
PATTERN MATCH LEFT OPERAND IS NOT STRING        
FUNCTION RETURN FROM LEVEL ZERO                 
FUNCTION RESULT IN NRETURN IS NOT NAME          
STATEMENT COUNT EXCEEDS VALUE OF STLIMIT KEYWORD
TRANSLATION/EXECUTION TIME EXPIRED              
STACK OVERFLOW                                  
INVALID CONTROL CARD                            
ATTEMPTED REDEFINITION OF SYSTEM FUNCTION       
EXPRESSION EVALUATED BY NAME RETURNED VALUE     
INSUFFICIENT MEMORY TO COMPLETE DUMP            
KEYWORD OPERAND IS NOT NAME OF DEFINED KEYWORD  
ERROR ON PRINTING TO INTERACTIVE CHANNEL        
PRINT LIMIT EXCEEDED ON STANDARD OUTPUT CHANNEL 
ERRONEOUS ARGUMENT FOR HOST                     
ERROR DURING EXECUTION OF HOST                  
SORT/RSORT 1ST ARG NOT SUITABLE ARRAY OR TABLE  
ERRONEOUS 2ND ARG IN SORT/RSORT OF VECTOR       
SORT/RSORT 2ND ARG OUT OF RANGE OR NON-INTEGER  
FENCE ARGUMENT IS NOT PATTERN                   
INTERNAL ERROR                                  
ADDITION CAUSED REAL OVERFLOW                   
DIVISION CAUSED REAL OVERFLOW                   
MULTIPLICATION CAUSED REAL OVERFLOW             
SUBTRACTION CAUSED REAL OVERFLOW                
EXTERNAL FUNCTION ARGUMENT IS NOT REAL          
EXPONENTIATION CAUSED REAL OVERFLOW             
EXPONENTIATION RIGHT OPERAND IS REAL NOT INTEGER
INCONSISTENT VALUE ASSIGNED TO KEYWORD PROFILE  
BUFFER FIRST ARGUMENT IS NOT INTEGER            
BUFFER SECOND ARGUMENT IS NOT STRING OR BUFFER  
BUFFER INITIAL VALUE TOO BIG FOR ALLOCATION     
BUFFER FIRST ARGUMENT IS NOT POSITIVE           
BUFFER SIZE IS TOO BIG                          
REQUESTED BUFFER ALLOCATION EXCEEDS MXLEN       
APPEND FIRST ARGUMENT IS NOT BUFFER             
APPEND SECOND ARGUMENT IS NOT STRING            
INSERT THIRD ARGUMENT NOT INTEGER               
INSERT SECOND ARGUMENT NOT INTEGER              
INSERT FIRST ARGUMENT NOT BUFFER                
INSERT FOURTH ARGUMENT NOT A STRING             
CHAR ARGUMENT NOT INTEGER                       
CHAR ARGUMENT NOT IN RANGE                      
INTERNAL ERROR                                  
INTERNAL ERROR                                  
INTERNAL ERROR                                  
INTERNAL ERROR                                  
INTERNAL ERROR                                  
INTERNAL ERROR                                  
INTERNAL ERROR                                  
INTERNAL ERROR                                  
SET FIRST ARGUMENT IS NOT A SUITABLE NAME       
SET FIRST ARGUMENT IS NULL                      
INAPPROPRIATE SECOND ARGUMENT TO SET            
INAPPROPRIATE THIRD ARGUMENT TO SET             
SET FILE DOES NOT EXIST                         
SET FILE DOES NOT PERMIT SETTING FILE POINTER   
SET CAUSED NON-RECOVERABLE I/O ERROR            
