*****	/usr/mjm/bin/domake[10409] 
cc -c -R version.c
cc -E -O -DVMUNIX -DV7 -DNODATE -DUSGFROM aux.c | /usr/bin/xstr -c -
cc -c -O -DVMUNIX -DV7 -DNODATE -DUSGFROM x.c 
mv x.o aux.o
cc -E -O -DVMUNIX -DV7 -DNODATE -DUSGFROM cmd1.c | /usr/bin/xstr -c -
cc -c -O -DVMUNIX -DV7 -DNODATE -DUSGFROM x.c 
mv x.o cmd1.o
cc -E -O -DVMUNIX -DV7 -DNODATE -DUSGFROM cmd2.c | /usr/bin/xstr -c -
cc -c -O -DVMUNIX -DV7 -DNODATE -DUSGFROM x.c 
mv x.o cmd2.o
cc -E -O -DVMUNIX -DV7 -DNODATE -DUSGFROM cmd3.c | /usr/bin/xstr -c -
cc -c -O -DVMUNIX -DV7 -DNODATE -DUSGFROM x.c 
mv x.o cmd3.o
cc -R -c -O -DVMUNIX -DV7 -DNODATE -DUSGFROM cmdtab.c
cc -E -O -DVMUNIX -DV7 -DNODATE -DUSGFROM collect.c | /usr/bin/xstr -c -
cc -c -O -DVMUNIX -DV7 -DNODATE -DUSGFROM x.c 
mv x.o collect.o
cc -E -O -DVMUNIX -DV7 -DNODATE -DUSGFROM config.c | /usr/bin/xstr -c -
cc -c -O -DVMUNIX -DV7 -DNODATE -DUSGFROM x.c 
mv x.o config.o
cc -E -O -DVMUNIX -DV7 -DNODATE -DUSGFROM edit.c | /usr/bin/xstr -c -
cc -c -O -DVMUNIX -DV7 -DNODATE -DUSGFROM x.c 
mv x.o edit.o
cc -E -O -DVMUNIX -DV7 -DNODATE -DUSGFROM fio.c | /usr/bin/xstr -c -
cc -c -O -DVMUNIX -DV7 -DNODATE -DUSGFROM x.c 
mv x.o fio.o
cc -E -O -DVMUNIX -DV7 -DNODATE -DUSGFROM getname.c | /usr/bin/xstr -c -
cc -c -O -DVMUNIX -DV7 -DNODATE -DUSGFROM x.c 
mv x.o getname.o
cc -E -O -DVMUNIX -DV7 -DNODATE -DUSGFROM head.c | /usr/bin/xstr -c -
cc -c -O -DVMUNIX -DV7 -DNODATE -DUSGFROM x.c 
mv x.o head.o
cc -E -O -DVMUNIX -DV7 -DNODATE -DUSGFROM v7.local.c | /usr/bin/xstr -c -
cc -c -O -DVMUNIX -DV7 -DNODATE -DUSGFROM x.c 
mv x.o v7.local.o
cc -E -O -DVMUNIX -DV7 -DNODATE -DUSGFROM lock.c | /usr/bin/xstr -c -
cc -c -O -DVMUNIX -DV7 -DNODATE -DUSGFROM x.c 
mv x.o lock.o
cc -E -O -DVMUNIX -DV7 -DNODATE -DUSGFROM lex.c | /usr/bin/xstr -c -
cc -c -O -DVMUNIX -DV7 -DNODATE -DUSGFROM x.c 
mv x.o lex.o
cc -E -O -DVMUNIX -DV7 -DNODATE -DUSGFROM list.c | /usr/bin/xstr -c -
cc -c -O -DVMUNIX -DV7 -DNODATE -DUSGFROM x.c 
mv x.o list.o
cc -E -O -DVMUNIX -DV7 -DNODATE -DUSGFROM main.c | /usr/bin/xstr -c -
cc -c -O -DVMUNIX -DV7 -DNODATE -DUSGFROM x.c 
mv x.o main.o
cc -E -O -DVMUNIX -DV7 -DNODATE -DUSGFROM names.c | /usr/bin/xstr -c -
cc -c -O -DVMUNIX -DV7 -DNODATE -DUSGFROM x.c 
mv x.o names.o
cc -E -O -DVMUNIX -DV7 -DNODATE -DUSGFROM optim.c | /usr/bin/xstr -c -
cc -c -O -DVMUNIX -DV7 -DNODATE -DUSGFROM x.c 
mv x.o optim.o
cc -E -O -DVMUNIX -DV7 -DNODATE -DUSGFROM popen.c | /usr/bin/xstr -c -
cc -c -O -DVMUNIX -DV7 -DNODATE -DUSGFROM x.c 
mv x.o popen.o
cc -E -O -DVMUNIX -DV7 -DNODATE -DUSGFROM quit.c | /usr/bin/xstr -c -
cc -c -O -DVMUNIX -DV7 -DNODATE -DUSGFROM x.c 
mv x.o quit.o
cc -E -O -DVMUNIX -DV7 -DNODATE -DUSGFROM send.c | /usr/bin/xstr -c -
cc -c -O -DVMUNIX -DV7 -DNODATE -DUSGFROM x.c 
mv x.o send.o
cc -E -O -DVMUNIX -DV7 -DNODATE -DUSGFROM strings.c | /usr/bin/xstr -c -
cc -c -O -DVMUNIX -DV7 -DNODATE -DUSGFROM x.c 
mv x.o strings.o
cc -E -O -DVMUNIX -DV7 -DNODATE -DUSGFROM temp.c | /usr/bin/xstr -c -
cc -c -O -DVMUNIX -DV7 -DNODATE -DUSGFROM x.c 
mv x.o temp.o
cc -E -O -DVMUNIX -DV7 -DNODATE -DUSGFROM tty.c | /usr/bin/xstr -c -
cc -c -O -DVMUNIX -DV7 -DNODATE -DUSGFROM x.c 
mv x.o tty.o
cc -E -O -DVMUNIX -DV7 -DNODATE -DUSGFROM vars.c | /usr/bin/xstr -c -
cc -c -O -DVMUNIX -DV7 -DNODATE -DUSGFROM x.c 
mv x.o vars.o
/usr/bin/xstr
cc -R -c xs.c
mv xs.o str.o
rm xs.c
cc -E -O -DVMUNIX -DV7 -DNODATE -DUSGFROM 4.2sys.c | /usr/bin/xstr -c -
cc -c -O -DVMUNIX -DV7 -DNODATE -DUSGFROM x.c 
mv x.o 4.2sys.o
rm -f Mail
Loading ...
text	data	bss	dec	hex
70176	3248	17672	91096	163d8
cc fmt.c head.c -o fmt
fmt.c:
head.c:
rm fmt.o head.o
size fmt
text	data	bss	dec	hex
9216	3072	13888	26176	6640
*****			/usr/mjm/bin/domake DONE
